<?xml version="1.0" encoding="UTF-8"?>
<testsuite name="rest.testRestAssured" tests="1" skipped="0" failures="1" errors="0" timestamp="2024-08-07T12:42:32" hostname="Tio-Hizbullah.local" time="9.9">
  <properties/>
  <testcase name="getApi" classname="rest.testRestAssured" time="9.9">
    <failure message="java.lang.AssertionError: 1 expectation failed.&#10;Response body doesn't match expectation.&#10;Expected: The content to match the given JSON schema.&#10;error: instance type (integer) does not match any allowed primitive type (allowed: [&quot;string&quot;])&#10;    level: &quot;error&quot;&#10;    schema: {&quot;loadingURI&quot;:&quot;#&quot;,&quot;pointer&quot;:&quot;/items/properties/userId&quot;}&#10;    instance: {&quot;pointer&quot;:&quot;/0/userId&quot;}&#10;    domain: &quot;validation&quot;&#10;    keyword: &quot;type&quot;&#10;    found: &quot;integer&quot;&#10;    expected: [&quot;string&quot;]&#10;&#10;  Actual: [&#10;  {&#10;    &quot;userId&quot;: 1,&#10;    &quot;id&quot;: 1,&#10;    &quot;title&quot;: &quot;sunt aut facere repellat provident occaecati excepturi optio reprehenderit&quot;,&#10;    &quot;body&quot;: &quot;quia et suscipit\nsuscipit recusandae consequuntur expedita et cum\nreprehenderit molestiae ut ut quas totam\nnostrum rerum est autem sunt rem eveniet architecto&quot;&#10;  },&#10;  {&#10;    &quot;userId&quot;: 1,&#10;    &quot;id&quot;: 2,&#10;    &quot;title&quot;: &quot;qui est esse&quot;,&#10;    &quot;body&quot;: &quot;est rerum tempore vitae\nsequi sint nihil reprehenderit dolor beatae ea dolores neque\nfugiat blanditiis voluptate porro vel nihil molestiae ut reiciendis\nqui aperiam non debitis possimus qui neque nisi nulla&quot;&#10;  },&#10;  {&#10;    &quot;userId&quot;: 1,&#10;    &quot;id&quot;: 3,&#10;    &quot;title&quot;: &quot;ea molestias quasi exercitationem repellat qui ipsa sit aut&quot;,&#10;    &quot;body&quot;: &quot;et iusto sed quo iure\nvoluptatem occaecati omnis eligendi aut ad\nvoluptatem doloribus vel accusantium quis pariatur\nmolestiae porro eius odio et labore et velit aut&quot;&#10;  },&#10;  {&#10;    &quot;userId&quot;: 1,&#10;    &quot;id&quot;: 4,&#10;    &quot;title&quot;: &quot;eum et est occaecati&quot;,&#10;    &quot;body&quot;: &quot;ullam et saepe reiciendis voluptatem adipisci\nsit amet autem assumenda provident rerum culpa\nquis hic commodi nesciunt rem tenetur doloremque ipsam iure\nquis sunt voluptatem rerum illo velit&quot;&#10;  },&#10;  {&#10;    &quot;userId&quot;: 1,&#10;    &quot;id&quot;: 5,&#10;    &quot;title&quot;: &quot;nesciunt quas odio&quot;,&#10;    &quot;body&quot;: &quot;repudiandae veniam quaerat sunt sed\nalias aut fugiat sit autem sed est\nvoluptatem omnis possimus esse voluptatibus quis\nest aut tenetur dolor neque&quot;&#10;  },&#10;  {&#10;    &quot;userId&quot;: 1,&#10;    &quot;id&quot;: 6,&#10;    &quot;title&quot;: &quot;dolorem eum magni eos aperiam quia&quot;,&#10;    &quot;body&quot;: &quot;ut aspernatur corporis harum nihil quis provident sequi\nmollitia nobis aliquid molestiae\nperspiciatis et ea nemo ab reprehenderit accusantium quas\nvoluptate dolores velit et doloremque molestiae&quot;&#10;  },&#10;  {&#10;    &quot;userId&quot;: 1,&#10;    &quot;id&quot;: 7,&#10;    &quot;title&quot;: &quot;magnam facilis autem&quot;,&#10;    &quot;body&quot;: &quot;dolore placeat quibusdam ea quo vitae\nmagni quis enim qui quis quo nemo aut saepe\nquidem repellat excepturi ut quia\nsunt ut sequi eos ea sed quas&quot;&#10;  },&#10;  {&#10;    &quot;userId&quot;: 1,&#10;    &quot;id&quot;: 8,&#10;    &quot;title&quot;: &quot;dolorem dolore est ipsam&quot;,&#10;    &quot;body&quot;: &quot;dignissimos aperiam dolorem qui eum\nfacilis quibusdam animi sint suscipit qui sint possimus cum\nquaerat magni maiores excepturi\nipsam ut commodi dolor voluptatum modi aut vitae&quot;&#10;  },&#10;  {&#10;    &quot;userId&quot;: 1,&#10;    &quot;id&quot;: 9,&#10;    &quot;title&quot;: &quot;nesciunt iure omnis dolorem tempora et accusantium&quot;,&#10;    &quot;body&quot;: &quot;consectetur animi nesciunt iure dolore\nenim quia ad\nveniam autem ut quam aut nobis\net est aut quod aut provident voluptas autem voluptas&quot;&#10;  },&#10;  {&#10;    &quot;userId&quot;: 1,&#10;    &quot;id&quot;: 10,&#10;    &quot;title&quot;: &quot;optio molestias id quia eum&quot;,&#10;    &quot;body&quot;: &quot;quo et expedita modi cum officia vel magni\ndoloribus qui repudiandae\nvero nisi sit\nquos veniam quod sed accusamus veritatis error&quot;&#10;  },&#10;  {&#10;    &quot;userId&quot;: 2,&#10;    &quot;id&quot;: 11,&#10;    &quot;title&quot;: &quot;et ea vero quia laudantium autem&quot;,&#10;    &quot;body&quot;: &quot;delectus reiciendis molestiae occaecati non minima eveniet qui voluptatibus\naccusamus in eum beatae sit\nvel qui neque voluptates ut commodi qui incidunt\nut animi commodi&quot;&#10;  },&#10;  {&#10;    &quot;userId&quot;: 2,&#10;    &quot;id&quot;: 12,&#10;    &quot;title&quot;: &quot;in quibusdam tempore odit est dolorem&quot;,&#10;    &quot;body&quot;: &quot;itaque id aut magnam\npraesentium quia et ea odit et ea voluptas et\nsapiente quia nihil amet occaecati quia id voluptatem\nincidunt ea est distinctio odio&quot;&#10;  },&#10;  {&#10;    &quot;userId&quot;: 2,&#10;    &quot;id&quot;: 13,&#10;    &quot;title&quot;: &quot;dolorum ut in voluptas mollitia et saepe quo animi&quot;,&#10;    &quot;body&quot;: &quot;aut dicta possimus sint mollitia voluptas commodi quo doloremque\niste corrupti reiciendis voluptatem eius rerum\nsit cumque quod eligendi laborum minima\nperferendis recusandae assumenda consectetur porro architecto ipsum ipsam&quot;&#10;  },&#10;  {&#10;    &quot;userId&quot;: 2,&#10;    &quot;id&quot;: 14,&#10;    &quot;title&quot;: &quot;voluptatem eligendi optio&quot;,&#10;    &quot;body&quot;: &quot;fuga et accusamus dolorum perferendis illo voluptas\nnon doloremque neque facere\nad qui dolorum molestiae beatae\nsed aut voluptas totam sit illum&quot;&#10;  },&#10;  {&#10;    &quot;userId&quot;: 2,&#10;    &quot;id&quot;: 15,&#10;    &quot;title&quot;: &quot;eveniet quod temporibus&quot;,&#10;    &quot;body&quot;: &quot;reprehenderit quos placeat\nvelit minima officia dolores impedit repudiandae molestiae nam\nvoluptas recusandae quis delectus\nofficiis harum fugiat vitae&quot;&#10;  },&#10;  {&#10;    &quot;userId&quot;: 2,&#10;    &quot;id&quot;: 16,&#10;    &quot;title&quot;: &quot;sint suscipit perspiciatis velit dolorum rerum ipsa laboriosam odio&quot;,&#10;    &quot;body&quot;: &quot;suscipit nam nisi quo aperiam aut\nasperiores eos fugit maiores voluptatibus quia\nvoluptatem quis ullam qui in alias quia est\nconsequatur magni mollitia accusamus ea nisi voluptate dicta&quot;&#10;  },&#10;  {&#10;    &quot;userId&quot;: 2,&#10;    &quot;id&quot;: 17,&#10;    &quot;title&quot;: &quot;fugit voluptas sed molestias voluptatem provident&quot;,&#10;    &quot;body&quot;: &quot;eos voluptas et aut odit natus earum\naspernatur fuga molestiae ullam\ndeserunt ratione qui eos\nqui nihil ratione nemo velit ut aut id quo&quot;&#10;  },&#10;  {&#10;    &quot;userId&quot;: 2,&#10;    &quot;id&quot;: 18,&#10;    &quot;title&quot;: &quot;voluptate et itaque vero tempora molestiae&quot;,&#10;    &quot;body&quot;: &quot;eveniet quo quis\nlaborum totam consequatur non dolor\nut et est repudiandae\nest voluptatem vel debitis et magnam&quot;&#10;  },&#10;  {&#10;    &quot;userId&quot;: 2,&#10;    &quot;id&quot;: 19,&#10;    &quot;title&quot;: &quot;adipisci placeat illum aut reiciendis qui&quot;,&#10;    &quot;body&quot;: &quot;illum quis cupiditate provident sit magnam\nea sed aut omnis\nveniam maiores ullam consequatur atque\nadipisci quo iste expedita sit quos voluptas&quot;&#10;  },&#10;  {&#10;    &quot;userId&quot;: 2,&#10;    &quot;id&quot;: 20,&#10;    &quot;title&quot;: &quot;doloribus ad provident suscipit at&quot;,&#10;    &quot;body&quot;: &quot;qui consequuntur ducimus possimus quisquam amet similique\nsuscipit porro ipsam amet\neos veritatis officiis exercitationem vel fugit aut necessitatibus totam\nomnis rerum consequatur expedita quidem cumque explicabo&quot;&#10;  },&#10;  {&#10;    &quot;userId&quot;: 3,&#10;    &quot;id&quot;: 21,&#10;    &quot;title&quot;: &quot;asperiores ea ipsam voluptatibus modi minima quia sint&quot;,&#10;    &quot;body&quot;: &quot;repellat aliquid praesentium dolorem quo\nsed totam minus non itaque\nnihil labore molestiae sunt dolor eveniet hic recusandae veniam\ntempora et tenetur expedita sunt&quot;&#10;  },&#10;  {&#10;    &quot;userId&quot;: 3,&#10;    &quot;id&quot;: 22,&#10;    &quot;title&quot;: &quot;dolor sint quo a velit explicabo quia nam&quot;,&#10;    &quot;body&quot;: &quot;eos qui et ipsum ipsam suscipit aut\nsed omnis non odio\nexpedita earum mollitia molestiae aut atque rem suscipit\nnam impedit esse&quot;&#10;  },&#10;  {&#10;    &quot;userId&quot;: 3,&#10;    &quot;id&quot;: 23,&#10;    &quot;title&quot;: &quot;maxime id vitae nihil numquam&quot;,&#10;    &quot;body&quot;: &quot;veritatis unde neque eligendi\nquae quod architecto quo neque vitae\nest illo sit tempora doloremque fugit quod\net et vel beatae sequi ullam sed tenetur perspiciatis&quot;&#10;  },&#10;  {&#10;    &quot;userId&quot;: 3,&#10;    &quot;id&quot;: 24,&#10;    &quot;title&quot;: &quot;autem hic labore sunt dolores incidunt&quot;,&#10;    &quot;body&quot;: &quot;enim et ex nulla\nomnis voluptas quia qui\nvoluptatem consequatur numquam aliquam sunt\ntotam recusandae id dignissimos aut sed asperiores deserunt&quot;&#10;  },&#10;  {&#10;    &quot;userId&quot;: 3,&#10;    &quot;id&quot;: 25,&#10;    &quot;title&quot;: &quot;rem alias distinctio quo quis&quot;,&#10;    &quot;body&quot;: &quot;ullam consequatur ut\nomnis quis sit vel consequuntur\nipsa eligendi ipsum molestiae et omnis error nostrum\nmolestiae illo tempore quia et distinctio&quot;&#10;  },&#10;  {&#10;    &quot;userId&quot;: 3,&#10;    &quot;id&quot;: 26,&#10;    &quot;title&quot;: &quot;est et quae odit qui non&quot;,&#10;    &quot;body&quot;: &quot;similique esse doloribus nihil accusamus\nomnis dolorem fuga consequuntur reprehenderit fugit recusandae temporibus\nperspiciatis cum ut laudantium\nomnis aut molestiae vel vero&quot;&#10;  },&#10;  {&#10;    &quot;userId&quot;: 3,&#10;    &quot;id&quot;: 27,&#10;    &quot;title&quot;: &quot;quasi id et eos tenetur aut quo autem&quot;,&#10;    &quot;body&quot;: &quot;eum sed dolores ipsam sint possimus debitis occaecati\ndebitis qui qui et\nut placeat enim earum aut odit facilis\nconsequatur suscipit necessitatibus rerum sed inventore temporibus consequatur&quot;&#10;  },&#10;  {&#10;    &quot;userId&quot;: 3,&#10;    &quot;id&quot;: 28,&#10;    &quot;title&quot;: &quot;delectus ullam et corporis nulla voluptas sequi&quot;,&#10;    &quot;body&quot;: &quot;non et quaerat ex quae ad maiores\nmaiores recusandae totam aut blanditiis mollitia quas illo\nut voluptatibus voluptatem\nsimilique nostrum eum&quot;&#10;  },&#10;  {&#10;    &quot;userId&quot;: 3,&#10;    &quot;id&quot;: 29,&#10;    &quot;title&quot;: &quot;iusto eius quod necessitatibus culpa ea&quot;,&#10;    &quot;body&quot;: &quot;odit magnam ut saepe sed non qui\ntempora atque nihil\naccusamus illum doloribus illo dolor\neligendi repudiandae odit magni similique sed cum maiores&quot;&#10;  },&#10;  {&#10;    &quot;userId&quot;: 3,&#10;    &quot;id&quot;: 30,&#10;    &quot;title&quot;: &quot;a quo magni similique perferendis&quot;,&#10;    &quot;body&quot;: &quot;alias dolor cumque\nimpedit blanditiis non eveniet odio maxime\nblanditiis amet eius quis tempora quia autem rem\na provident perspiciatis quia&quot;&#10;  },&#10;  {&#10;    &quot;userId&quot;: 4,&#10;    &quot;id&quot;: 31,&#10;    &quot;title&quot;: &quot;ullam ut quidem id aut vel consequuntur&quot;,&#10;    &quot;body&quot;: &quot;debitis eius sed quibusdam non quis consectetur vitae\nimpedit ut qui consequatur sed aut in\nquidem sit nostrum et maiores adipisci atque\nquaerat voluptatem adipisci repudiandae&quot;&#10;  },&#10;  {&#10;    &quot;userId&quot;: 4,&#10;    &quot;id&quot;: 32,&#10;    &quot;title&quot;: &quot;doloremque illum aliquid sunt&quot;,&#10;    &quot;body&quot;: &quot;deserunt eos nobis asperiores et hic\nest debitis repellat molestiae optio\nnihil ratione ut eos beatae quibusdam distinctio maiores\nearum voluptates et aut adipisci ea maiores voluptas maxime&quot;&#10;  },&#10;  {&#10;    &quot;userId&quot;: 4,&#10;    &quot;id&quot;: 33,&#10;    &quot;title&quot;: &quot;qui explicabo molestiae dolorem&quot;,&#10;    &quot;body&quot;: &quot;rerum ut et numquam laborum odit est sit\nid qui sint in\nquasi tenetur tempore aperiam et quaerat qui in\nrerum officiis sequi cumque quod&quot;&#10;  },&#10;  {&#10;    &quot;userId&quot;: 4,&#10;    &quot;id&quot;: 34,&#10;    &quot;title&quot;: &quot;magnam ut rerum iure&quot;,&#10;    &quot;body&quot;: &quot;ea velit perferendis earum ut voluptatem voluptate itaque iusto\ntotam pariatur in\nnemo voluptatem voluptatem autem magni tempora minima in\nest distinctio qui assumenda accusamus dignissimos officia nesciunt nobis&quot;&#10;  },&#10;  {&#10;    &quot;userId&quot;: 4,&#10;    &quot;id&quot;: 35,&#10;    &quot;title&quot;: &quot;id nihil consequatur molestias animi provident&quot;,&#10;    &quot;body&quot;: &quot;nisi error delectus possimus ut eligendi vitae\nplaceat eos harum cupiditate facilis reprehenderit voluptatem beatae\nmodi ducimus quo illum voluptas eligendi\net nobis quia fugit&quot;&#10;  },&#10;  {&#10;    &quot;userId&quot;: 4,&#10;    &quot;id&quot;: 36,&#10;    &quot;title&quot;: &quot;fuga nam accusamus voluptas reiciendis itaque&quot;,&#10;    &quot;body&quot;: &quot;ad mollitia et omnis minus architecto odit\nvoluptas doloremque maxime aut non ipsa qui alias veniam\nblanditiis culpa aut quia nihil cumque facere et occaecati\nqui aspernatur quia eaque ut aperiam inventore&quot;&#10;  },&#10;  {&#10;    &quot;userId&quot;: 4,&#10;    &quot;id&quot;: 37,&#10;    &quot;title&quot;: &quot;provident vel ut sit ratione est&quot;,&#10;    &quot;body&quot;: &quot;debitis et eaque non officia sed nesciunt pariatur vel\nvoluptatem iste vero et ea\nnumquam aut expedita ipsum nulla in\nvoluptates omnis consequatur aut enim officiis in quam qui&quot;&#10;  },&#10;  {&#10;    &quot;userId&quot;: 4,&#10;    &quot;id&quot;: 38,&#10;    &quot;title&quot;: &quot;explicabo et eos deleniti nostrum ab id repellendus&quot;,&#10;    &quot;body&quot;: &quot;animi esse sit aut sit nesciunt assumenda eum voluptas\nquia voluptatibus provident quia necessitatibus ea\nrerum repudiandae quia voluptatem delectus fugit aut id quia\nratione optio eos iusto veniam iure&quot;&#10;  },&#10;  {&#10;    &quot;userId&quot;: 4,&#10;    &quot;id&quot;: 39,&#10;    &quot;title&quot;: &quot;eos dolorem iste accusantium est eaque quam&quot;,&#10;    &quot;body&quot;: &quot;corporis rerum ducimus vel eum accusantium\nmaxime aspernatur a porro possimus iste omnis\nest in deleniti asperiores fuga aut\nvoluptas sapiente vel dolore minus voluptatem incidunt ex&quot;&#10;  },&#10;  {&#10;    &quot;userId&quot;: 4,&#10;    &quot;id&quot;: 40,&#10;    &quot;title&quot;: &quot;enim quo cumque&quot;,&#10;    &quot;body&quot;: &quot;ut voluptatum aliquid illo tenetur nemo sequi quo facilis\nipsum rem optio mollitia quas\nvoluptatem eum voluptas qui\nunde omnis voluptatem iure quasi maxime voluptas nam&quot;&#10;  },&#10;  {&#10;    &quot;userId&quot;: 5,&#10;    &quot;id&quot;: 41,&#10;    &quot;title&quot;: &quot;non est facere&quot;,&#10;    &quot;body&quot;: &quot;molestias id nostrum\nexcepturi molestiae dolore omnis repellendus quaerat saepe\nconsectetur iste quaerat tenetur asperiores accusamus ex ut\nnam quidem est ducimus sunt debitis saepe&quot;&#10;  },&#10;  {&#10;    &quot;userId&quot;: 5,&#10;    &quot;id&quot;: 42,&#10;    &quot;title&quot;: &quot;commodi ullam sint et excepturi error explicabo praesentium voluptas&quot;,&#10;    &quot;body&quot;: &quot;odio fugit voluptatum ducimus earum autem est incidunt voluptatem\nodit reiciendis aliquam sunt sequi nulla dolorem\nnon facere repellendus voluptates quia\nratione harum vitae ut&quot;&#10;  },&#10;  {&#10;    &quot;userId&quot;: 5,&#10;    &quot;id&quot;: 43,&#10;    &quot;title&quot;: &quot;eligendi iste nostrum consequuntur adipisci praesentium sit beatae perferendis&quot;,&#10;    &quot;body&quot;: &quot;similique fugit est\nillum et dolorum harum et voluptate eaque quidem\nexercitationem quos nam commodi possimus cum odio nihil nulla\ndolorum exercitationem magnam ex et a et distinctio debitis&quot;&#10;  },&#10;  {&#10;    &quot;userId&quot;: 5,&#10;    &quot;id&quot;: 44,&#10;    &quot;title&quot;: &quot;optio dolor molestias sit&quot;,&#10;    &quot;body&quot;: &quot;temporibus est consectetur dolore\net libero debitis vel velit laboriosam quia\nipsum quibusdam qui itaque fuga rem aut\nea et iure quam sed maxime ut distinctio quae&quot;&#10;  },&#10;  {&#10;    &quot;userId&quot;: 5,&#10;    &quot;id&quot;: 45,&#10;    &quot;title&quot;: &quot;ut numquam possimus omnis eius suscipit laudantium iure&quot;,&#10;    &quot;body&quot;: &quot;est natus reiciendis nihil possimus aut provident\nex et dolor\nrepellat pariatur est\nnobis rerum repellendus dolorem autem&quot;&#10;  },&#10;  {&#10;    &quot;userId&quot;: 5,&#10;    &quot;id&quot;: 46,&#10;    &quot;title&quot;: &quot;aut quo modi neque nostrum ducimus&quot;,&#10;    &quot;body&quot;: &quot;voluptatem quisquam iste\nvoluptatibus natus officiis facilis dolorem\nquis quas ipsam\nvel et voluptatum in aliquid&quot;&#10;  },&#10;  {&#10;    &quot;userId&quot;: 5,&#10;    &quot;id&quot;: 47,&#10;    &quot;title&quot;: &quot;quibusdam cumque rem aut deserunt&quot;,&#10;    &quot;body&quot;: &quot;voluptatem assumenda ut qui ut cupiditate aut impedit veniam\noccaecati nemo illum voluptatem laudantium\nmolestiae beatae rerum ea iure soluta nostrum\neligendi et voluptate&quot;&#10;  },&#10;  {&#10;    &quot;userId&quot;: 5,&#10;    &quot;id&quot;: 48,&#10;    &quot;title&quot;: &quot;ut voluptatem illum ea doloribus itaque eos&quot;,&#10;    &quot;body&quot;: &quot;voluptates quo voluptatem facilis iure occaecati\nvel assumenda rerum officia et\nillum perspiciatis ab deleniti\nlaudantium repellat ad ut et autem reprehenderit&quot;&#10;  },&#10;  {&#10;    &quot;userId&quot;: 5,&#10;    &quot;id&quot;: 49,&#10;    &quot;title&quot;: &quot;laborum non sunt aut ut assumenda perspiciatis voluptas&quot;,&#10;    &quot;body&quot;: &quot;inventore ab sint\nnatus fugit id nulla sequi architecto nihil quaerat\neos tenetur in in eum veritatis non\nquibusdam officiis aspernatur cumque aut commodi aut&quot;&#10;  },&#10;  {&#10;    &quot;userId&quot;: 5,&#10;    &quot;id&quot;: 50,&#10;    &quot;title&quot;: &quot;repellendus qui recusandae incidunt voluptates tenetur qui omnis exercitationem&quot;,&#10;    &quot;body&quot;: &quot;error suscipit maxime adipisci consequuntur recusandae\nvoluptas eligendi et est et voluptates\nquia distinctio ab amet quaerat molestiae et vitae\nadipisci impedit sequi nesciunt quis consectetur&quot;&#10;  },&#10;  {&#10;    &quot;userId&quot;: 6,&#10;    &quot;id&quot;: 51,&#10;    &quot;title&quot;: &quot;soluta aliquam aperiam consequatur illo quis voluptas&quot;,&#10;    &quot;body&quot;: &quot;sunt dolores aut doloribus\ndolore doloribus voluptates tempora et\ndoloremque et quo\ncum asperiores sit consectetur dolorem&quot;&#10;  },&#10;  {&#10;    &quot;userId&quot;: 6,&#10;    &quot;id&quot;: 52,&#10;    &quot;title&quot;: &quot;qui enim et consequuntur quia animi quis voluptate quibusdam&quot;,&#10;    &quot;body&quot;: &quot;iusto est quibusdam fuga quas quaerat molestias\na enim ut sit accusamus enim\ntemporibus iusto accusantium provident architecto\nsoluta esse reprehenderit qui laborum&quot;&#10;  },&#10;  {&#10;    &quot;userId&quot;: 6,&#10;    &quot;id&quot;: 53,&#10;    &quot;title&quot;: &quot;ut quo aut ducimus alias&quot;,&#10;    &quot;body&quot;: &quot;minima harum praesentium eum rerum illo dolore\nquasi exercitationem rerum nam\nporro quis neque quo\nconsequatur minus dolor quidem veritatis sunt non explicabo similique&quot;&#10;  },&#10;  {&#10;    &quot;userId&quot;: 6,&#10;    &quot;id&quot;: 54,&#10;    &quot;title&quot;: &quot;sit asperiores ipsam eveniet odio non quia&quot;,&#10;    &quot;body&quot;: &quot;totam corporis dignissimos\nvitae dolorem ut occaecati accusamus\nex velit deserunt\net exercitationem vero incidunt corrupti mollitia&quot;&#10;  },&#10;  {&#10;    &quot;userId&quot;: 6,&#10;    &quot;id&quot;: 55,&#10;    &quot;title&quot;: &quot;sit vel voluptatem et non libero&quot;,&#10;    &quot;body&quot;: &quot;debitis excepturi ea perferendis harum libero optio\neos accusamus cum fuga ut sapiente repudiandae\net ut incidunt omnis molestiae\nnihil ut eum odit&quot;&#10;  },&#10;  {&#10;    &quot;userId&quot;: 6,&#10;    &quot;id&quot;: 56,&#10;    &quot;title&quot;: &quot;qui et at rerum necessitatibus&quot;,&#10;    &quot;body&quot;: &quot;aut est omnis dolores\nneque rerum quod ea rerum velit pariatur beatae excepturi\net provident voluptas corrupti\ncorporis harum reprehenderit dolores eligendi&quot;&#10;  },&#10;  {&#10;    &quot;userId&quot;: 6,&#10;    &quot;id&quot;: 57,&#10;    &quot;title&quot;: &quot;sed ab est est&quot;,&#10;    &quot;body&quot;: &quot;at pariatur consequuntur earum quidem\nquo est laudantium soluta voluptatem\nqui ullam et est\net cum voluptas voluptatum repellat est&quot;&#10;  },&#10;  {&#10;    &quot;userId&quot;: 6,&#10;    &quot;id&quot;: 58,&#10;    &quot;title&quot;: &quot;voluptatum itaque dolores nisi et quasi&quot;,&#10;    &quot;body&quot;: &quot;veniam voluptatum quae adipisci id\net id quia eos ad et dolorem\naliquam quo nisi sunt eos impedit error\nad similique veniam&quot;&#10;  },&#10;  {&#10;    &quot;userId&quot;: 6,&#10;    &quot;id&quot;: 59,&#10;    &quot;title&quot;: &quot;qui commodi dolor at maiores et quis id accusantium&quot;,&#10;    &quot;body&quot;: &quot;perspiciatis et quam ea autem temporibus non voluptatibus qui\nbeatae a earum officia nesciunt dolores suscipit voluptas et\nanimi doloribus cum rerum quas et magni\net hic ut ut commodi expedita sunt&quot;&#10;  },&#10;  {&#10;    &quot;userId&quot;: 6,&#10;    &quot;id&quot;: 60,&#10;    &quot;title&quot;: &quot;consequatur placeat omnis quisquam quia reprehenderit fugit veritatis facere&quot;,&#10;    &quot;body&quot;: &quot;asperiores sunt ab assumenda cumque modi velit\nqui esse omnis\nvoluptate et fuga perferendis voluptas\nillo ratione amet aut et omnis&quot;&#10;  },&#10;  {&#10;    &quot;userId&quot;: 7,&#10;    &quot;id&quot;: 61,&#10;    &quot;title&quot;: &quot;voluptatem doloribus consectetur est ut ducimus&quot;,&#10;    &quot;body&quot;: &quot;ab nemo optio odio\ndelectus tenetur corporis similique nobis repellendus rerum omnis facilis\nvero blanditiis debitis in nesciunt doloribus dicta dolores\nmagnam minus velit&quot;&#10;  },&#10;  {&#10;    &quot;userId&quot;: 7,&#10;    &quot;id&quot;: 62,&#10;    &quot;title&quot;: &quot;beatae enim quia vel&quot;,&#10;    &quot;body&quot;: &quot;enim aspernatur illo distinctio quae praesentium\nbeatae alias amet delectus qui voluptate distinctio\nodit sint accusantium autem omnis\nquo molestiae omnis ea eveniet optio&quot;&#10;  },&#10;  {&#10;    &quot;userId&quot;: 7,&#10;    &quot;id&quot;: 63,&#10;    &quot;title&quot;: &quot;voluptas blanditiis repellendus animi ducimus error sapiente et suscipit&quot;,&#10;    &quot;body&quot;: &quot;enim adipisci aspernatur nemo\nnumquam omnis facere dolorem dolor ex quis temporibus incidunt\nab delectus culpa quo reprehenderit blanditiis asperiores\naccusantium ut quam in voluptatibus voluptas ipsam dicta&quot;&#10;  },&#10;  {&#10;    &quot;userId&quot;: 7,&#10;    &quot;id&quot;: 64,&#10;    &quot;title&quot;: &quot;et fugit quas eum in in aperiam quod&quot;,&#10;    &quot;body&quot;: &quot;id velit blanditiis\neum ea voluptatem\nmolestiae sint occaecati est eos perspiciatis\nincidunt a error provident eaque aut aut qui&quot;&#10;  },&#10;  {&#10;    &quot;userId&quot;: 7,&#10;    &quot;id&quot;: 65,&#10;    &quot;title&quot;: &quot;consequatur id enim sunt et et&quot;,&#10;    &quot;body&quot;: &quot;voluptatibus ex esse\nsint explicabo est aliquid cumque adipisci fuga repellat labore\nmolestiae corrupti ex saepe at asperiores et perferendis\nnatus id esse incidunt pariatur&quot;&#10;  },&#10;  {&#10;    &quot;userId&quot;: 7,&#10;    &quot;id&quot;: 66,&#10;    &quot;title&quot;: &quot;repudiandae ea animi iusto&quot;,&#10;    &quot;body&quot;: &quot;officia veritatis tenetur vero qui itaque\nsint non ratione\nsed et ut asperiores iusto eos molestiae nostrum\nveritatis quibusdam et nemo iusto saepe&quot;&#10;  },&#10;  {&#10;    &quot;userId&quot;: 7,&#10;    &quot;id&quot;: 67,&#10;    &quot;title&quot;: &quot;aliquid eos sed fuga est maxime repellendus&quot;,&#10;    &quot;body&quot;: &quot;reprehenderit id nostrum\nvoluptas doloremque pariatur sint et accusantium quia quod aspernatur\net fugiat amet\nnon sapiente et consequatur necessitatibus molestiae&quot;&#10;  },&#10;  {&#10;    &quot;userId&quot;: 7,&#10;    &quot;id&quot;: 68,&#10;    &quot;title&quot;: &quot;odio quis facere architecto reiciendis optio&quot;,&#10;    &quot;body&quot;: &quot;magnam molestiae perferendis quisquam\nqui cum reiciendis\nquaerat animi amet hic inventore\nea quia deleniti quidem saepe porro velit&quot;&#10;  },&#10;  {&#10;    &quot;userId&quot;: 7,&#10;    &quot;id&quot;: 69,&#10;    &quot;title&quot;: &quot;fugiat quod pariatur odit minima&quot;,&#10;    &quot;body&quot;: &quot;officiis error culpa consequatur modi asperiores et\ndolorum assumenda voluptas et vel qui aut vel rerum\nvoluptatum quisquam perspiciatis quia rerum consequatur totam quas\nsequi commodi repudiandae asperiores et saepe a&quot;&#10;  },&#10;  {&#10;    &quot;userId&quot;: 7,&#10;    &quot;id&quot;: 70,&#10;    &quot;title&quot;: &quot;voluptatem laborum magni&quot;,&#10;    &quot;body&quot;: &quot;sunt repellendus quae\nest asperiores aut deleniti esse accusamus repellendus quia aut\nquia dolorem unde\neum tempora esse dolore&quot;&#10;  },&#10;  {&#10;    &quot;userId&quot;: 8,&#10;    &quot;id&quot;: 71,&#10;    &quot;title&quot;: &quot;et iusto veniam et illum aut fuga&quot;,&#10;    &quot;body&quot;: &quot;occaecati a doloribus\niste saepe consectetur placeat eum voluptate dolorem et\nqui quo quia voluptas\nrerum ut id enim velit est perferendis&quot;&#10;  },&#10;  {&#10;    &quot;userId&quot;: 8,&#10;    &quot;id&quot;: 72,&#10;    &quot;title&quot;: &quot;sint hic doloribus consequatur eos non id&quot;,&#10;    &quot;body&quot;: &quot;quam occaecati qui deleniti consectetur\nconsequatur aut facere quas exercitationem aliquam hic voluptas\nneque id sunt ut aut accusamus\nsunt consectetur expedita inventore velit&quot;&#10;  },&#10;  {&#10;    &quot;userId&quot;: 8,&#10;    &quot;id&quot;: 73,&#10;    &quot;title&quot;: &quot;consequuntur deleniti eos quia temporibus ab aliquid at&quot;,&#10;    &quot;body&quot;: &quot;voluptatem cumque tenetur consequatur expedita ipsum nemo quia explicabo\naut eum minima consequatur\ntempore cumque quae est et\net in consequuntur voluptatem voluptates aut&quot;&#10;  },&#10;  {&#10;    &quot;userId&quot;: 8,&#10;    &quot;id&quot;: 74,&#10;    &quot;title&quot;: &quot;enim unde ratione doloribus quas enim ut sit sapiente&quot;,&#10;    &quot;body&quot;: &quot;odit qui et et necessitatibus sint veniam\nmollitia amet doloremque molestiae commodi similique magnam et quam\nblanditiis est itaque\nquo et tenetur ratione occaecati molestiae tempora&quot;&#10;  },&#10;  {&#10;    &quot;userId&quot;: 8,&#10;    &quot;id&quot;: 75,&#10;    &quot;title&quot;: &quot;dignissimos eum dolor ut enim et delectus in&quot;,&#10;    &quot;body&quot;: &quot;commodi non non omnis et voluptas sit\nautem aut nobis magnam et sapiente voluptatem\net laborum repellat qui delectus facilis temporibus\nrerum amet et nemo voluptate expedita adipisci error dolorem&quot;&#10;  },&#10;  {&#10;    &quot;userId&quot;: 8,&#10;    &quot;id&quot;: 76,&#10;    &quot;title&quot;: &quot;doloremque officiis ad et non perferendis&quot;,&#10;    &quot;body&quot;: &quot;ut animi facere\ntotam iusto tempore\nmolestiae eum aut et dolorem aperiam\nquaerat recusandae totam odio&quot;&#10;  },&#10;  {&#10;    &quot;userId&quot;: 8,&#10;    &quot;id&quot;: 77,&#10;    &quot;title&quot;: &quot;necessitatibus quasi exercitationem odio&quot;,&#10;    &quot;body&quot;: &quot;modi ut in nulla repudiandae dolorum nostrum eos\naut consequatur omnis\nut incidunt est omnis iste et quam\nvoluptates sapiente aliquam asperiores nobis amet corrupti repudiandae provident&quot;&#10;  },&#10;  {&#10;    &quot;userId&quot;: 8,&#10;    &quot;id&quot;: 78,&#10;    &quot;title&quot;: &quot;quam voluptatibus rerum veritatis&quot;,&#10;    &quot;body&quot;: &quot;nobis facilis odit tempore cupiditate quia\nassumenda doloribus rerum qui ea\nillum et qui totam\naut veniam repellendus&quot;&#10;  },&#10;  {&#10;    &quot;userId&quot;: 8,&#10;    &quot;id&quot;: 79,&#10;    &quot;title&quot;: &quot;pariatur consequatur quia magnam autem omnis non amet&quot;,&#10;    &quot;body&quot;: &quot;libero accusantium et et facere incidunt sit dolorem\nnon excepturi qui quia sed laudantium\nquisquam molestiae ducimus est\nofficiis esse molestiae iste et quos&quot;&#10;  },&#10;  {&#10;    &quot;userId&quot;: 8,&#10;    &quot;id&quot;: 80,&#10;    &quot;title&quot;: &quot;labore in ex et explicabo corporis aut quas&quot;,&#10;    &quot;body&quot;: &quot;ex quod dolorem ea eum iure qui provident amet\nquia qui facere excepturi et repudiandae\nasperiores molestias provident\nminus incidunt vero fugit rerum sint sunt excepturi provident&quot;&#10;  },&#10;  {&#10;    &quot;userId&quot;: 9,&#10;    &quot;id&quot;: 81,&#10;    &quot;title&quot;: &quot;tempora rem veritatis voluptas quo dolores vero&quot;,&#10;    &quot;body&quot;: &quot;facere qui nesciunt est voluptatum voluptatem nisi\nsequi eligendi necessitatibus ea at rerum itaque\nharum non ratione velit laboriosam quis consequuntur\nex officiis minima doloremque voluptas ut aut&quot;&#10;  },&#10;  {&#10;    &quot;userId&quot;: 9,&#10;    &quot;id&quot;: 82,&#10;    &quot;title&quot;: &quot;laudantium voluptate suscipit sunt enim enim&quot;,&#10;    &quot;body&quot;: &quot;ut libero sit aut totam inventore sunt\nporro sint qui sunt molestiae\nconsequatur cupiditate qui iste ducimus adipisci\ndolor enim assumenda soluta laboriosam amet iste delectus hic&quot;&#10;  },&#10;  {&#10;    &quot;userId&quot;: 9,&#10;    &quot;id&quot;: 83,&#10;    &quot;title&quot;: &quot;odit et voluptates doloribus alias odio et&quot;,&#10;    &quot;body&quot;: &quot;est molestiae facilis quis tempora numquam nihil qui\nvoluptate sapiente consequatur est qui\nnecessitatibus autem aut ipsa aperiam modi dolore numquam\nreprehenderit eius rem quibusdam&quot;&#10;  },&#10;  {&#10;    &quot;userId&quot;: 9,&#10;    &quot;id&quot;: 84,&#10;    &quot;title&quot;: &quot;optio ipsam molestias necessitatibus occaecati facilis veritatis dolores aut&quot;,&#10;    &quot;body&quot;: &quot;sint molestiae magni a et quos\neaque et quasi\nut rerum debitis similique veniam\nrecusandae dignissimos dolor incidunt consequatur odio&quot;&#10;  },&#10;  {&#10;    &quot;userId&quot;: 9,&#10;    &quot;id&quot;: 85,&#10;    &quot;title&quot;: &quot;dolore veritatis porro provident adipisci blanditiis et sunt&quot;,&#10;    &quot;body&quot;: &quot;similique sed nisi voluptas iusto omnis\nmollitia et quo\nassumenda suscipit officia magnam sint sed tempora\nenim provident pariatur praesentium atque animi amet ratione&quot;&#10;  },&#10;  {&#10;    &quot;userId&quot;: 9,&#10;    &quot;id&quot;: 86,&#10;    &quot;title&quot;: &quot;placeat quia et porro iste&quot;,&#10;    &quot;body&quot;: &quot;quasi excepturi consequatur iste autem temporibus sed molestiae beatae\net quaerat et esse ut\nvoluptatem occaecati et vel explicabo autem\nasperiores pariatur deserunt optio&quot;&#10;  },&#10;  {&#10;    &quot;userId&quot;: 9,&#10;    &quot;id&quot;: 87,&#10;    &quot;title&quot;: &quot;nostrum quis quasi placeat&quot;,&#10;    &quot;body&quot;: &quot;eos et molestiae\nnesciunt ut a\ndolores perspiciatis repellendus repellat aliquid\nmagnam sint rem ipsum est&quot;&#10;  },&#10;  {&#10;    &quot;userId&quot;: 9,&#10;    &quot;id&quot;: 88,&#10;    &quot;title&quot;: &quot;sapiente omnis fugit eos&quot;,&#10;    &quot;body&quot;: &quot;consequatur omnis est praesentium\nducimus non iste\nneque hic deserunt\nvoluptatibus veniam cum et rerum sed&quot;&#10;  },&#10;  {&#10;    &quot;userId&quot;: 9,&#10;    &quot;id&quot;: 89,&#10;    &quot;title&quot;: &quot;sint soluta et vel magnam aut ut sed qui&quot;,&#10;    &quot;body&quot;: &quot;repellat aut aperiam totam temporibus autem et\narchitecto magnam ut\nconsequatur qui cupiditate rerum quia soluta dignissimos nihil iure\ntempore quas est&quot;&#10;  },&#10;  {&#10;    &quot;userId&quot;: 9,&#10;    &quot;id&quot;: 90,&#10;    &quot;title&quot;: &quot;ad iusto omnis odit dolor voluptatibus&quot;,&#10;    &quot;body&quot;: &quot;minus omnis soluta quia\nqui sed adipisci voluptates illum ipsam voluptatem\neligendi officia ut in\neos soluta similique molestias praesentium blanditiis&quot;&#10;  },&#10;  {&#10;    &quot;userId&quot;: 10,&#10;    &quot;id&quot;: 91,&#10;    &quot;title&quot;: &quot;aut amet sed&quot;,&#10;    &quot;body&quot;: &quot;libero voluptate eveniet aperiam sed\nsunt placeat suscipit molestias\nsimilique fugit nam natus\nexpedita consequatur consequatur dolores quia eos et placeat&quot;&#10;  },&#10;  {&#10;    &quot;userId&quot;: 10,&#10;    &quot;id&quot;: 92,&#10;    &quot;title&quot;: &quot;ratione ex tenetur perferendis&quot;,&#10;    &quot;body&quot;: &quot;aut et excepturi dicta laudantium sint rerum nihil\nlaudantium et at\na neque minima officia et similique libero et\ncommodi voluptate qui&quot;&#10;  },&#10;  {&#10;    &quot;userId&quot;: 10,&#10;    &quot;id&quot;: 93,&#10;    &quot;title&quot;: &quot;beatae soluta recusandae&quot;,&#10;    &quot;body&quot;: &quot;dolorem quibusdam ducimus consequuntur dicta aut quo laboriosam\nvoluptatem quis enim recusandae ut sed sunt\nnostrum est odit totam\nsit error sed sunt eveniet provident qui nulla&quot;&#10;  },&#10;  {&#10;    &quot;userId&quot;: 10,&#10;    &quot;id&quot;: 94,&#10;    &quot;title&quot;: &quot;qui qui voluptates illo iste minima&quot;,&#10;    &quot;body&quot;: &quot;aspernatur expedita soluta quo ab ut similique\nexpedita dolores amet\nsed temporibus distinctio magnam saepe deleniti\nomnis facilis nam ipsum natus sint similique omnis&quot;&#10;  },&#10;  {&#10;    &quot;userId&quot;: 10,&#10;    &quot;id&quot;: 95,&#10;    &quot;title&quot;: &quot;id minus libero illum nam ad officiis&quot;,&#10;    &quot;body&quot;: &quot;earum voluptatem facere provident blanditiis velit laboriosam\npariatur accusamus odio saepe\ncumque dolor qui a dicta ab doloribus consequatur omnis\ncorporis cupiditate eaque assumenda ad nesciunt&quot;&#10;  },&#10;  {&#10;    &quot;userId&quot;: 10,&#10;    &quot;id&quot;: 96,&#10;    &quot;title&quot;: &quot;quaerat velit veniam amet cupiditate aut numquam ut sequi&quot;,&#10;    &quot;body&quot;: &quot;in non odio excepturi sint eum\nlabore voluptates vitae quia qui et\ninventore itaque rerum\nveniam non exercitationem delectus aut&quot;&#10;  },&#10;  {&#10;    &quot;userId&quot;: 10,&#10;    &quot;id&quot;: 97,&#10;    &quot;title&quot;: &quot;quas fugiat ut perspiciatis vero provident&quot;,&#10;    &quot;body&quot;: &quot;eum non blanditiis soluta porro quibusdam voluptas\nvel voluptatem qui placeat dolores qui velit aut\nvel inventore aut cumque culpa explicabo aliquid at\nperspiciatis est et voluptatem dignissimos dolor itaque sit nam&quot;&#10;  },&#10;  {&#10;    &quot;userId&quot;: 10,&#10;    &quot;id&quot;: 98,&#10;    &quot;title&quot;: &quot;laboriosam dolor voluptates&quot;,&#10;    &quot;body&quot;: &quot;doloremque ex facilis sit sint culpa\nsoluta assumenda eligendi non ut eius\nsequi ducimus vel quasi\nveritatis est dolores&quot;&#10;  },&#10;  {&#10;    &quot;userId&quot;: 10,&#10;    &quot;id&quot;: 99,&#10;    &quot;title&quot;: &quot;temporibus sit alias delectus eligendi possimus magni&quot;,&#10;    &quot;body&quot;: &quot;quo deleniti praesentium dicta non quod\naut est molestias\nmolestias et officia quis nihil\nitaque dolorem quia&quot;&#10;  },&#10;  {&#10;    &quot;userId&quot;: 10,&#10;    &quot;id&quot;: 100,&#10;    &quot;title&quot;: &quot;at nam consequatur ea labore ea harum&quot;,&#10;    &quot;body&quot;: &quot;cupiditate quo est a modi nesciunt soluta\nipsa voluptas error itaque dicta in\nautem qui minus magnam et distinctio eum\naccusamus ratione error aut&quot;&#10;  }&#10;]&#10;" type="java.lang.AssertionError">java.lang.AssertionError: 1 expectation failed.
Response body doesn't match expectation.
Expected: The content to match the given JSON schema.
error: instance type (integer) does not match any allowed primitive type (allowed: [&quot;string&quot;])
    level: &quot;error&quot;
    schema: {&quot;loadingURI&quot;:&quot;#&quot;,&quot;pointer&quot;:&quot;/items/properties/userId&quot;}
    instance: {&quot;pointer&quot;:&quot;/0/userId&quot;}
    domain: &quot;validation&quot;
    keyword: &quot;type&quot;
    found: &quot;integer&quot;
    expected: [&quot;string&quot;]

  Actual: [
  {
    &quot;userId&quot;: 1,
    &quot;id&quot;: 1,
    &quot;title&quot;: &quot;sunt aut facere repellat provident occaecati excepturi optio reprehenderit&quot;,
    &quot;body&quot;: &quot;quia et suscipit\nsuscipit recusandae consequuntur expedita et cum\nreprehenderit molestiae ut ut quas totam\nnostrum rerum est autem sunt rem eveniet architecto&quot;
  },
  {
    &quot;userId&quot;: 1,
    &quot;id&quot;: 2,
    &quot;title&quot;: &quot;qui est esse&quot;,
    &quot;body&quot;: &quot;est rerum tempore vitae\nsequi sint nihil reprehenderit dolor beatae ea dolores neque\nfugiat blanditiis voluptate porro vel nihil molestiae ut reiciendis\nqui aperiam non debitis possimus qui neque nisi nulla&quot;
  },
  {
    &quot;userId&quot;: 1,
    &quot;id&quot;: 3,
    &quot;title&quot;: &quot;ea molestias quasi exercitationem repellat qui ipsa sit aut&quot;,
    &quot;body&quot;: &quot;et iusto sed quo iure\nvoluptatem occaecati omnis eligendi aut ad\nvoluptatem doloribus vel accusantium quis pariatur\nmolestiae porro eius odio et labore et velit aut&quot;
  },
  {
    &quot;userId&quot;: 1,
    &quot;id&quot;: 4,
    &quot;title&quot;: &quot;eum et est occaecati&quot;,
    &quot;body&quot;: &quot;ullam et saepe reiciendis voluptatem adipisci\nsit amet autem assumenda provident rerum culpa\nquis hic commodi nesciunt rem tenetur doloremque ipsam iure\nquis sunt voluptatem rerum illo velit&quot;
  },
  {
    &quot;userId&quot;: 1,
    &quot;id&quot;: 5,
    &quot;title&quot;: &quot;nesciunt quas odio&quot;,
    &quot;body&quot;: &quot;repudiandae veniam quaerat sunt sed\nalias aut fugiat sit autem sed est\nvoluptatem omnis possimus esse voluptatibus quis\nest aut tenetur dolor neque&quot;
  },
  {
    &quot;userId&quot;: 1,
    &quot;id&quot;: 6,
    &quot;title&quot;: &quot;dolorem eum magni eos aperiam quia&quot;,
    &quot;body&quot;: &quot;ut aspernatur corporis harum nihil quis provident sequi\nmollitia nobis aliquid molestiae\nperspiciatis et ea nemo ab reprehenderit accusantium quas\nvoluptate dolores velit et doloremque molestiae&quot;
  },
  {
    &quot;userId&quot;: 1,
    &quot;id&quot;: 7,
    &quot;title&quot;: &quot;magnam facilis autem&quot;,
    &quot;body&quot;: &quot;dolore placeat quibusdam ea quo vitae\nmagni quis enim qui quis quo nemo aut saepe\nquidem repellat excepturi ut quia\nsunt ut sequi eos ea sed quas&quot;
  },
  {
    &quot;userId&quot;: 1,
    &quot;id&quot;: 8,
    &quot;title&quot;: &quot;dolorem dolore est ipsam&quot;,
    &quot;body&quot;: &quot;dignissimos aperiam dolorem qui eum\nfacilis quibusdam animi sint suscipit qui sint possimus cum\nquaerat magni maiores excepturi\nipsam ut commodi dolor voluptatum modi aut vitae&quot;
  },
  {
    &quot;userId&quot;: 1,
    &quot;id&quot;: 9,
    &quot;title&quot;: &quot;nesciunt iure omnis dolorem tempora et accusantium&quot;,
    &quot;body&quot;: &quot;consectetur animi nesciunt iure dolore\nenim quia ad\nveniam autem ut quam aut nobis\net est aut quod aut provident voluptas autem voluptas&quot;
  },
  {
    &quot;userId&quot;: 1,
    &quot;id&quot;: 10,
    &quot;title&quot;: &quot;optio molestias id quia eum&quot;,
    &quot;body&quot;: &quot;quo et expedita modi cum officia vel magni\ndoloribus qui repudiandae\nvero nisi sit\nquos veniam quod sed accusamus veritatis error&quot;
  },
  {
    &quot;userId&quot;: 2,
    &quot;id&quot;: 11,
    &quot;title&quot;: &quot;et ea vero quia laudantium autem&quot;,
    &quot;body&quot;: &quot;delectus reiciendis molestiae occaecati non minima eveniet qui voluptatibus\naccusamus in eum beatae sit\nvel qui neque voluptates ut commodi qui incidunt\nut animi commodi&quot;
  },
  {
    &quot;userId&quot;: 2,
    &quot;id&quot;: 12,
    &quot;title&quot;: &quot;in quibusdam tempore odit est dolorem&quot;,
    &quot;body&quot;: &quot;itaque id aut magnam\npraesentium quia et ea odit et ea voluptas et\nsapiente quia nihil amet occaecati quia id voluptatem\nincidunt ea est distinctio odio&quot;
  },
  {
    &quot;userId&quot;: 2,
    &quot;id&quot;: 13,
    &quot;title&quot;: &quot;dolorum ut in voluptas mollitia et saepe quo animi&quot;,
    &quot;body&quot;: &quot;aut dicta possimus sint mollitia voluptas commodi quo doloremque\niste corrupti reiciendis voluptatem eius rerum\nsit cumque quod eligendi laborum minima\nperferendis recusandae assumenda consectetur porro architecto ipsum ipsam&quot;
  },
  {
    &quot;userId&quot;: 2,
    &quot;id&quot;: 14,
    &quot;title&quot;: &quot;voluptatem eligendi optio&quot;,
    &quot;body&quot;: &quot;fuga et accusamus dolorum perferendis illo voluptas\nnon doloremque neque facere\nad qui dolorum molestiae beatae\nsed aut voluptas totam sit illum&quot;
  },
  {
    &quot;userId&quot;: 2,
    &quot;id&quot;: 15,
    &quot;title&quot;: &quot;eveniet quod temporibus&quot;,
    &quot;body&quot;: &quot;reprehenderit quos placeat\nvelit minima officia dolores impedit repudiandae molestiae nam\nvoluptas recusandae quis delectus\nofficiis harum fugiat vitae&quot;
  },
  {
    &quot;userId&quot;: 2,
    &quot;id&quot;: 16,
    &quot;title&quot;: &quot;sint suscipit perspiciatis velit dolorum rerum ipsa laboriosam odio&quot;,
    &quot;body&quot;: &quot;suscipit nam nisi quo aperiam aut\nasperiores eos fugit maiores voluptatibus quia\nvoluptatem quis ullam qui in alias quia est\nconsequatur magni mollitia accusamus ea nisi voluptate dicta&quot;
  },
  {
    &quot;userId&quot;: 2,
    &quot;id&quot;: 17,
    &quot;title&quot;: &quot;fugit voluptas sed molestias voluptatem provident&quot;,
    &quot;body&quot;: &quot;eos voluptas et aut odit natus earum\naspernatur fuga molestiae ullam\ndeserunt ratione qui eos\nqui nihil ratione nemo velit ut aut id quo&quot;
  },
  {
    &quot;userId&quot;: 2,
    &quot;id&quot;: 18,
    &quot;title&quot;: &quot;voluptate et itaque vero tempora molestiae&quot;,
    &quot;body&quot;: &quot;eveniet quo quis\nlaborum totam consequatur non dolor\nut et est repudiandae\nest voluptatem vel debitis et magnam&quot;
  },
  {
    &quot;userId&quot;: 2,
    &quot;id&quot;: 19,
    &quot;title&quot;: &quot;adipisci placeat illum aut reiciendis qui&quot;,
    &quot;body&quot;: &quot;illum quis cupiditate provident sit magnam\nea sed aut omnis\nveniam maiores ullam consequatur atque\nadipisci quo iste expedita sit quos voluptas&quot;
  },
  {
    &quot;userId&quot;: 2,
    &quot;id&quot;: 20,
    &quot;title&quot;: &quot;doloribus ad provident suscipit at&quot;,
    &quot;body&quot;: &quot;qui consequuntur ducimus possimus quisquam amet similique\nsuscipit porro ipsam amet\neos veritatis officiis exercitationem vel fugit aut necessitatibus totam\nomnis rerum consequatur expedita quidem cumque explicabo&quot;
  },
  {
    &quot;userId&quot;: 3,
    &quot;id&quot;: 21,
    &quot;title&quot;: &quot;asperiores ea ipsam voluptatibus modi minima quia sint&quot;,
    &quot;body&quot;: &quot;repellat aliquid praesentium dolorem quo\nsed totam minus non itaque\nnihil labore molestiae sunt dolor eveniet hic recusandae veniam\ntempora et tenetur expedita sunt&quot;
  },
  {
    &quot;userId&quot;: 3,
    &quot;id&quot;: 22,
    &quot;title&quot;: &quot;dolor sint quo a velit explicabo quia nam&quot;,
    &quot;body&quot;: &quot;eos qui et ipsum ipsam suscipit aut\nsed omnis non odio\nexpedita earum mollitia molestiae aut atque rem suscipit\nnam impedit esse&quot;
  },
  {
    &quot;userId&quot;: 3,
    &quot;id&quot;: 23,
    &quot;title&quot;: &quot;maxime id vitae nihil numquam&quot;,
    &quot;body&quot;: &quot;veritatis unde neque eligendi\nquae quod architecto quo neque vitae\nest illo sit tempora doloremque fugit quod\net et vel beatae sequi ullam sed tenetur perspiciatis&quot;
  },
  {
    &quot;userId&quot;: 3,
    &quot;id&quot;: 24,
    &quot;title&quot;: &quot;autem hic labore sunt dolores incidunt&quot;,
    &quot;body&quot;: &quot;enim et ex nulla\nomnis voluptas quia qui\nvoluptatem consequatur numquam aliquam sunt\ntotam recusandae id dignissimos aut sed asperiores deserunt&quot;
  },
  {
    &quot;userId&quot;: 3,
    &quot;id&quot;: 25,
    &quot;title&quot;: &quot;rem alias distinctio quo quis&quot;,
    &quot;body&quot;: &quot;ullam consequatur ut\nomnis quis sit vel consequuntur\nipsa eligendi ipsum molestiae et omnis error nostrum\nmolestiae illo tempore quia et distinctio&quot;
  },
  {
    &quot;userId&quot;: 3,
    &quot;id&quot;: 26,
    &quot;title&quot;: &quot;est et quae odit qui non&quot;,
    &quot;body&quot;: &quot;similique esse doloribus nihil accusamus\nomnis dolorem fuga consequuntur reprehenderit fugit recusandae temporibus\nperspiciatis cum ut laudantium\nomnis aut molestiae vel vero&quot;
  },
  {
    &quot;userId&quot;: 3,
    &quot;id&quot;: 27,
    &quot;title&quot;: &quot;quasi id et eos tenetur aut quo autem&quot;,
    &quot;body&quot;: &quot;eum sed dolores ipsam sint possimus debitis occaecati\ndebitis qui qui et\nut placeat enim earum aut odit facilis\nconsequatur suscipit necessitatibus rerum sed inventore temporibus consequatur&quot;
  },
  {
    &quot;userId&quot;: 3,
    &quot;id&quot;: 28,
    &quot;title&quot;: &quot;delectus ullam et corporis nulla voluptas sequi&quot;,
    &quot;body&quot;: &quot;non et quaerat ex quae ad maiores\nmaiores recusandae totam aut blanditiis mollitia quas illo\nut voluptatibus voluptatem\nsimilique nostrum eum&quot;
  },
  {
    &quot;userId&quot;: 3,
    &quot;id&quot;: 29,
    &quot;title&quot;: &quot;iusto eius quod necessitatibus culpa ea&quot;,
    &quot;body&quot;: &quot;odit magnam ut saepe sed non qui\ntempora atque nihil\naccusamus illum doloribus illo dolor\neligendi repudiandae odit magni similique sed cum maiores&quot;
  },
  {
    &quot;userId&quot;: 3,
    &quot;id&quot;: 30,
    &quot;title&quot;: &quot;a quo magni similique perferendis&quot;,
    &quot;body&quot;: &quot;alias dolor cumque\nimpedit blanditiis non eveniet odio maxime\nblanditiis amet eius quis tempora quia autem rem\na provident perspiciatis quia&quot;
  },
  {
    &quot;userId&quot;: 4,
    &quot;id&quot;: 31,
    &quot;title&quot;: &quot;ullam ut quidem id aut vel consequuntur&quot;,
    &quot;body&quot;: &quot;debitis eius sed quibusdam non quis consectetur vitae\nimpedit ut qui consequatur sed aut in\nquidem sit nostrum et maiores adipisci atque\nquaerat voluptatem adipisci repudiandae&quot;
  },
  {
    &quot;userId&quot;: 4,
    &quot;id&quot;: 32,
    &quot;title&quot;: &quot;doloremque illum aliquid sunt&quot;,
    &quot;body&quot;: &quot;deserunt eos nobis asperiores et hic\nest debitis repellat molestiae optio\nnihil ratione ut eos beatae quibusdam distinctio maiores\nearum voluptates et aut adipisci ea maiores voluptas maxime&quot;
  },
  {
    &quot;userId&quot;: 4,
    &quot;id&quot;: 33,
    &quot;title&quot;: &quot;qui explicabo molestiae dolorem&quot;,
    &quot;body&quot;: &quot;rerum ut et numquam laborum odit est sit\nid qui sint in\nquasi tenetur tempore aperiam et quaerat qui in\nrerum officiis sequi cumque quod&quot;
  },
  {
    &quot;userId&quot;: 4,
    &quot;id&quot;: 34,
    &quot;title&quot;: &quot;magnam ut rerum iure&quot;,
    &quot;body&quot;: &quot;ea velit perferendis earum ut voluptatem voluptate itaque iusto\ntotam pariatur in\nnemo voluptatem voluptatem autem magni tempora minima in\nest distinctio qui assumenda accusamus dignissimos officia nesciunt nobis&quot;
  },
  {
    &quot;userId&quot;: 4,
    &quot;id&quot;: 35,
    &quot;title&quot;: &quot;id nihil consequatur molestias animi provident&quot;,
    &quot;body&quot;: &quot;nisi error delectus possimus ut eligendi vitae\nplaceat eos harum cupiditate facilis reprehenderit voluptatem beatae\nmodi ducimus quo illum voluptas eligendi\net nobis quia fugit&quot;
  },
  {
    &quot;userId&quot;: 4,
    &quot;id&quot;: 36,
    &quot;title&quot;: &quot;fuga nam accusamus voluptas reiciendis itaque&quot;,
    &quot;body&quot;: &quot;ad mollitia et omnis minus architecto odit\nvoluptas doloremque maxime aut non ipsa qui alias veniam\nblanditiis culpa aut quia nihil cumque facere et occaecati\nqui aspernatur quia eaque ut aperiam inventore&quot;
  },
  {
    &quot;userId&quot;: 4,
    &quot;id&quot;: 37,
    &quot;title&quot;: &quot;provident vel ut sit ratione est&quot;,
    &quot;body&quot;: &quot;debitis et eaque non officia sed nesciunt pariatur vel\nvoluptatem iste vero et ea\nnumquam aut expedita ipsum nulla in\nvoluptates omnis consequatur aut enim officiis in quam qui&quot;
  },
  {
    &quot;userId&quot;: 4,
    &quot;id&quot;: 38,
    &quot;title&quot;: &quot;explicabo et eos deleniti nostrum ab id repellendus&quot;,
    &quot;body&quot;: &quot;animi esse sit aut sit nesciunt assumenda eum voluptas\nquia voluptatibus provident quia necessitatibus ea\nrerum repudiandae quia voluptatem delectus fugit aut id quia\nratione optio eos iusto veniam iure&quot;
  },
  {
    &quot;userId&quot;: 4,
    &quot;id&quot;: 39,
    &quot;title&quot;: &quot;eos dolorem iste accusantium est eaque quam&quot;,
    &quot;body&quot;: &quot;corporis rerum ducimus vel eum accusantium\nmaxime aspernatur a porro possimus iste omnis\nest in deleniti asperiores fuga aut\nvoluptas sapiente vel dolore minus voluptatem incidunt ex&quot;
  },
  {
    &quot;userId&quot;: 4,
    &quot;id&quot;: 40,
    &quot;title&quot;: &quot;enim quo cumque&quot;,
    &quot;body&quot;: &quot;ut voluptatum aliquid illo tenetur nemo sequi quo facilis\nipsum rem optio mollitia quas\nvoluptatem eum voluptas qui\nunde omnis voluptatem iure quasi maxime voluptas nam&quot;
  },
  {
    &quot;userId&quot;: 5,
    &quot;id&quot;: 41,
    &quot;title&quot;: &quot;non est facere&quot;,
    &quot;body&quot;: &quot;molestias id nostrum\nexcepturi molestiae dolore omnis repellendus quaerat saepe\nconsectetur iste quaerat tenetur asperiores accusamus ex ut\nnam quidem est ducimus sunt debitis saepe&quot;
  },
  {
    &quot;userId&quot;: 5,
    &quot;id&quot;: 42,
    &quot;title&quot;: &quot;commodi ullam sint et excepturi error explicabo praesentium voluptas&quot;,
    &quot;body&quot;: &quot;odio fugit voluptatum ducimus earum autem est incidunt voluptatem\nodit reiciendis aliquam sunt sequi nulla dolorem\nnon facere repellendus voluptates quia\nratione harum vitae ut&quot;
  },
  {
    &quot;userId&quot;: 5,
    &quot;id&quot;: 43,
    &quot;title&quot;: &quot;eligendi iste nostrum consequuntur adipisci praesentium sit beatae perferendis&quot;,
    &quot;body&quot;: &quot;similique fugit est\nillum et dolorum harum et voluptate eaque quidem\nexercitationem quos nam commodi possimus cum odio nihil nulla\ndolorum exercitationem magnam ex et a et distinctio debitis&quot;
  },
  {
    &quot;userId&quot;: 5,
    &quot;id&quot;: 44,
    &quot;title&quot;: &quot;optio dolor molestias sit&quot;,
    &quot;body&quot;: &quot;temporibus est consectetur dolore\net libero debitis vel velit laboriosam quia\nipsum quibusdam qui itaque fuga rem aut\nea et iure quam sed maxime ut distinctio quae&quot;
  },
  {
    &quot;userId&quot;: 5,
    &quot;id&quot;: 45,
    &quot;title&quot;: &quot;ut numquam possimus omnis eius suscipit laudantium iure&quot;,
    &quot;body&quot;: &quot;est natus reiciendis nihil possimus aut provident\nex et dolor\nrepellat pariatur est\nnobis rerum repellendus dolorem autem&quot;
  },
  {
    &quot;userId&quot;: 5,
    &quot;id&quot;: 46,
    &quot;title&quot;: &quot;aut quo modi neque nostrum ducimus&quot;,
    &quot;body&quot;: &quot;voluptatem quisquam iste\nvoluptatibus natus officiis facilis dolorem\nquis quas ipsam\nvel et voluptatum in aliquid&quot;
  },
  {
    &quot;userId&quot;: 5,
    &quot;id&quot;: 47,
    &quot;title&quot;: &quot;quibusdam cumque rem aut deserunt&quot;,
    &quot;body&quot;: &quot;voluptatem assumenda ut qui ut cupiditate aut impedit veniam\noccaecati nemo illum voluptatem laudantium\nmolestiae beatae rerum ea iure soluta nostrum\neligendi et voluptate&quot;
  },
  {
    &quot;userId&quot;: 5,
    &quot;id&quot;: 48,
    &quot;title&quot;: &quot;ut voluptatem illum ea doloribus itaque eos&quot;,
    &quot;body&quot;: &quot;voluptates quo voluptatem facilis iure occaecati\nvel assumenda rerum officia et\nillum perspiciatis ab deleniti\nlaudantium repellat ad ut et autem reprehenderit&quot;
  },
  {
    &quot;userId&quot;: 5,
    &quot;id&quot;: 49,
    &quot;title&quot;: &quot;laborum non sunt aut ut assumenda perspiciatis voluptas&quot;,
    &quot;body&quot;: &quot;inventore ab sint\nnatus fugit id nulla sequi architecto nihil quaerat\neos tenetur in in eum veritatis non\nquibusdam officiis aspernatur cumque aut commodi aut&quot;
  },
  {
    &quot;userId&quot;: 5,
    &quot;id&quot;: 50,
    &quot;title&quot;: &quot;repellendus qui recusandae incidunt voluptates tenetur qui omnis exercitationem&quot;,
    &quot;body&quot;: &quot;error suscipit maxime adipisci consequuntur recusandae\nvoluptas eligendi et est et voluptates\nquia distinctio ab amet quaerat molestiae et vitae\nadipisci impedit sequi nesciunt quis consectetur&quot;
  },
  {
    &quot;userId&quot;: 6,
    &quot;id&quot;: 51,
    &quot;title&quot;: &quot;soluta aliquam aperiam consequatur illo quis voluptas&quot;,
    &quot;body&quot;: &quot;sunt dolores aut doloribus\ndolore doloribus voluptates tempora et\ndoloremque et quo\ncum asperiores sit consectetur dolorem&quot;
  },
  {
    &quot;userId&quot;: 6,
    &quot;id&quot;: 52,
    &quot;title&quot;: &quot;qui enim et consequuntur quia animi quis voluptate quibusdam&quot;,
    &quot;body&quot;: &quot;iusto est quibusdam fuga quas quaerat molestias\na enim ut sit accusamus enim\ntemporibus iusto accusantium provident architecto\nsoluta esse reprehenderit qui laborum&quot;
  },
  {
    &quot;userId&quot;: 6,
    &quot;id&quot;: 53,
    &quot;title&quot;: &quot;ut quo aut ducimus alias&quot;,
    &quot;body&quot;: &quot;minima harum praesentium eum rerum illo dolore\nquasi exercitationem rerum nam\nporro quis neque quo\nconsequatur minus dolor quidem veritatis sunt non explicabo similique&quot;
  },
  {
    &quot;userId&quot;: 6,
    &quot;id&quot;: 54,
    &quot;title&quot;: &quot;sit asperiores ipsam eveniet odio non quia&quot;,
    &quot;body&quot;: &quot;totam corporis dignissimos\nvitae dolorem ut occaecati accusamus\nex velit deserunt\net exercitationem vero incidunt corrupti mollitia&quot;
  },
  {
    &quot;userId&quot;: 6,
    &quot;id&quot;: 55,
    &quot;title&quot;: &quot;sit vel voluptatem et non libero&quot;,
    &quot;body&quot;: &quot;debitis excepturi ea perferendis harum libero optio\neos accusamus cum fuga ut sapiente repudiandae\net ut incidunt omnis molestiae\nnihil ut eum odit&quot;
  },
  {
    &quot;userId&quot;: 6,
    &quot;id&quot;: 56,
    &quot;title&quot;: &quot;qui et at rerum necessitatibus&quot;,
    &quot;body&quot;: &quot;aut est omnis dolores\nneque rerum quod ea rerum velit pariatur beatae excepturi\net provident voluptas corrupti\ncorporis harum reprehenderit dolores eligendi&quot;
  },
  {
    &quot;userId&quot;: 6,
    &quot;id&quot;: 57,
    &quot;title&quot;: &quot;sed ab est est&quot;,
    &quot;body&quot;: &quot;at pariatur consequuntur earum quidem\nquo est laudantium soluta voluptatem\nqui ullam et est\net cum voluptas voluptatum repellat est&quot;
  },
  {
    &quot;userId&quot;: 6,
    &quot;id&quot;: 58,
    &quot;title&quot;: &quot;voluptatum itaque dolores nisi et quasi&quot;,
    &quot;body&quot;: &quot;veniam voluptatum quae adipisci id\net id quia eos ad et dolorem\naliquam quo nisi sunt eos impedit error\nad similique veniam&quot;
  },
  {
    &quot;userId&quot;: 6,
    &quot;id&quot;: 59,
    &quot;title&quot;: &quot;qui commodi dolor at maiores et quis id accusantium&quot;,
    &quot;body&quot;: &quot;perspiciatis et quam ea autem temporibus non voluptatibus qui\nbeatae a earum officia nesciunt dolores suscipit voluptas et\nanimi doloribus cum rerum quas et magni\net hic ut ut commodi expedita sunt&quot;
  },
  {
    &quot;userId&quot;: 6,
    &quot;id&quot;: 60,
    &quot;title&quot;: &quot;consequatur placeat omnis quisquam quia reprehenderit fugit veritatis facere&quot;,
    &quot;body&quot;: &quot;asperiores sunt ab assumenda cumque modi velit\nqui esse omnis\nvoluptate et fuga perferendis voluptas\nillo ratione amet aut et omnis&quot;
  },
  {
    &quot;userId&quot;: 7,
    &quot;id&quot;: 61,
    &quot;title&quot;: &quot;voluptatem doloribus consectetur est ut ducimus&quot;,
    &quot;body&quot;: &quot;ab nemo optio odio\ndelectus tenetur corporis similique nobis repellendus rerum omnis facilis\nvero blanditiis debitis in nesciunt doloribus dicta dolores\nmagnam minus velit&quot;
  },
  {
    &quot;userId&quot;: 7,
    &quot;id&quot;: 62,
    &quot;title&quot;: &quot;beatae enim quia vel&quot;,
    &quot;body&quot;: &quot;enim aspernatur illo distinctio quae praesentium\nbeatae alias amet delectus qui voluptate distinctio\nodit sint accusantium autem omnis\nquo molestiae omnis ea eveniet optio&quot;
  },
  {
    &quot;userId&quot;: 7,
    &quot;id&quot;: 63,
    &quot;title&quot;: &quot;voluptas blanditiis repellendus animi ducimus error sapiente et suscipit&quot;,
    &quot;body&quot;: &quot;enim adipisci aspernatur nemo\nnumquam omnis facere dolorem dolor ex quis temporibus incidunt\nab delectus culpa quo reprehenderit blanditiis asperiores\naccusantium ut quam in voluptatibus voluptas ipsam dicta&quot;
  },
  {
    &quot;userId&quot;: 7,
    &quot;id&quot;: 64,
    &quot;title&quot;: &quot;et fugit quas eum in in aperiam quod&quot;,
    &quot;body&quot;: &quot;id velit blanditiis\neum ea voluptatem\nmolestiae sint occaecati est eos perspiciatis\nincidunt a error provident eaque aut aut qui&quot;
  },
  {
    &quot;userId&quot;: 7,
    &quot;id&quot;: 65,
    &quot;title&quot;: &quot;consequatur id enim sunt et et&quot;,
    &quot;body&quot;: &quot;voluptatibus ex esse\nsint explicabo est aliquid cumque adipisci fuga repellat labore\nmolestiae corrupti ex saepe at asperiores et perferendis\nnatus id esse incidunt pariatur&quot;
  },
  {
    &quot;userId&quot;: 7,
    &quot;id&quot;: 66,
    &quot;title&quot;: &quot;repudiandae ea animi iusto&quot;,
    &quot;body&quot;: &quot;officia veritatis tenetur vero qui itaque\nsint non ratione\nsed et ut asperiores iusto eos molestiae nostrum\nveritatis quibusdam et nemo iusto saepe&quot;
  },
  {
    &quot;userId&quot;: 7,
    &quot;id&quot;: 67,
    &quot;title&quot;: &quot;aliquid eos sed fuga est maxime repellendus&quot;,
    &quot;body&quot;: &quot;reprehenderit id nostrum\nvoluptas doloremque pariatur sint et accusantium quia quod aspernatur\net fugiat amet\nnon sapiente et consequatur necessitatibus molestiae&quot;
  },
  {
    &quot;userId&quot;: 7,
    &quot;id&quot;: 68,
    &quot;title&quot;: &quot;odio quis facere architecto reiciendis optio&quot;,
    &quot;body&quot;: &quot;magnam molestiae perferendis quisquam\nqui cum reiciendis\nquaerat animi amet hic inventore\nea quia deleniti quidem saepe porro velit&quot;
  },
  {
    &quot;userId&quot;: 7,
    &quot;id&quot;: 69,
    &quot;title&quot;: &quot;fugiat quod pariatur odit minima&quot;,
    &quot;body&quot;: &quot;officiis error culpa consequatur modi asperiores et\ndolorum assumenda voluptas et vel qui aut vel rerum\nvoluptatum quisquam perspiciatis quia rerum consequatur totam quas\nsequi commodi repudiandae asperiores et saepe a&quot;
  },
  {
    &quot;userId&quot;: 7,
    &quot;id&quot;: 70,
    &quot;title&quot;: &quot;voluptatem laborum magni&quot;,
    &quot;body&quot;: &quot;sunt repellendus quae\nest asperiores aut deleniti esse accusamus repellendus quia aut\nquia dolorem unde\neum tempora esse dolore&quot;
  },
  {
    &quot;userId&quot;: 8,
    &quot;id&quot;: 71,
    &quot;title&quot;: &quot;et iusto veniam et illum aut fuga&quot;,
    &quot;body&quot;: &quot;occaecati a doloribus\niste saepe consectetur placeat eum voluptate dolorem et\nqui quo quia voluptas\nrerum ut id enim velit est perferendis&quot;
  },
  {
    &quot;userId&quot;: 8,
    &quot;id&quot;: 72,
    &quot;title&quot;: &quot;sint hic doloribus consequatur eos non id&quot;,
    &quot;body&quot;: &quot;quam occaecati qui deleniti consectetur\nconsequatur aut facere quas exercitationem aliquam hic voluptas\nneque id sunt ut aut accusamus\nsunt consectetur expedita inventore velit&quot;
  },
  {
    &quot;userId&quot;: 8,
    &quot;id&quot;: 73,
    &quot;title&quot;: &quot;consequuntur deleniti eos quia temporibus ab aliquid at&quot;,
    &quot;body&quot;: &quot;voluptatem cumque tenetur consequatur expedita ipsum nemo quia explicabo\naut eum minima consequatur\ntempore cumque quae est et\net in consequuntur voluptatem voluptates aut&quot;
  },
  {
    &quot;userId&quot;: 8,
    &quot;id&quot;: 74,
    &quot;title&quot;: &quot;enim unde ratione doloribus quas enim ut sit sapiente&quot;,
    &quot;body&quot;: &quot;odit qui et et necessitatibus sint veniam\nmollitia amet doloremque molestiae commodi similique magnam et quam\nblanditiis est itaque\nquo et tenetur ratione occaecati molestiae tempora&quot;
  },
  {
    &quot;userId&quot;: 8,
    &quot;id&quot;: 75,
    &quot;title&quot;: &quot;dignissimos eum dolor ut enim et delectus in&quot;,
    &quot;body&quot;: &quot;commodi non non omnis et voluptas sit\nautem aut nobis magnam et sapiente voluptatem\net laborum repellat qui delectus facilis temporibus\nrerum amet et nemo voluptate expedita adipisci error dolorem&quot;
  },
  {
    &quot;userId&quot;: 8,
    &quot;id&quot;: 76,
    &quot;title&quot;: &quot;doloremque officiis ad et non perferendis&quot;,
    &quot;body&quot;: &quot;ut animi facere\ntotam iusto tempore\nmolestiae eum aut et dolorem aperiam\nquaerat recusandae totam odio&quot;
  },
  {
    &quot;userId&quot;: 8,
    &quot;id&quot;: 77,
    &quot;title&quot;: &quot;necessitatibus quasi exercitationem odio&quot;,
    &quot;body&quot;: &quot;modi ut in nulla repudiandae dolorum nostrum eos\naut consequatur omnis\nut incidunt est omnis iste et quam\nvoluptates sapiente aliquam asperiores nobis amet corrupti repudiandae provident&quot;
  },
  {
    &quot;userId&quot;: 8,
    &quot;id&quot;: 78,
    &quot;title&quot;: &quot;quam voluptatibus rerum veritatis&quot;,
    &quot;body&quot;: &quot;nobis facilis odit tempore cupiditate quia\nassumenda doloribus rerum qui ea\nillum et qui totam\naut veniam repellendus&quot;
  },
  {
    &quot;userId&quot;: 8,
    &quot;id&quot;: 79,
    &quot;title&quot;: &quot;pariatur consequatur quia magnam autem omnis non amet&quot;,
    &quot;body&quot;: &quot;libero accusantium et et facere incidunt sit dolorem\nnon excepturi qui quia sed laudantium\nquisquam molestiae ducimus est\nofficiis esse molestiae iste et quos&quot;
  },
  {
    &quot;userId&quot;: 8,
    &quot;id&quot;: 80,
    &quot;title&quot;: &quot;labore in ex et explicabo corporis aut quas&quot;,
    &quot;body&quot;: &quot;ex quod dolorem ea eum iure qui provident amet\nquia qui facere excepturi et repudiandae\nasperiores molestias provident\nminus incidunt vero fugit rerum sint sunt excepturi provident&quot;
  },
  {
    &quot;userId&quot;: 9,
    &quot;id&quot;: 81,
    &quot;title&quot;: &quot;tempora rem veritatis voluptas quo dolores vero&quot;,
    &quot;body&quot;: &quot;facere qui nesciunt est voluptatum voluptatem nisi\nsequi eligendi necessitatibus ea at rerum itaque\nharum non ratione velit laboriosam quis consequuntur\nex officiis minima doloremque voluptas ut aut&quot;
  },
  {
    &quot;userId&quot;: 9,
    &quot;id&quot;: 82,
    &quot;title&quot;: &quot;laudantium voluptate suscipit sunt enim enim&quot;,
    &quot;body&quot;: &quot;ut libero sit aut totam inventore sunt\nporro sint qui sunt molestiae\nconsequatur cupiditate qui iste ducimus adipisci\ndolor enim assumenda soluta laboriosam amet iste delectus hic&quot;
  },
  {
    &quot;userId&quot;: 9,
    &quot;id&quot;: 83,
    &quot;title&quot;: &quot;odit et voluptates doloribus alias odio et&quot;,
    &quot;body&quot;: &quot;est molestiae facilis quis tempora numquam nihil qui\nvoluptate sapiente consequatur est qui\nnecessitatibus autem aut ipsa aperiam modi dolore numquam\nreprehenderit eius rem quibusdam&quot;
  },
  {
    &quot;userId&quot;: 9,
    &quot;id&quot;: 84,
    &quot;title&quot;: &quot;optio ipsam molestias necessitatibus occaecati facilis veritatis dolores aut&quot;,
    &quot;body&quot;: &quot;sint molestiae magni a et quos\neaque et quasi\nut rerum debitis similique veniam\nrecusandae dignissimos dolor incidunt consequatur odio&quot;
  },
  {
    &quot;userId&quot;: 9,
    &quot;id&quot;: 85,
    &quot;title&quot;: &quot;dolore veritatis porro provident adipisci blanditiis et sunt&quot;,
    &quot;body&quot;: &quot;similique sed nisi voluptas iusto omnis\nmollitia et quo\nassumenda suscipit officia magnam sint sed tempora\nenim provident pariatur praesentium atque animi amet ratione&quot;
  },
  {
    &quot;userId&quot;: 9,
    &quot;id&quot;: 86,
    &quot;title&quot;: &quot;placeat quia et porro iste&quot;,
    &quot;body&quot;: &quot;quasi excepturi consequatur iste autem temporibus sed molestiae beatae\net quaerat et esse ut\nvoluptatem occaecati et vel explicabo autem\nasperiores pariatur deserunt optio&quot;
  },
  {
    &quot;userId&quot;: 9,
    &quot;id&quot;: 87,
    &quot;title&quot;: &quot;nostrum quis quasi placeat&quot;,
    &quot;body&quot;: &quot;eos et molestiae\nnesciunt ut a\ndolores perspiciatis repellendus repellat aliquid\nmagnam sint rem ipsum est&quot;
  },
  {
    &quot;userId&quot;: 9,
    &quot;id&quot;: 88,
    &quot;title&quot;: &quot;sapiente omnis fugit eos&quot;,
    &quot;body&quot;: &quot;consequatur omnis est praesentium\nducimus non iste\nneque hic deserunt\nvoluptatibus veniam cum et rerum sed&quot;
  },
  {
    &quot;userId&quot;: 9,
    &quot;id&quot;: 89,
    &quot;title&quot;: &quot;sint soluta et vel magnam aut ut sed qui&quot;,
    &quot;body&quot;: &quot;repellat aut aperiam totam temporibus autem et\narchitecto magnam ut\nconsequatur qui cupiditate rerum quia soluta dignissimos nihil iure\ntempore quas est&quot;
  },
  {
    &quot;userId&quot;: 9,
    &quot;id&quot;: 90,
    &quot;title&quot;: &quot;ad iusto omnis odit dolor voluptatibus&quot;,
    &quot;body&quot;: &quot;minus omnis soluta quia\nqui sed adipisci voluptates illum ipsam voluptatem\neligendi officia ut in\neos soluta similique molestias praesentium blanditiis&quot;
  },
  {
    &quot;userId&quot;: 10,
    &quot;id&quot;: 91,
    &quot;title&quot;: &quot;aut amet sed&quot;,
    &quot;body&quot;: &quot;libero voluptate eveniet aperiam sed\nsunt placeat suscipit molestias\nsimilique fugit nam natus\nexpedita consequatur consequatur dolores quia eos et placeat&quot;
  },
  {
    &quot;userId&quot;: 10,
    &quot;id&quot;: 92,
    &quot;title&quot;: &quot;ratione ex tenetur perferendis&quot;,
    &quot;body&quot;: &quot;aut et excepturi dicta laudantium sint rerum nihil\nlaudantium et at\na neque minima officia et similique libero et\ncommodi voluptate qui&quot;
  },
  {
    &quot;userId&quot;: 10,
    &quot;id&quot;: 93,
    &quot;title&quot;: &quot;beatae soluta recusandae&quot;,
    &quot;body&quot;: &quot;dolorem quibusdam ducimus consequuntur dicta aut quo laboriosam\nvoluptatem quis enim recusandae ut sed sunt\nnostrum est odit totam\nsit error sed sunt eveniet provident qui nulla&quot;
  },
  {
    &quot;userId&quot;: 10,
    &quot;id&quot;: 94,
    &quot;title&quot;: &quot;qui qui voluptates illo iste minima&quot;,
    &quot;body&quot;: &quot;aspernatur expedita soluta quo ab ut similique\nexpedita dolores amet\nsed temporibus distinctio magnam saepe deleniti\nomnis facilis nam ipsum natus sint similique omnis&quot;
  },
  {
    &quot;userId&quot;: 10,
    &quot;id&quot;: 95,
    &quot;title&quot;: &quot;id minus libero illum nam ad officiis&quot;,
    &quot;body&quot;: &quot;earum voluptatem facere provident blanditiis velit laboriosam\npariatur accusamus odio saepe\ncumque dolor qui a dicta ab doloribus consequatur omnis\ncorporis cupiditate eaque assumenda ad nesciunt&quot;
  },
  {
    &quot;userId&quot;: 10,
    &quot;id&quot;: 96,
    &quot;title&quot;: &quot;quaerat velit veniam amet cupiditate aut numquam ut sequi&quot;,
    &quot;body&quot;: &quot;in non odio excepturi sint eum\nlabore voluptates vitae quia qui et\ninventore itaque rerum\nveniam non exercitationem delectus aut&quot;
  },
  {
    &quot;userId&quot;: 10,
    &quot;id&quot;: 97,
    &quot;title&quot;: &quot;quas fugiat ut perspiciatis vero provident&quot;,
    &quot;body&quot;: &quot;eum non blanditiis soluta porro quibusdam voluptas\nvel voluptatem qui placeat dolores qui velit aut\nvel inventore aut cumque culpa explicabo aliquid at\nperspiciatis est et voluptatem dignissimos dolor itaque sit nam&quot;
  },
  {
    &quot;userId&quot;: 10,
    &quot;id&quot;: 98,
    &quot;title&quot;: &quot;laboriosam dolor voluptates&quot;,
    &quot;body&quot;: &quot;doloremque ex facilis sit sint culpa\nsoluta assumenda eligendi non ut eius\nsequi ducimus vel quasi\nveritatis est dolores&quot;
  },
  {
    &quot;userId&quot;: 10,
    &quot;id&quot;: 99,
    &quot;title&quot;: &quot;temporibus sit alias delectus eligendi possimus magni&quot;,
    &quot;body&quot;: &quot;quo deleniti praesentium dicta non quod\naut est molestias\nmolestias et officia quis nihil\nitaque dolorem quia&quot;
  },
  {
    &quot;userId&quot;: 10,
    &quot;id&quot;: 100,
    &quot;title&quot;: &quot;at nam consequatur ea labore ea harum&quot;,
    &quot;body&quot;: &quot;cupiditate quo est a modi nesciunt soluta\nipsa voluptas error itaque dicta in\nautem qui minus magnam et distinctio eum\naccusamus ratione error aut&quot;
  }
]

	at java.base/jdk.internal.reflect.NativeConstructorAccessorImpl.newInstance0(Native Method)
	at java.base/jdk.internal.reflect.NativeConstructorAccessorImpl.newInstance(NativeConstructorAccessorImpl.java:62)
	at java.base/jdk.internal.reflect.DelegatingConstructorAccessorImpl.newInstance(DelegatingConstructorAccessorImpl.java:45)
	at java.base/java.lang.reflect.Constructor.newInstance(Constructor.java:490)
	at org.codehaus.groovy.reflection.CachedConstructor.invoke(CachedConstructor.java:72)
	at org.codehaus.groovy.reflection.CachedConstructor.doConstructorInvoke(CachedConstructor.java:59)
	at org.codehaus.groovy.runtime.callsite.ConstructorSite$ConstructorSiteNoUnwrap.callConstructor(ConstructorSite.java:84)
	at org.codehaus.groovy.runtime.callsite.CallSiteArray.defaultCallConstructor(CallSiteArray.java:59)
	at org.codehaus.groovy.runtime.callsite.AbstractCallSite.callConstructor(AbstractCallSite.java:263)
	at org.codehaus.groovy.runtime.callsite.AbstractCallSite.callConstructor(AbstractCallSite.java:277)
	at io.restassured.internal.ResponseSpecificationImpl$HamcrestAssertionClosure.validate(ResponseSpecificationImpl.groovy:493)
	at io.restassured.internal.ResponseSpecificationImpl$HamcrestAssertionClosure$validate$1.call(Unknown Source)
	at org.codehaus.groovy.runtime.callsite.CallSiteArray.defaultCall(CallSiteArray.java:47)
	at org.codehaus.groovy.runtime.callsite.AbstractCallSite.call(AbstractCallSite.java:125)
	at org.codehaus.groovy.runtime.callsite.AbstractCallSite.call(AbstractCallSite.java:139)
	at io.restassured.internal.ResponseSpecificationImpl.validateResponseIfRequired(ResponseSpecificationImpl.groovy:674)
	at java.base/jdk.internal.reflect.NativeMethodAccessorImpl.invoke0(Native Method)
	at java.base/jdk.internal.reflect.NativeMethodAccessorImpl.invoke(NativeMethodAccessorImpl.java:62)
	at java.base/jdk.internal.reflect.DelegatingMethodAccessorImpl.invoke(DelegatingMethodAccessorImpl.java:43)
	at java.base/java.lang.reflect.Method.invoke(Method.java:566)
	at org.codehaus.groovy.runtime.callsite.PlainObjectMetaMethodSite.doInvoke(PlainObjectMetaMethodSite.java:43)
	at org.codehaus.groovy.runtime.callsite.PogoMetaMethodSite$PogoCachedMethodSiteNoUnwrapNoCoerce.invoke(PogoMetaMethodSite.java:193)
	at org.codehaus.groovy.runtime.callsite.PogoMetaMethodSite.callCurrent(PogoMetaMethodSite.java:61)
	at org.codehaus.groovy.runtime.callsite.CallSiteArray.defaultCallCurrent(CallSiteArray.java:51)
	at org.codehaus.groovy.runtime.callsite.AbstractCallSite.callCurrent(AbstractCallSite.java:171)
	at org.codehaus.groovy.runtime.callsite.AbstractCallSite.callCurrent(AbstractCallSite.java:185)
	at io.restassured.internal.ResponseSpecificationImpl.body(ResponseSpecificationImpl.groovy:98)
	at io.restassured.internal.ValidatableResponseOptionsImpl.body(ValidatableResponseOptionsImpl.java:238)
	at io.restassured.internal.ValidatableResponseImpl.super$2$body(ValidatableResponseImpl.groovy)
	at java.base/jdk.internal.reflect.NativeMethodAccessorImpl.invoke0(Native Method)
	at java.base/jdk.internal.reflect.NativeMethodAccessorImpl.invoke(NativeMethodAccessorImpl.java:62)
	at java.base/jdk.internal.reflect.DelegatingMethodAccessorImpl.invoke(DelegatingMethodAccessorImpl.java:43)
	at java.base/java.lang.reflect.Method.invoke(Method.java:566)
	at org.codehaus.groovy.reflection.CachedMethod.invoke(CachedMethod.java:107)
	at groovy.lang.MetaMethod.doMethodInvoke(MetaMethod.java:323)
	at groovy.lang.MetaClassImpl.invokeMethod(MetaClassImpl.java:1268)
	at org.codehaus.groovy.runtime.ScriptBytecodeAdapter.invokeMethodOnSuperN(ScriptBytecodeAdapter.java:144)
	at io.restassured.internal.ValidatableResponseImpl.body(ValidatableResponseImpl.groovy:293)
	at io.restassured.internal.ValidatableResponseImpl.body(ValidatableResponseImpl.groovy)
	at rest.testRestAssured.getApi(testRestAssured.java:52)
	at java.base/jdk.internal.reflect.NativeMethodAccessorImpl.invoke0(Native Method)
	at java.base/jdk.internal.reflect.NativeMethodAccessorImpl.invoke(NativeMethodAccessorImpl.java:62)
	at java.base/jdk.internal.reflect.DelegatingMethodAccessorImpl.invoke(DelegatingMethodAccessorImpl.java:43)
	at java.base/java.lang.reflect.Method.invoke(Method.java:566)
	at org.testng.internal.MethodInvocationHelper.invokeMethod(MethodInvocationHelper.java:133)
	at org.testng.internal.MethodInvocationHelper$1.runTestMethod(MethodInvocationHelper.java:239)
	at configs.TestMasterConfigurations.run(TestMasterConfigurations.java:74)
	at org.testng.internal.MethodInvocationHelper.invokeHookable(MethodInvocationHelper.java:251)
	at org.testng.internal.TestInvoker.invokeMethod(TestInvoker.java:580)
	at org.testng.internal.TestInvoker.invokeTestMethod(TestInvoker.java:172)
	at org.testng.internal.MethodRunner.runInSequence(MethodRunner.java:46)
	at org.testng.internal.TestInvoker$MethodInvocationAgent.invoke(TestInvoker.java:804)
	at org.testng.internal.TestInvoker.invokeTestMethods(TestInvoker.java:145)
	at org.testng.internal.TestMethodWorker.invokeTestMethods(TestMethodWorker.java:146)
	at org.testng.internal.TestMethodWorker.run(TestMethodWorker.java:128)
	at java.base/java.util.ArrayList.forEach(ArrayList.java:1541)
	at org.testng.TestRunner.privateRun(TestRunner.java:770)
	at org.testng.TestRunner.run(TestRunner.java:591)
	at org.testng.SuiteRunner.runTest(SuiteRunner.java:402)
	at org.testng.SuiteRunner.runSequentially(SuiteRunner.java:396)
	at org.testng.SuiteRunner.privateRun(SuiteRunner.java:355)
	at org.testng.SuiteRunner.run(SuiteRunner.java:304)
	at org.testng.SuiteRunnerWorker.runSuite(SuiteRunnerWorker.java:53)
	at org.testng.SuiteRunnerWorker.run(SuiteRunnerWorker.java:96)
	at org.testng.TestNG.runSuitesSequentially(TestNG.java:1180)
	at org.testng.TestNG.runSuitesLocally(TestNG.java:1102)
	at org.testng.TestNG.runSuites(TestNG.java:1032)
	at org.testng.TestNG.run(TestNG.java:1000)
	at org.gradle.api.internal.tasks.testing.testng.TestNGTestClassProcessor.runTests(TestNGTestClassProcessor.java:141)
	at org.gradle.api.internal.tasks.testing.testng.TestNGTestClassProcessor.stop(TestNGTestClassProcessor.java:90)
	at org.gradle.api.internal.tasks.testing.SuiteTestClassProcessor.stop(SuiteTestClassProcessor.java:61)
	at java.base/jdk.internal.reflect.NativeMethodAccessorImpl.invoke0(Native Method)
	at java.base/jdk.internal.reflect.NativeMethodAccessorImpl.invoke(NativeMethodAccessorImpl.java:62)
	at java.base/jdk.internal.reflect.DelegatingMethodAccessorImpl.invoke(DelegatingMethodAccessorImpl.java:43)
	at java.base/java.lang.reflect.Method.invoke(Method.java:566)
	at org.gradle.internal.dispatch.ReflectionDispatch.dispatch(ReflectionDispatch.java:36)
	at org.gradle.internal.dispatch.ReflectionDispatch.dispatch(ReflectionDispatch.java:24)
	at org.gradle.internal.dispatch.ContextClassLoaderDispatch.dispatch(ContextClassLoaderDispatch.java:33)
	at org.gradle.internal.dispatch.ProxyDispatchAdapter$DispatchingInvocationHandler.invoke(ProxyDispatchAdapter.java:94)
	at com.sun.proxy.$Proxy2.stop(Unknown Source)
	at org.gradle.api.internal.tasks.testing.worker.TestWorker.stop(TestWorker.java:135)
	at java.base/jdk.internal.reflect.NativeMethodAccessorImpl.invoke0(Native Method)
	at java.base/jdk.internal.reflect.NativeMethodAccessorImpl.invoke(NativeMethodAccessorImpl.java:62)
	at java.base/jdk.internal.reflect.DelegatingMethodAccessorImpl.invoke(DelegatingMethodAccessorImpl.java:43)
	at java.base/java.lang.reflect.Method.invoke(Method.java:566)
	at org.gradle.internal.dispatch.ReflectionDispatch.dispatch(ReflectionDispatch.java:36)
	at org.gradle.internal.dispatch.ReflectionDispatch.dispatch(ReflectionDispatch.java:24)
	at org.gradle.internal.remote.internal.hub.MessageHubBackedObjectConnection$DispatchWrapper.dispatch(MessageHubBackedObjectConnection.java:182)
	at org.gradle.internal.remote.internal.hub.MessageHubBackedObjectConnection$DispatchWrapper.dispatch(MessageHubBackedObjectConnection.java:164)
	at org.gradle.internal.remote.internal.hub.MessageHub$Handler.run(MessageHub.java:414)
	at org.gradle.internal.concurrent.ExecutorPolicy$CatchAndRecordFailures.onExecute(ExecutorPolicy.java:64)
	at org.gradle.internal.concurrent.ManagedExecutorImpl$1.run(ManagedExecutorImpl.java:48)
	at java.base/java.util.concurrent.ThreadPoolExecutor.runWorker(ThreadPoolExecutor.java:1128)
	at java.base/java.util.concurrent.ThreadPoolExecutor$Worker.run(ThreadPoolExecutor.java:628)
	at org.gradle.internal.concurrent.ThreadFactoryImpl$ManagedThreadRunnable.run(ThreadFactoryImpl.java:56)
	at java.base/java.lang.Thread.run(Thread.java:829)
</failure>
  </testcase>
  <system-out><![CDATA[Request method:	GET
Request URI:	https://jsonplaceholder.typicode.com/posts
Proxy:			<none>
Request params:	<none>
Query params:	<none>
Form params:	<none>
Path params:	<none>
Headers:		Accept=*/*
				Content-Type=application/json
Cookies:		<none>
Multiparts:		<none>
Body:			<none>
HTTP/1.1 200 OK
Date: Wed, 07 Aug 2024 12:42:39 GMT
Content-Type: application/json; charset=utf-8
[...]
    },
    {
        "userId": 4,
        "id": 34,
        "title": "magnam ut rerum iure",
        "body": "ea velit perferendis earum ut voluptatem voluptate itaque iusto\ntotam pariatur in\nnemo voluptatem voluptatem autem magni tempora minima in\nest distinctio qui assumenda accusamus dignissimos officia nesciunt nobis"
    },
    {
        "userId": 4,
        "id": 35,
        "title": "id nihil consequatur molestias animi provident",
        "body": "nisi error delectus possimus ut eligendi vitae\nplaceat eos harum cupiditate facilis reprehenderit voluptatem beatae\nmodi ducimus quo illum voluptas eligendi\net nobis quia fugit"
    },
    {
        "userId": 4,
        "id": 36,
        "title": "fuga nam accusamus voluptas reiciendis itaque",
        "body": "ad mollitia et omnis minus architecto odit\nvoluptas doloremque maxime aut non ipsa qui alias veniam\nblanditiis culpa aut quia nihil cumque facere et occaecati\nqui aspernatur quia eaque ut aperiam inventore"
    },
    {
        "userId": 4,
        "id": 37,
        "title": "provident vel ut sit ratione est",
        "body": "debitis et eaque non officia sed nesciunt pariatur vel\nvoluptatem iste vero et ea\nnumquam aut expedita ipsum nulla in\nvoluptates omnis consequatur aut enim officiis in quam qui"
    },
    {
        "userId": 4,
        "id": 38,
        "title": "explicabo et eos deleniti nostrum ab id repellendus",
        "body": "animi esse sit aut sit nesciunt assumenda eum voluptas\nquia voluptatibus provident quia necessitatibus ea\nrerum repudiandae quia voluptatem delectus fugit aut id quia\nratione optio eos iusto veniam iure"
    },
    {
        "userId": 4,
        "id": 39,
        "title": "eos dolorem iste accusantium est eaque quam",
        "body": "corporis rerum ducimus vel eum accusantium\nmaxime aspernatur a porro possimus iste omnis\nest in deleniti asperiores fuga aut\nvoluptas sapiente vel dolore minus voluptatem incidunt ex"
    },
    {
        "userId": 4,
        "id": 40,
        "title": "enim quo cumque",
        "body": "ut voluptatum aliquid illo tenetur nemo sequi quo facilis\nipsum rem optio mollitia quas\nvoluptatem eum voluptas qui\nunde omnis voluptatem iure quasi maxime voluptas nam"
    },
    {
        "userId": 5,
        "id": 41,
        "title": "non est facere",
        "body": "molestias id nostrum\nexcepturi molestiae dolore omnis repellendus quaerat saepe\nconsectetur iste quaerat tenetur asperiores accusamus ex ut\nnam quidem est ducimus sunt debitis saepe"
    },
    {
        "userId": 5,
        "id": 42,
        "title": "commodi ullam sint et excepturi error explicabo praesentium voluptas",
        "body": "odio fugit voluptatum ducimus earum autem est incidunt voluptatem\nodit reiciendis aliquam sunt sequi nulla dolorem\nnon facere repellendus voluptates quia\nratione harum vitae ut"
    },
    {
        "userId": 5,
        "id": 43,
        "title": "eligendi iste nostrum consequuntur adipisci praesentium sit beatae perferendis",
        "body": "similique fugit est\nillum et dolorum harum et voluptate eaque quidem\nexercitationem quos nam commodi possimus cum odio nihil nulla\ndolorum exercitationem magnam ex et a et distinctio debitis"
    },
    {
        "userId": 5,
        "id": 44,
        "title": "optio dolor molestias sit",
        "body": "temporibus est consectetur dolore\net libero debitis vel velit laboriosam quia\nipsum quibusdam qui itaque fuga rem aut\nea et iure quam sed maxime ut distinctio quae"
    },
    {
        "userId": 5,
        "id": 45,
        "title": "ut numquam possimus omnis eius suscipit laudantium iure",
        "body": "est natus reiciendis nihil possimus aut provident\nex et dolor\nrepellat pariatur est\nnobis rerum repellendus dolorem autem"
    },
    {
        "userId": 5,
        "id": 46,
        "title": "aut quo modi neque nostrum ducimus",
        "body": "voluptatem quisquam iste\nvoluptatibus natus officiis facilis dolorem\nquis quas ipsam\nvel et voluptatum in aliquid"
    },
    {
        "userId": 5,
        "id": 47,
        "title": "quibusdam cumque rem aut deserunt",
        "body": "voluptatem assumenda ut qui ut cupiditate aut impedit veniam\noccaecati nemo illum voluptatem laudantium\nmolestiae beatae rerum ea iure soluta nostrum\neligendi et voluptate"
    },
    {
        "userId": 5,
        "id": 48,
        "title": "ut voluptatem illum ea doloribus itaque eos",
        "body": "voluptates quo voluptatem facilis iure occaecati\nvel assumenda rerum officia et\nillum perspiciatis ab deleniti\nlaudantium repellat ad ut et autem reprehenderit"
    },
    {
        "userId": 5,
        "id": 49,
        "title": "laborum non sunt aut ut assumenda perspiciatis voluptas",
        "body": "inventore ab sint\nnatus fugit id nulla sequi architecto nihil quaerat\neos tenetur in in eum veritatis non\nquibusdam officiis aspernatur cumque aut commodi aut"
    },
    {
        "userId": 5,
        "id": 50,
        "title": "repellendus qui recusandae incidunt voluptates tenetur qui omnis exercitationem",
        "body": "error suscipit maxime adipisci consequuntur recusandae\nvoluptas eligendi et est et voluptates\nquia distinctio ab amet quaerat molestiae et vitae\nadipisci impedit sequi nesciunt quis consectetur"
    },
    {
        "userId": 6,
        "id": 51,
        "title": "soluta aliquam aperiam consequatur illo quis voluptas",
        "body": "sunt dolores aut doloribus\ndolore doloribus voluptates tempora et\ndoloremque et quo\ncum asperiores sit consectetur dolorem"
    },
    {
        "userId": 6,
        "id": 52,
        "title": "qui enim et consequuntur quia animi quis voluptate quibusdam",
        "body": "iusto est quibusdam fuga quas quaerat molestias\na enim ut sit accusamus enim\ntemporibus iusto accusantium provident architecto\nsoluta esse reprehenderit qui laborum"
    },
    {
        "userId": 6,
        "id": 53,
        "title": "ut quo aut ducimus alias",
        "body": "minima harum praesentium eum rerum illo dolore\nquasi exercitationem rerum nam\nporro quis neque quo\nconsequatur minus dolor quidem veritatis sunt non explicabo similique"
    },
    {
        "userId": 6,
        "id": 54,
        "title": "sit asperiores ipsam eveniet odio non quia",
        "body": "totam corporis dignissimos\nvitae dolorem ut occaecati accusamus\nex velit deserunt\net exercitationem vero incidunt corrupti mollitia"
    },
    {
        "userId": 6,
        "id": 55,
        "title": "sit vel voluptatem et non libero",
        "body": "debitis excepturi ea perferendis harum libero optio\neos accusamus cum fuga ut sapiente repudiandae\net ut incidunt omnis molestiae\nnihil ut eum odit"
    },
    {
        "userId": 6,
        "id": 56,
        "title": "qui et at rerum necessitatibus",
        "body": "aut est omnis dolores\nneque rerum quod ea rerum velit pariatur beatae excepturi\net provident voluptas corrupti\ncorporis harum reprehenderit dolores eligendi"
    },
    {
        "userId": 6,
        "id": 57,
        "title": "sed ab est est",
        "body": "at pariatur consequuntur earum quidem\nquo est laudantium soluta voluptatem\nqui ullam et est\net cum voluptas voluptatum repellat est"
    },
    {
        "userId": 6,
        "id": 58,
        "title": "voluptatum itaque dolores nisi et quasi",
        "body": "veniam voluptatum quae adipisci id\net id quia eos ad et dolorem\naliquam quo nisi sunt eos impedit error\nad similique veniam"
    },
    {
        "userId": 6,
        "id": 59,
        "title": "qui commodi dolor at maiores et quis id accusantium",
        "body": "perspiciatis et quam ea autem temporibus non voluptatibus qui\nbeatae a earum officia nesciunt dolores suscipit voluptas et\nanimi doloribus cum rerum quas et magni\net hic ut ut commodi expedita sunt"
    },
    {
        "userId": 6,
        "id": 60,
        "title": "consequatur placeat omnis quisquam quia reprehenderit fugit veritatis facere",
        "body": "asperiores sunt ab assumenda cumque modi velit\nqui esse omnis\nvoluptate et fuga perferendis voluptas\nillo ratione amet aut et omnis"
    },
    {
        "userId": 7,
        "id": 61,
        "title": "voluptatem doloribus consectetur est ut ducimus",
        "body": "ab nemo optio odio\ndelectus tenetur corporis similique nobis repellendus rerum omnis facilis\nvero blanditiis debitis in nesciunt doloribus dicta dolores\nmagnam minus velit"
    },
    {
        "userId": 7,
        "id": 62,
        "title": "beatae enim quia vel",
        "body": "enim aspernatur illo distinctio quae praesentium\nbeatae alias amet delectus qui voluptate distinctio\nodit sint accusantium autem omnis\nquo molestiae omnis ea eveniet optio"
    },
    {
        "userId": 7,
        "id": 63,
        "title": "voluptas blanditiis repellendus animi ducimus error sapiente et suscipit",
        "body": "enim adipisci aspernatur nemo\nnumquam omnis facere dolorem dolor ex quis temporibus incidunt\nab delectus culpa quo reprehenderit blanditiis asperiores\naccusantium ut quam in voluptatibus voluptas ipsam dicta"
    },
    {
        "userId": 7,
        "id": 64,
        "title": "et fugit quas eum in in aperiam quod",
        "body": "id velit blanditiis\neum ea voluptatem\nmolestiae sint occaecati est eos perspiciatis\nincidunt a error provident eaque aut aut qui"
    },
    {
        "userId": 7,
        "id": 65,
        "title": "consequatur id enim sunt et et",
        "body": "voluptatibus ex esse\nsint explicabo est aliquid cumque adipisci fuga repellat labore\nmolestiae corrupti ex saepe at asperiores et perferendis\nnatus id esse incidunt pariatur"
    },
    {
        "userId": 7,
        "id": 66,
        "title": "repudiandae ea animi iusto",
        "body": "officia veritatis tenetur vero qui itaque\nsint non ratione\nsed et ut asperiores iusto eos molestiae nostrum\nveritatis quibusdam et nemo iusto saepe"
    },
    {
        "userId": 7,
        "id": 67,
        "title": "aliquid eos sed fuga est maxime repellendus",
        "body": "reprehenderit id nostrum\nvoluptas doloremque pariatur sint et accusantium quia quod aspernatur\net fugiat amet\nnon sapiente et consequatur necessitatibus molestiae"
    },
    {
        "userId": 7,
        "id": 68,
        "title": "odio quis facere architecto reiciendis optio",
        "body": "magnam molestiae perferendis quisquam\nqui cum reiciendis\nquaerat animi amet hic inventore\nea quia deleniti quidem saepe porro velit"
    },
    {
        "userId": 7,
        "id": 69,
        "title": "fugiat quod pariatur odit minima",
        "body": "officiis error culpa consequatur modi asperiores et\ndolorum assumenda voluptas et vel qui aut vel rerum\nvoluptatum quisquam perspiciatis quia rerum consequatur totam quas\nsequi commodi repudiandae asperiores et saepe a"
    },
    {
        "userId": 7,
        "id": 70,
        "title": "voluptatem laborum magni",
        "body": "sunt repellendus quae\nest asperiores aut deleniti esse accusamus repellendus quia aut\nquia dolorem unde\neum tempora esse dolore"
    },
    {
        "userId": 8,
        "id": 71,
        "title": "et iusto veniam et illum aut fuga",
        "body": "occaecati a doloribus\niste saepe consectetur placeat eum voluptate dolorem et\nqui quo quia voluptas\nrerum ut id enim velit est perferendis"
    },
    {
        "userId": 8,
        "id": 72,
        "title": "sint hic doloribus consequatur eos non id",
        "body": "quam occaecati qui deleniti consectetur\nconsequatur aut facere quas exercitationem aliquam hic voluptas\nneque id sunt ut aut accusamus\nsunt consectetur expedita inventore velit"
    },
    {
        "userId": 8,
        "id": 73,
        "title": "consequuntur deleniti eos quia temporibus ab aliquid at",
        "body": "voluptatem cumque tenetur consequatur expedita ipsum nemo quia explicabo\naut eum minima consequatur\ntempore cumque quae est et\net in consequuntur voluptatem voluptates aut"
    },
    {
        "userId": 8,
        "id": 74,
        "title": "enim unde ratione doloribus quas enim ut sit sapiente",
        "body": "odit qui et et necessitatibus sint veniam\nmollitia amet doloremque molestiae commodi similique magnam et quam\nblanditiis est itaque\nquo et tenetur ratione occaecati molestiae tempora"
    },
    {
        "userId": 8,
        "id": 75,
        "title": "dignissimos eum dolor ut enim et delectus in",
        "body": "commodi non non omnis et voluptas sit\nautem aut nobis magnam et sapiente voluptatem\net laborum repellat qui delectus facilis temporibus\nrerum amet et nemo voluptate expedita adipisci error dolorem"
    },
    {
        "userId": 8,
        "id": 76,
        "title": "doloremque officiis ad et non perferendis",
        "body": "ut animi facere\ntotam iusto tempore\nmolestiae eum aut et dolorem aperiam\nquaerat recusandae totam odio"
    },
    {
        "userId": 8,
        "id": 77,
        "title": "necessitatibus quasi exercitationem odio",
        "body": "modi ut in nulla repudiandae dolorum nostrum eos\naut consequatur omnis\nut incidunt est omnis iste et quam\nvoluptates sapiente aliquam asperiores nobis amet corrupti repudiandae provident"
    },
    {
        "userId": 8,
        "id": 78,
        "title": "quam voluptatibus rerum veritatis",
        "body": "nobis facilis odit tempore cupiditate quia\nassumenda doloribus rerum qui ea\nillum et qui totam\naut veniam repellendus"
    },
    {
        "userId": 8,
        "id": 79,
        "title": "pariatur consequatur quia magnam autem omnis non amet",
        "body": "libero accusantium et et facere incidunt sit dolorem\nnon excepturi qui quia sed laudantium\nquisquam molestiae ducimus est\nofficiis esse molestiae iste et quos"
    },
    {
        "userId": 8,
        "id": 80,
        "title": "labore in ex et explicabo corporis aut quas",
        "body": "ex quod dolorem ea eum iure qui provident amet\nquia qui facere excepturi et repudiandae\nasperiores molestias provident\nminus incidunt vero fugit rerum sint sunt excepturi provident"
    },
    {
        "userId": 9,
        "id": 81,
        "title": "tempora rem veritatis voluptas quo dolores vero",
        "body": "facere qui nesciunt est voluptatum voluptatem nisi\nsequi eligendi necessitatibus ea at rerum itaque\nharum non ratione velit laboriosam quis consequuntur\nex officiis minima doloremque voluptas ut aut"
    },
    {
        "userId": 9,
        "id": 82,
        "title": "laudantium voluptate suscipit sunt enim enim",
        "body": "ut libero sit aut totam inventore sunt\nporro sint qui sunt molestiae\nconsequatur cupiditate qui iste ducimus adipisci\ndolor enim assumenda soluta laboriosam amet iste delectus hic"
    },
    {
        "userId": 9,
        "id": 83,
        "title": "odit et voluptates doloribus alias odio et",
        "body": "est molestiae facilis quis tempora numquam nihil qui\nvoluptate sapiente consequatur est qui\nnecessitatibus autem aut ipsa aperiam modi dolore numquam\nreprehenderit eius rem quibusdam"
    },
    {
        "userId": 9,
        "id": 84,
        "title": "optio ipsam molestias necessitatibus occaecati facilis veritatis dolores aut",
        "body": "sint molestiae magni a et quos\neaque et quasi\nut rerum debitis similique veniam\nrecusandae dignissimos dolor incidunt consequatur odio"
    },
    {
        "userId": 9,
        "id": 85,
        "title": "dolore veritatis porro provident adipisci blanditiis et sunt",
        "body": "similique sed nisi voluptas iusto omnis\nmollitia et quo\nassumenda suscipit officia magnam sint sed tempora\nenim provident pariatur praesentium atque animi amet ratione"
    },
    {
        "userId": 9,
        "id": 86,
        "title": "placeat quia et porro iste",
        "body": "quasi excepturi consequatur iste autem temporibus sed molestiae beatae\net quaerat et esse ut\nvoluptatem occaecati et vel explicabo autem\nasperiores pariatur deserunt optio"
    },
    {
        "userId": 9,
        "id": 87,
        "title": "nostrum quis quasi placeat",
        "body": "eos et molestiae\nnesciunt ut a\ndolores perspiciatis repellendus repellat aliquid\nmagnam sint rem ipsum est"
    },
    {
        "userId": 9,
        "id": 88,
        "title": "sapiente omnis fugit eos",
        "body": "consequatur omnis est praesentium\nducimus non iste\nneque hic deserunt\nvoluptatibus veniam cum et rerum sed"
    },
    {
        "userId": 9,
        "id": 89,
        "title": "sint soluta et vel magnam aut ut sed qui",
        "body": "repellat aut aperiam totam temporibus autem et\narchitecto magnam ut\nconsequatur qui cupiditate rerum quia soluta dignissimos nihil iure\ntempore quas est"
    },
    {
        "userId": 9,
        "id": 90,
        "title": "ad iusto omnis odit dolor voluptatibus",
        "body": "minus omnis soluta quia\nqui sed adipisci voluptates illum ipsam voluptatem\neligendi officia ut in\neos soluta similique molestias praesentium blanditiis"
    },
    {
        "userId": 10,
        "id": 91,
        "title": "aut amet sed",
        "body": "libero voluptate eveniet aperiam sed\nsunt placeat suscipit molestias\nsimilique fugit nam natus\nexpedita consequatur consequatur dolores quia eos et placeat"
    },
    {
        "userId": 10,
        "id": 92,
        "title": "ratione ex tenetur perferendis",
        "body": "aut et excepturi dicta laudantium sint rerum nihil\nlaudantium et at\na neque minima officia et similique libero et\ncommodi voluptate qui"
    },
    {
        "userId": 10,
        "id": 93,
        "title": "beatae soluta recusandae",
        "body": "dolorem quibusdam ducimus consequuntur dicta aut quo laboriosam\nvoluptatem quis enim recusandae ut sed sunt\nnostrum est odit totam\nsit error sed sunt eveniet provident qui nulla"
    },
    {
        "userId": 10,
        "id": 94,
        "title": "qui qui voluptates illo iste minima",
        "body": "aspernatur expedita soluta quo ab ut similique\nexpedita dolores amet\nsed temporibus distinctio magnam saepe deleniti\nomnis facilis nam ipsum natus sint similique omnis"
    },
    {
        "userId": 10,
        "id": 95,
        "title": "id minus libero illum nam ad officiis",
        "body": "earum voluptatem facere provident blanditiis velit laboriosam\npariatur accusamus odio saepe\ncumque dolor qui a dicta ab doloribus consequatur omnis\ncorporis cupiditate eaque assumenda ad nesciunt"
    },
    {
        "userId": 10,
        "id": 96,
        "title": "quaerat velit veniam amet cupiditate aut numquam ut sequi",
        "body": "in non odio excepturi sint eum\nlabore voluptates vitae quia qui et\ninventore itaque rerum\nveniam non exercitationem delectus aut"
    },
    {
        "userId": 10,
        "id": 97,
        "title": "quas fugiat ut perspiciatis vero provident",
        "body": "eum non blanditiis soluta porro quibusdam voluptas\nvel voluptatem qui placeat dolores qui velit aut\nvel inventore aut cumque culpa explicabo aliquid at\nperspiciatis est et voluptatem dignissimos dolor itaque sit nam"
    },
    {
        "userId": 10,
        "id": 98,
        "title": "laboriosam dolor voluptates",
        "body": "doloremque ex facilis sit sint culpa\nsoluta assumenda eligendi non ut eius\nsequi ducimus vel quasi\nveritatis est dolores"
    },
    {
        "userId": 10,
        "id": 99,
        "title": "temporibus sit alias delectus eligendi possimus magni",
        "body": "quo deleniti praesentium dicta non quod\naut est molestias\nmolestias et officia quis nihil\nitaque dolorem quia"
    },
    {
        "userId": 10,
        "id": 100,
        "title": "at nam consequatur ea labore ea harum",
        "body": "cupiditate quo est a modi nesciunt soluta\nipsa voluptas error itaque dicta in\nautem qui minus magnam et distinctio eum\naccusamus ratione error aut"
    }
]
Checking Schema Should be True]]></system-out>
  <system-err><![CDATA[]]></system-err>
</testsuite>
