<?xml version="1.0" encoding="UTF-8"?>
<testsuite name="rest.testWebSocketDepth" tests="1" skipped="0" failures="0" errors="0" timestamp="2025-04-27T18:10:40" hostname="Tio-Hizbullah.local" time="30.024">
  <properties/>
  <testcase name="testSubscribeToOrderBookStream" classname="rest.testWebSocketDepth" time="30.024"/>
  <system-out><![CDATA[Subscribed to Order Book stream: wss://stream.binance.com:9443/ws/bnbusdt@depth
Received message: {"p":"94095.23000000","a":3551019304,"q":"0.00014000","s":"BTCUSDT","T":1745777440774,"e":"aggTrade","E":1745777440774,"f":4855242633,"l":4855242633,"m":true,"M":true}
Received message: {"p":"94095.23000000","a":3551019304,"q":"0.00014000","s":"BTCUSDT","T":1745777440774,"e":"aggTrade","E":1745777440774,"f":4855242633,"l":4855242633,"m":true,"M":true}
Received message: {"a":[["94095.24000000","4.21475000"],["94095.25000000","0.00862000"],["94095.49000000","0.00085000"],["94096.68000000","0.00000000"],["94096.69000000","0.00000000"],["94096.84000000","0.00000000"],["94098.18000000","0.00010000"],["94098.49000000","0.01355000"],["94100.09000000","0.02122000"],["94109.45000000","0.00000000"],["94111.51000000","1.00000000"],["94123.66000000","0.00000000"],["94126.99000000","1.69495000"],["94127.78000000","2.00000000"],["95506.67000000","0.00000000"]],"b":[["94095.23000000","1.17227000"],["94093.86000000","0.70126000"],["94092.66000000","0.02131000"],["94087.00000000","0.04250000"],["94076.77000000","1.00000000"],["94074.79000000","0.00000000"],["94069.31000000","0.00000000"],["94060.77000000","1.35194000"],["94058.31000000","2.00000000"],["94054.35000000","0.00000000"],["92683.80000000","0.00116000"],["92589.71000000","0.00016000"],["92495.61000000","0.00016000"],["92401.52000000","0.00016000"],["92202.96000000","0.00008000"],["92108.87000000","0.00008000"],["89390.47000000","0.00000000"],["88000.00000000","59.53765000"],["84685.00000000","0.00000000"],["75276.19000000","0.00052000"],["33874.28000000","0.00324000"],["33000.00000000","2.70601000"]],"s":"BTCUSDT","e":"depthUpdate","E":1745777441014,"U":67663546945,"u":67663547008}
Received message: {"a":[["94095.24000000","4.21475000"],["94095.25000000","0.00862000"],["94095.49000000","0.00085000"],["94096.68000000","0.00000000"],["94096.69000000","0.00000000"],["94096.84000000","0.00000000"],["94098.18000000","0.00010000"],["94098.49000000","0.01355000"],["94100.09000000","0.02122000"],["94109.45000000","0.00000000"],["94111.51000000","1.00000000"],["94123.66000000","0.00000000"],["94126.99000000","1.69495000"],["94127.78000000","2.00000000"],["95506.67000000","0.00000000"]],"b":[["94095.23000000","1.17227000"],["94093.86000000","0.70126000"],["94092.66000000","0.02131000"],["94087.00000000","0.04250000"],["94076.77000000","1.00000000"],["94074.79000000","0.00000000"],["94069.31000000","0.00000000"],["94060.77000000","1.35194000"],["94058.31000000","2.00000000"],["94054.35000000","0.00000000"],["92683.80000000","0.00116000"],["92589.71000000","0.00016000"],["92495.61000000","0.00016000"],["92401.52000000","0.00016000"],["92202.96000000","0.00008000"],["92108.87000000","0.00008000"],["89390.47000000","0.00000000"],["88000.00000000","59.53765000"],["84685.00000000","0.00000000"],["75276.19000000","0.00052000"],["33874.28000000","0.00324000"],["33000.00000000","2.70601000"]],"s":"BTCUSDT","e":"depthUpdate","E":1745777441014,"U":67663546945,"u":67663547008}
Received message: {"p":"602.19000000","q":"0.20700000","s":"BNBUSDT","t":1041896654,"T":1745777441198,"e":"trade","E":1745777441198,"m":false,"M":true}
Received trade message: {"p":"602.19000000","q":"0.20700000","s":"BNBUSDT","t":1041896654,"T":1745777441198,"e":"trade","E":1745777441198,"m":false,"M":true}
Received message: {"p":"602.19000000","q":"0.54700000","s":"BNBUSDT","t":1041896655,"T":1745777441261,"e":"trade","E":1745777441262,"m":false,"M":true}
Received trade message: {"p":"602.19000000","q":"0.54700000","s":"BNBUSDT","t":1041896655,"T":1745777441261,"e":"trade","E":1745777441262,"m":false,"M":true}
Received message: {"p":"94095.24000000","a":3551019305,"q":"0.00009000","s":"BTCUSDT","T":1745777441481,"e":"aggTrade","E":1745777441482,"f":4855242634,"l":4855242634,"m":false,"M":true}
Received message: {"p":"94095.24000000","a":3551019305,"q":"0.00009000","s":"BTCUSDT","T":1745777441481,"e":"aggTrade","E":1745777441482,"f":4855242634,"l":4855242634,"m":false,"M":true}
Received message: {"p":"94095.24000000","a":3551019306,"q":"0.00007000","s":"BTCUSDT","T":1745777441483,"e":"aggTrade","E":1745777441483,"f":4855242635,"l":4855242635,"m":false,"M":true}
Received message: {"p":"94095.24000000","a":3551019306,"q":"0.00007000","s":"BTCUSDT","T":1745777441483,"e":"aggTrade","E":1745777441483,"f":4855242635,"l":4855242635,"m":false,"M":true}
Received message: {"p":"94095.23000000","a":3551019307,"q":"0.01124000","s":"BTCUSDT","T":1745777441857,"e":"aggTrade","E":1745777441857,"f":4855242636,"l":4855242636,"m":true,"M":true}
Received message: {"p":"94095.23000000","a":3551019307,"q":"0.01124000","s":"BTCUSDT","T":1745777441857,"e":"aggTrade","E":1745777441857,"f":4855242636,"l":4855242636,"m":true,"M":true}
Received message: {"a":[["94095.24000000","4.21470000"],["94095.25000000","0.00927000"],["94096.80000000","0.02245000"],["94100.09000000","0.00000000"],["94110.26000000","0.00000000"],["94110.86000000","1.00000000"],["94111.51000000","0.00000000"],["94112.58000000","0.00000000"],["94114.15000000","0.00000000"],["94125.28000000","0.00000000"],["94126.48000000","2.00000000"],["94126.99000000","1.14115000"],["94127.78000000","0.00000000"],["94129.92000000","0.00000000"],["94133.06000000","0.00000000"],["94133.42000000","0.00060000"],["94250.35000000","0.00006000"],["94256.20000000","0.00400000"],["95506.67000000","0.00100000"]],"b":[["94095.23000000","1.44510000"],["93969.60000000","0.05597000"],["93968.20000000","0.05597000"],["93965.77000000","0.05597000"],["93961.88000000","0.05597000"],["93958.62000000","0.05597000"],["93928.14000000","0.00000000"],["93925.47000000","0.00000000"],["93922.04000000","0.00000000"],["93919.44000000","0.00000000"],["93917.31000000","0.00000000"],["93915.25000000","0.00000000"],["92683.80000000","0.00016000"],["92307.42000000","0.00016000"],["92213.33000000","0.00016000"],["92119.23000000","0.00016000"],["84685.00000000","0.00000000"],["75276.19000000","0.00052000"],["33000.00000000","2.70601000"]],"s":"BTCUSDT","e":"depthUpdate","E":1745777442014,"U":67663547009,"u":67663547068}
Received message: {"a":[["94095.24000000","4.21470000"],["94095.25000000","0.00927000"],["94096.80000000","0.02245000"],["94100.09000000","0.00000000"],["94110.26000000","0.00000000"],["94110.86000000","1.00000000"],["94111.51000000","0.00000000"],["94112.58000000","0.00000000"],["94114.15000000","0.00000000"],["94125.28000000","0.00000000"],["94126.48000000","2.00000000"],["94126.99000000","1.14115000"],["94127.78000000","0.00000000"],["94129.92000000","0.00000000"],["94133.06000000","0.00000000"],["94133.42000000","0.00060000"],["94250.35000000","0.00006000"],["94256.20000000","0.00400000"],["95506.67000000","0.00100000"]],"b":[["94095.23000000","1.44510000"],["93969.60000000","0.05597000"],["93968.20000000","0.05597000"],["93965.77000000","0.05597000"],["93961.88000000","0.05597000"],["93958.62000000","0.05597000"],["93928.14000000","0.00000000"],["93925.47000000","0.00000000"],["93922.04000000","0.00000000"],["93919.44000000","0.00000000"],["93917.31000000","0.00000000"],["93915.25000000","0.00000000"],["92683.80000000","0.00016000"],["92307.42000000","0.00016000"],["92213.33000000","0.00016000"],["92119.23000000","0.00016000"],["84685.00000000","0.00000000"],["75276.19000000","0.00052000"],["33000.00000000","2.70601000"]],"s":"BTCUSDT","e":"depthUpdate","E":1745777442014,"U":67663547009,"u":67663547068}
Received message: {"p":"94095.23000000","a":3551019308,"q":"0.00106000","s":"BTCUSDT","T":1745777442821,"e":"aggTrade","E":1745777442822,"f":4855242637,"l":4855242637,"m":true,"M":true}
Received message: {"p":"94095.23000000","a":3551019308,"q":"0.00106000","s":"BTCUSDT","T":1745777442821,"e":"aggTrade","E":1745777442822,"f":4855242637,"l":4855242637,"m":true,"M":true}
Received message: {"a":[["94095.24000000","4.21862000"],["94095.25000000","0.00933000"],["94096.80000000","0.00000000"],["94098.49000000","0.00000000"],["94098.65000000","0.00764000"],["94098.67000000","0.01355000"],["94099.78000000","0.00000000"],["94100.12000000","0.00000000"],["94109.05000000","0.00531000"],["94110.24000000","0.00000000"],["94110.86000000","0.00000000"],["94110.96000000","1.00000000"],["94112.58000000","0.00000000"],["94113.99000000","0.00000000"],["94114.33000000","0.00531000"],["94124.27000000","0.00000000"],["94124.30000000","1.63673000"],["94126.48000000","0.00000000"],["94126.68000000","2.00000000"],["94126.99000000","0.07421000"],["94129.92000000","0.00000000"],["94137.74000000","0.30598000"],["94138.99000000","0.00000000"],["94310.32000000","0.00007000"],["95506.67000000","0.00000000"]],"b":[["94095.23000000","1.44413000"],["94088.95000000","0.00000000"],["94087.01000000","0.00212000"],["94074.52000000","0.00531000"],["94070.93000000","0.00000000"],["94066.23000000","0.00000000"],["94066.20000000","1.68895000"],["93991.40000000","0.00000000"],["93991.10000000","0.00230000"],["93968.43000000","0.03998000"],["93966.30000000","0.03998000"],["93963.98000000","0.03998000"],["93960.96000000","0.03998000"],["93958.98000000","0.03998000"],["93954.63000000","0.03998000"],["93923.93000000","0.00000000"],["93923.11000000","0.00106000"],["93855.72000000","0.00553000"],["93849.20000000","0.00000000"],["92683.80000000","0.00116000"],["92646.95000000","0.04105000"],["89300.00000000","0.68201000"],["84685.00000000","0.00000000"],["75276.19000000","0.00052000"],["33000.00000000","2.70601000"]],"s":"BTCUSDT","e":"depthUpdate","E":1745777443014,"U":67663547069,"u":67663547141}
Received message: {"a":[["94095.24000000","4.21862000"],["94095.25000000","0.00933000"],["94096.80000000","0.00000000"],["94098.49000000","0.00000000"],["94098.65000000","0.00764000"],["94098.67000000","0.01355000"],["94099.78000000","0.00000000"],["94100.12000000","0.00000000"],["94109.05000000","0.00531000"],["94110.24000000","0.00000000"],["94110.86000000","0.00000000"],["94110.96000000","1.00000000"],["94112.58000000","0.00000000"],["94113.99000000","0.00000000"],["94114.33000000","0.00531000"],["94124.27000000","0.00000000"],["94124.30000000","1.63673000"],["94126.48000000","0.00000000"],["94126.68000000","2.00000000"],["94126.99000000","0.07421000"],["94129.92000000","0.00000000"],["94137.74000000","0.30598000"],["94138.99000000","0.00000000"],["94310.32000000","0.00007000"],["95506.67000000","0.00000000"]],"b":[["94095.23000000","1.44413000"],["94088.95000000","0.00000000"],["94087.01000000","0.00212000"],["94074.52000000","0.00531000"],["94070.93000000","0.00000000"],["94066.23000000","0.00000000"],["94066.20000000","1.68895000"],["93991.40000000","0.00000000"],["93991.10000000","0.00230000"],["93968.43000000","0.03998000"],["93966.30000000","0.03998000"],["93963.98000000","0.03998000"],["93960.96000000","0.03998000"],["93958.98000000","0.03998000"],["93954.63000000","0.03998000"],["93923.93000000","0.00000000"],["93923.11000000","0.00106000"],["93855.72000000","0.00553000"],["93849.20000000","0.00000000"],["92683.80000000","0.00116000"],["92646.95000000","0.04105000"],["89300.00000000","0.68201000"],["84685.00000000","0.00000000"],["75276.19000000","0.00052000"],["33000.00000000","2.70601000"]],"s":"BTCUSDT","e":"depthUpdate","E":1745777443014,"U":67663547069,"u":67663547141}
Received message: {"p":"602.18000000","q":"0.09100000","s":"BNBUSDT","t":1041896656,"T":1745777443075,"e":"trade","E":1745777443075,"m":true,"M":true}
Received trade message: {"p":"602.18000000","q":"0.09100000","s":"BNBUSDT","t":1041896656,"T":1745777443075,"e":"trade","E":1745777443075,"m":true,"M":true}
Received message: {"p":"94095.23000000","a":3551019309,"q":"0.00108000","s":"BTCUSDT","T":1745777443322,"e":"aggTrade","E":1745777443323,"f":4855242638,"l":4855242638,"m":true,"M":true}
Received message: {"p":"94095.23000000","a":3551019309,"q":"0.00108000","s":"BTCUSDT","T":1745777443322,"e":"aggTrade","E":1745777443323,"f":4855242638,"l":4855242638,"m":true,"M":true}
Received message: {"p":"602.18000000","q":"0.10000000","s":"BNBUSDT","t":1041896657,"T":1745777443414,"e":"trade","E":1745777443415,"m":true,"M":true}
Received trade message: {"p":"602.18000000","q":"0.10000000","s":"BNBUSDT","t":1041896657,"T":1745777443414,"e":"trade","E":1745777443415,"m":true,"M":true}
Received message: {"p":"602.18000000","q":"1.01700000","s":"BNBUSDT","t":1041896658,"T":1745777443556,"e":"trade","E":1745777443557,"m":true,"M":true}
Received trade message: {"p":"602.18000000","q":"1.01700000","s":"BNBUSDT","t":1041896658,"T":1745777443556,"e":"trade","E":1745777443557,"m":true,"M":true}
Received message: {"p":"94095.23000000","a":3551019310,"q":"0.00010000","s":"BTCUSDT","T":1745777443576,"e":"aggTrade","E":1745777443577,"f":4855242639,"l":4855242639,"m":true,"M":true}
Received message: {"p":"94095.23000000","a":3551019310,"q":"0.00010000","s":"BTCUSDT","T":1745777443576,"e":"aggTrade","E":1745777443577,"f":4855242639,"l":4855242639,"m":true,"M":true}
Received message: {"a":[["94095.24000000","4.21871000"],["94100.47000000","0.02136000"],["95506.67000000","0.00100000"]],"b":[["94095.23000000","1.54887000"],["94093.86000000","0.70126000"],["94092.66000000","0.02154000"],["94087.00000000","0.04250000"],["94076.77000000","0.00000000"],["94075.16000000","2.09136000"],["94060.77000000","0.97879000"],["94058.31000000","0.00000000"],["94056.89000000","0.15900000"],["94055.09000000","2.00000000"],["93708.31000000","0.00000000"],["92683.80000000","0.00016000"],["92646.95000000","0.00000000"],["84685.00000000","0.00000000"],["75276.19000000","0.00052000"],["33000.00000000","2.70601000"],["20002.00000000","0.00000000"],["20001.00000000","0.03474000"]],"s":"BTCUSDT","e":"depthUpdate","E":1745777444014,"U":67663547142,"u":67663547187}
Received message: {"a":[["94095.24000000","4.21871000"],["94100.47000000","0.02136000"],["95506.67000000","0.00100000"]],"b":[["94095.23000000","1.54887000"],["94093.86000000","0.70126000"],["94092.66000000","0.02154000"],["94087.00000000","0.04250000"],["94076.77000000","0.00000000"],["94075.16000000","2.09136000"],["94060.77000000","0.97879000"],["94058.31000000","0.00000000"],["94056.89000000","0.15900000"],["94055.09000000","2.00000000"],["93708.31000000","0.00000000"],["92683.80000000","0.00016000"],["92646.95000000","0.00000000"],["84685.00000000","0.00000000"],["75276.19000000","0.00052000"],["33000.00000000","2.70601000"],["20002.00000000","0.00000000"],["20001.00000000","0.03474000"]],"s":"BTCUSDT","e":"depthUpdate","E":1745777444014,"U":67663547142,"u":67663547187}
Received message: {"p":"602.18000000","q":"0.35000000","s":"BNBUSDT","t":1041896659,"T":1745777444484,"e":"trade","E":1745777444484,"m":true,"M":true}
Received trade message: {"p":"602.18000000","q":"0.35000000","s":"BNBUSDT","t":1041896659,"T":1745777444484,"e":"trade","E":1745777444484,"m":true,"M":true}
Received message: {"p":"94095.23000000","a":3551019311,"q":"0.01674000","s":"BTCUSDT","T":1745777444491,"e":"aggTrade","E":1745777444491,"f":4855242640,"l":4855242640,"m":true,"M":true}
Received message: {"p":"94095.23000000","a":3551019311,"q":"0.01674000","s":"BTCUSDT","T":1745777444491,"e":"aggTrade","E":1745777444491,"f":4855242640,"l":4855242640,"m":true,"M":true}
Received message: {"p":"602.18000000","q":"1.63300000","s":"BNBUSDT","t":1041896660,"T":1745777444944,"e":"trade","E":1745777444944,"m":true,"M":true}
Received trade message: {"p":"602.18000000","q":"1.63300000","s":"BNBUSDT","t":1041896660,"T":1745777444944,"e":"trade","E":1745777444944,"m":true,"M":true}
Received message: {"p":"602.18000000","q":"1.55900000","s":"BNBUSDT","t":1041896661,"T":1745777444944,"e":"trade","E":1745777444944,"m":true,"M":true}
Received trade message: {"p":"602.18000000","q":"1.55900000","s":"BNBUSDT","t":1041896661,"T":1745777444944,"e":"trade","E":1745777444944,"m":true,"M":true}
Received message: {"p":"602.18000000","q":"4.98000000","s":"BNBUSDT","t":1041896662,"T":1745777444944,"e":"trade","E":1745777444944,"m":true,"M":true}
Received trade message: {"p":"602.18000000","q":"4.98000000","s":"BNBUSDT","t":1041896662,"T":1745777444944,"e":"trade","E":1745777444944,"m":true,"M":true}
Received message: {"p":"602.18000000","q":"3.54200000","s":"BNBUSDT","t":1041896663,"T":1745777444944,"e":"trade","E":1745777444944,"m":true,"M":true}
Received trade message: {"p":"602.18000000","q":"3.54200000","s":"BNBUSDT","t":1041896663,"T":1745777444944,"e":"trade","E":1745777444944,"m":true,"M":true}
Received message: {"p":"602.18000000","q":"2.97000000","s":"BNBUSDT","t":1041896664,"T":1745777444944,"e":"trade","E":1745777444944,"m":true,"M":true}
Received trade message: {"p":"602.18000000","q":"2.97000000","s":"BNBUSDT","t":1041896664,"T":1745777444944,"e":"trade","E":1745777444944,"m":true,"M":true}
Received message: {"p":"602.18000000","q":"2.97000000","s":"BNBUSDT","t":1041896665,"T":1745777444944,"e":"trade","E":1745777444944,"m":true,"M":true}
Received trade message: {"p":"602.18000000","q":"2.97000000","s":"BNBUSDT","t":1041896665,"T":1745777444944,"e":"trade","E":1745777444944,"m":true,"M":true}
Received message: {"p":"602.18000000","q":"0.00900000","s":"BNBUSDT","t":1041896666,"T":1745777444944,"e":"trade","E":1745777444944,"m":true,"M":true}
Received trade message: {"p":"602.18000000","q":"0.00900000","s":"BNBUSDT","t":1041896666,"T":1745777444944,"e":"trade","E":1745777444944,"m":true,"M":true}
Received message: {"p":"602.18000000","q":"0.00900000","s":"BNBUSDT","t":1041896667,"T":1745777444944,"e":"trade","E":1745777444944,"m":true,"M":true}
Received trade message: {"p":"602.18000000","q":"0.00900000","s":"BNBUSDT","t":1041896667,"T":1745777444944,"e":"trade","E":1745777444944,"m":true,"M":true}
Received message: {"p":"602.18000000","q":"0.00900000","s":"BNBUSDT","t":1041896668,"T":1745777444944,"e":"trade","E":1745777444944,"m":true,"M":true}
Received trade message: {"p":"602.18000000","q":"0.00900000","s":"BNBUSDT","t":1041896668,"T":1745777444944,"e":"trade","E":1745777444944,"m":true,"M":true}
Received message: {"p":"602.18000000","q":"0.00900000","s":"BNBUSDT","t":1041896669,"T":1745777444944,"e":"trade","E":1745777444944,"m":true,"M":true}
Received trade message: {"p":"602.18000000","q":"0.00900000","s":"BNBUSDT","t":1041896669,"T":1745777444944,"e":"trade","E":1745777444944,"m":true,"M":true}
Received message: {"p":"602.18000000","q":"0.00900000","s":"BNBUSDT","t":1041896670,"T":1745777444944,"e":"trade","E":1745777444944,"m":true,"M":true}
Received trade message: {"p":"602.18000000","q":"0.00900000","s":"BNBUSDT","t":1041896670,"T":1745777444944,"e":"trade","E":1745777444944,"m":true,"M":true}
Received message: {"p":"602.18000000","q":"0.00900000","s":"BNBUSDT","t":1041896671,"T":1745777444944,"e":"trade","E":1745777444944,"m":true,"M":true}
Received trade message: {"p":"602.18000000","q":"0.00900000","s":"BNBUSDT","t":1041896671,"T":1745777444944,"e":"trade","E":1745777444944,"m":true,"M":true}
Received message: {"p":"602.18000000","q":"0.00900000","s":"BNBUSDT","t":1041896672,"T":1745777444944,"e":"trade","E":1745777444944,"m":true,"M":true}
Received trade message: {"p":"602.18000000","q":"0.00900000","s":"BNBUSDT","t":1041896672,"T":1745777444944,"e":"trade","E":1745777444944,"m":true,"M":true}
Received message: {"p":"602.18000000","q":"0.00900000","s":"BNBUSDT","t":1041896673,"T":1745777444944,"e":"trade","E":1745777444944,"m":true,"M":true}
Received trade message: {"p":"602.18000000","q":"0.00900000","s":"BNBUSDT","t":1041896673,"T":1745777444944,"e":"trade","E":1745777444944,"m":true,"M":true}
Received message: {"p":"602.18000000","q":"0.41500000","s":"BNBUSDT","t":1041896674,"T":1745777444944,"e":"trade","E":1745777444944,"m":true,"M":true}
Received trade message: {"p":"602.18000000","q":"0.41500000","s":"BNBUSDT","t":1041896674,"T":1745777444944,"e":"trade","E":1745777444944,"m":true,"M":true}
Received message: {"p":"602.18000000","q":"0.41500000","s":"BNBUSDT","t":1041896675,"T":1745777444944,"e":"trade","E":1745777444944,"m":true,"M":true}
Received trade message: {"p":"602.18000000","q":"0.41500000","s":"BNBUSDT","t":1041896675,"T":1745777444944,"e":"trade","E":1745777444944,"m":true,"M":true}
Received message: {"p":"602.18000000","q":"0.41500000","s":"BNBUSDT","t":1041896676,"T":1745777444944,"e":"trade","E":1745777444944,"m":true,"M":true}
Received trade message: {"p":"602.18000000","q":"0.41500000","s":"BNBUSDT","t":1041896676,"T":1745777444944,"e":"trade","E":1745777444944,"m":true,"M":true}
Received message: {"p":"602.18000000","q":"0.41500000","s":"BNBUSDT","t":1041896677,"T":1745777444944,"e":"trade","E":1745777444944,"m":true,"M":true}
Received trade message: {"p":"602.18000000","q":"0.41500000","s":"BNBUSDT","t":1041896677,"T":1745777444944,"e":"trade","E":1745777444944,"m":true,"M":true}
Received message: {"p":"602.18000000","q":"0.50200000","s":"BNBUSDT","t":1041896678,"T":1745777444944,"e":"trade","E":1745777444944,"m":true,"M":true}
Received trade message: {"p":"602.18000000","q":"0.50200000","s":"BNBUSDT","t":1041896678,"T":1745777444944,"e":"trade","E":1745777444944,"m":true,"M":true}
Received message: {"p":"602.18000000","q":"0.01300000","s":"BNBUSDT","t":1041896679,"T":1745777444944,"e":"trade","E":1745777444944,"m":true,"M":true}
Received trade message: {"p":"602.18000000","q":"0.01300000","s":"BNBUSDT","t":1041896679,"T":1745777444944,"e":"trade","E":1745777444944,"m":true,"M":true}
Received message: {"p":"602.18000000","q":"0.02300000","s":"BNBUSDT","t":1041896680,"T":1745777444944,"e":"trade","E":1745777444944,"m":true,"M":true}
Received trade message: {"p":"602.18000000","q":"0.02300000","s":"BNBUSDT","t":1041896680,"T":1745777444944,"e":"trade","E":1745777444944,"m":true,"M":true}
Received message: {"p":"602.18000000","q":"0.00900000","s":"BNBUSDT","t":1041896681,"T":1745777444944,"e":"trade","E":1745777444944,"m":true,"M":true}
Received trade message: {"p":"602.18000000","q":"0.00900000","s":"BNBUSDT","t":1041896681,"T":1745777444944,"e":"trade","E":1745777444944,"m":true,"M":true}
Received message: {"p":"602.18000000","q":"0.00900000","s":"BNBUSDT","t":1041896682,"T":1745777444944,"e":"trade","E":1745777444944,"m":true,"M":true}
Received trade message: {"p":"602.18000000","q":"0.00900000","s":"BNBUSDT","t":1041896682,"T":1745777444944,"e":"trade","E":1745777444944,"m":true,"M":true}
Received message: {"p":"602.18000000","q":"0.00900000","s":"BNBUSDT","t":1041896683,"T":1745777444944,"e":"trade","E":1745777444944,"m":true,"M":true}
Received trade message: {"p":"602.18000000","q":"0.00900000","s":"BNBUSDT","t":1041896683,"T":1745777444944,"e":"trade","E":1745777444944,"m":true,"M":true}
Received message: {"p":"602.18000000","q":"0.00900000","s":"BNBUSDT","t":1041896684,"T":1745777444944,"e":"trade","E":1745777444944,"m":true,"M":true}
Received trade message: {"p":"602.18000000","q":"0.00900000","s":"BNBUSDT","t":1041896684,"T":1745777444944,"e":"trade","E":1745777444944,"m":true,"M":true}
Received message: {"p":"602.18000000","q":"0.00900000","s":"BNBUSDT","t":1041896685,"T":1745777444944,"e":"trade","E":1745777444944,"m":true,"M":true}
Received trade message: {"p":"602.18000000","q":"0.00900000","s":"BNBUSDT","t":1041896685,"T":1745777444944,"e":"trade","E":1745777444944,"m":true,"M":true}
Received message: {"p":"602.18000000","q":"0.00900000","s":"BNBUSDT","t":1041896686,"T":1745777444944,"e":"trade","E":1745777444944,"m":true,"M":true}
Received trade message: {"p":"602.18000000","q":"0.00900000","s":"BNBUSDT","t":1041896686,"T":1745777444944,"e":"trade","E":1745777444944,"m":true,"M":true}
Received message: {"p":"602.17000000","q":"0.99800000","s":"BNBUSDT","t":1041896687,"T":1745777444944,"e":"trade","E":1745777444944,"m":true,"M":true}
Received trade message: {"p":"602.17000000","q":"0.99800000","s":"BNBUSDT","t":1041896687,"T":1745777444944,"e":"trade","E":1745777444944,"m":true,"M":true}
Received message: {"p":"602.17000000","q":"0.00900000","s":"BNBUSDT","t":1041896688,"T":1745777444944,"e":"trade","E":1745777444944,"m":true,"M":true}
Received trade message: {"p":"602.17000000","q":"0.00900000","s":"BNBUSDT","t":1041896688,"T":1745777444944,"e":"trade","E":1745777444944,"m":true,"M":true}
Received message: {"p":"602.17000000","q":"0.00900000","s":"BNBUSDT","t":1041896689,"T":1745777444944,"e":"trade","E":1745777444944,"m":true,"M":true}
Received trade message: {"p":"602.17000000","q":"0.00900000","s":"BNBUSDT","t":1041896689,"T":1745777444944,"e":"trade","E":1745777444944,"m":true,"M":true}
Received message: {"p":"602.17000000","q":"0.66400000","s":"BNBUSDT","t":1041896690,"T":1745777444944,"e":"trade","E":1745777444944,"m":true,"M":true}
Received trade message: {"p":"602.17000000","q":"0.66400000","s":"BNBUSDT","t":1041896690,"T":1745777444944,"e":"trade","E":1745777444944,"m":true,"M":true}
Received message: {"p":"602.17000000","q":"0.00900000","s":"BNBUSDT","t":1041896691,"T":1745777444944,"e":"trade","E":1745777444944,"m":true,"M":true}
Received trade message: {"p":"602.17000000","q":"0.00900000","s":"BNBUSDT","t":1041896691,"T":1745777444944,"e":"trade","E":1745777444944,"m":true,"M":true}
Received message: {"p":"602.17000000","q":"0.00900000","s":"BNBUSDT","t":1041896692,"T":1745777444944,"e":"trade","E":1745777444944,"m":true,"M":true}
Received trade message: {"p":"602.17000000","q":"0.00900000","s":"BNBUSDT","t":1041896692,"T":1745777444944,"e":"trade","E":1745777444944,"m":true,"M":true}
Received message: {"p":"602.17000000","q":"0.00900000","s":"BNBUSDT","t":1041896693,"T":1745777444944,"e":"trade","E":1745777444944,"m":true,"M":true}
Received trade message: {"p":"602.17000000","q":"0.00900000","s":"BNBUSDT","t":1041896693,"T":1745777444944,"e":"trade","E":1745777444944,"m":true,"M":true}
Received message: {"p":"602.17000000","q":"0.30000000","s":"BNBUSDT","t":1041896694,"T":1745777444944,"e":"trade","E":1745777444944,"m":true,"M":true}
Received trade message: {"p":"602.17000000","q":"0.30000000","s":"BNBUSDT","t":1041896694,"T":1745777444944,"e":"trade","E":1745777444944,"m":true,"M":true}
Received message: {"p":"602.17000000","q":"0.49700000","s":"BNBUSDT","t":1041896695,"T":1745777444944,"e":"trade","E":1745777444944,"m":true,"M":true}
Received trade message: {"p":"602.17000000","q":"0.49700000","s":"BNBUSDT","t":1041896695,"T":1745777444944,"e":"trade","E":1745777444944,"m":true,"M":true}
Received message: {"p":"602.17000000","q":"0.33300000","s":"BNBUSDT","t":1041896696,"T":1745777444944,"e":"trade","E":1745777444944,"m":true,"M":true}
Received trade message: {"p":"602.17000000","q":"0.33300000","s":"BNBUSDT","t":1041896696,"T":1745777444944,"e":"trade","E":1745777444944,"m":true,"M":true}
Received message: {"p":"602.17000000","q":"0.41500000","s":"BNBUSDT","t":1041896697,"T":1745777444944,"e":"trade","E":1745777444944,"m":true,"M":true}
Received trade message: {"p":"602.17000000","q":"0.41500000","s":"BNBUSDT","t":1041896697,"T":1745777444944,"e":"trade","E":1745777444944,"m":true,"M":true}
Received message: {"p":"602.17000000","q":"0.00900000","s":"BNBUSDT","t":1041896698,"T":1745777444944,"e":"trade","E":1745777444944,"m":true,"M":true}
Received trade message: {"p":"602.17000000","q":"0.00900000","s":"BNBUSDT","t":1041896698,"T":1745777444944,"e":"trade","E":1745777444944,"m":true,"M":true}
Received message: {"p":"602.17000000","q":"0.05900000","s":"BNBUSDT","t":1041896699,"T":1745777444944,"e":"trade","E":1745777444944,"m":true,"M":true}
Received trade message: {"p":"602.17000000","q":"0.05900000","s":"BNBUSDT","t":1041896699,"T":1745777444944,"e":"trade","E":1745777444944,"m":true,"M":true}
Received message: {"p":"602.17000000","q":"0.00900000","s":"BNBUSDT","t":1041896700,"T":1745777444944,"e":"trade","E":1745777444944,"m":true,"M":true}
Received trade message: {"p":"602.17000000","q":"0.00900000","s":"BNBUSDT","t":1041896700,"T":1745777444944,"e":"trade","E":1745777444944,"m":true,"M":true}
Received message: {"p":"602.17000000","q":"0.00900000","s":"BNBUSDT","t":1041896701,"T":1745777444944,"e":"trade","E":1745777444944,"m":true,"M":true}
Received trade message: {"p":"602.17000000","q":"0.00900000","s":"BNBUSDT","t":1041896701,"T":1745777444944,"e":"trade","E":1745777444944,"m":true,"M":true}
Received message: {"p":"602.17000000","q":"0.00900000","s":"BNBUSDT","t":1041896702,"T":1745777444944,"e":"trade","E":1745777444944,"m":true,"M":true}
Received trade message: {"p":"602.17000000","q":"0.00900000","s":"BNBUSDT","t":1041896702,"T":1745777444944,"e":"trade","E":1745777444944,"m":true,"M":true}
Received message: {"p":"602.17000000","q":"0.00900000","s":"BNBUSDT","t":1041896703,"T":1745777444944,"e":"trade","E":1745777444944,"m":true,"M":true}
Received trade message: {"p":"602.17000000","q":"0.00900000","s":"BNBUSDT","t":1041896703,"T":1745777444944,"e":"trade","E":1745777444944,"m":true,"M":true}
Received message: {"p":"602.16000000","q":"0.00900000","s":"BNBUSDT","t":1041896704,"T":1745777444945,"e":"trade","E":1745777444945,"m":true,"M":true}
Received trade message: {"p":"602.16000000","q":"0.00900000","s":"BNBUSDT","t":1041896704,"T":1745777444945,"e":"trade","E":1745777444945,"m":true,"M":true}
Received message: {"p":"602.16000000","q":"0.00900000","s":"BNBUSDT","t":1041896705,"T":1745777444945,"e":"trade","E":1745777444945,"m":true,"M":true}
Received trade message: {"p":"602.16000000","q":"0.00900000","s":"BNBUSDT","t":1041896705,"T":1745777444945,"e":"trade","E":1745777444945,"m":true,"M":true}
Received message: {"p":"602.16000000","q":"0.00900000","s":"BNBUSDT","t":1041896706,"T":1745777444945,"e":"trade","E":1745777444945,"m":true,"M":true}
Received trade message: {"p":"602.16000000","q":"0.00900000","s":"BNBUSDT","t":1041896706,"T":1745777444945,"e":"trade","E":1745777444945,"m":true,"M":true}
Received message: {"p":"602.16000000","q":"0.00900000","s":"BNBUSDT","t":1041896707,"T":1745777444945,"e":"trade","E":1745777444945,"m":true,"M":true}
Received trade message: {"p":"602.16000000","q":"0.00900000","s":"BNBUSDT","t":1041896707,"T":1745777444945,"e":"trade","E":1745777444945,"m":true,"M":true}
Received message: {"p":"602.16000000","q":"0.00900000","s":"BNBUSDT","t":1041896708,"T":1745777444945,"e":"trade","E":1745777444945,"m":true,"M":true}
Received trade message: {"p":"602.16000000","q":"0.00900000","s":"BNBUSDT","t":1041896708,"T":1745777444945,"e":"trade","E":1745777444945,"m":true,"M":true}
Received message: {"p":"602.16000000","q":"0.00900000","s":"BNBUSDT","t":1041896709,"T":1745777444945,"e":"trade","E":1745777444945,"m":true,"M":true}
Received trade message: {"p":"602.16000000","q":"0.00900000","s":"BNBUSDT","t":1041896709,"T":1745777444945,"e":"trade","E":1745777444945,"m":true,"M":true}
Received message: {"p":"602.16000000","q":"0.00900000","s":"BNBUSDT","t":1041896710,"T":1745777444945,"e":"trade","E":1745777444945,"m":true,"M":true}
Received trade message: {"p":"602.16000000","q":"0.00900000","s":"BNBUSDT","t":1041896710,"T":1745777444945,"e":"trade","E":1745777444945,"m":true,"M":true}
Received message: {"p":"602.15000000","q":"0.00900000","s":"BNBUSDT","t":1041896711,"T":1745777444945,"e":"trade","E":1745777444945,"m":true,"M":true}
Received trade message: {"p":"602.15000000","q":"0.00900000","s":"BNBUSDT","t":1041896711,"T":1745777444945,"e":"trade","E":1745777444945,"m":true,"M":true}
Received message: {"p":"602.15000000","q":"0.00900000","s":"BNBUSDT","t":1041896712,"T":1745777444945,"e":"trade","E":1745777444945,"m":true,"M":true}
Received trade message: {"p":"602.15000000","q":"0.00900000","s":"BNBUSDT","t":1041896712,"T":1745777444945,"e":"trade","E":1745777444945,"m":true,"M":true}
Received message: {"p":"602.15000000","q":"0.00900000","s":"BNBUSDT","t":1041896713,"T":1745777444945,"e":"trade","E":1745777444945,"m":true,"M":true}
Received trade message: {"p":"602.15000000","q":"0.00900000","s":"BNBUSDT","t":1041896713,"T":1745777444945,"e":"trade","E":1745777444945,"m":true,"M":true}
Received message: {"p":"602.15000000","q":"0.00900000","s":"BNBUSDT","t":1041896714,"T":1745777444945,"e":"trade","E":1745777444945,"m":true,"M":true}
Received trade message: {"p":"602.15000000","q":"0.00900000","s":"BNBUSDT","t":1041896714,"T":1745777444945,"e":"trade","E":1745777444945,"m":true,"M":true}
Received message: {"p":"602.15000000","q":"0.00900000","s":"BNBUSDT","t":1041896715,"T":1745777444945,"e":"trade","E":1745777444945,"m":true,"M":true}
Received trade message: {"p":"602.15000000","q":"0.00900000","s":"BNBUSDT","t":1041896715,"T":1745777444945,"e":"trade","E":1745777444945,"m":true,"M":true}
Received message: {"p":"602.15000000","q":"0.00900000","s":"BNBUSDT","t":1041896716,"T":1745777444945,"e":"trade","E":1745777444945,"m":true,"M":true}
Received trade message: {"p":"602.15000000","q":"0.00900000","s":"BNBUSDT","t":1041896716,"T":1745777444945,"e":"trade","E":1745777444945,"m":true,"M":true}
Received message: {"p":"602.15000000","q":"0.00900000","s":"BNBUSDT","t":1041896717,"T":1745777444945,"e":"trade","E":1745777444945,"m":true,"M":true}
Received trade message: {"p":"602.15000000","q":"0.00900000","s":"BNBUSDT","t":1041896717,"T":1745777444945,"e":"trade","E":1745777444945,"m":true,"M":true}
Received message: {"p":"602.14000000","q":"0.00900000","s":"BNBUSDT","t":1041896718,"T":1745777444947,"e":"trade","E":1745777444947,"m":true,"M":true}
Received trade message: {"p":"602.14000000","q":"0.00900000","s":"BNBUSDT","t":1041896718,"T":1745777444947,"e":"trade","E":1745777444947,"m":true,"M":true}
Received message: {"p":"602.14000000","q":"0.00900000","s":"BNBUSDT","t":1041896719,"T":1745777444947,"e":"trade","E":1745777444947,"m":true,"M":true}
Received trade message: {"p":"602.14000000","q":"0.00900000","s":"BNBUSDT","t":1041896719,"T":1745777444947,"e":"trade","E":1745777444947,"m":true,"M":true}
Received message: {"p":"602.14000000","q":"0.01000000","s":"BNBUSDT","t":1041896720,"T":1745777444947,"e":"trade","E":1745777444947,"m":true,"M":true}
Received trade message: {"p":"602.14000000","q":"0.01000000","s":"BNBUSDT","t":1041896720,"T":1745777444947,"e":"trade","E":1745777444947,"m":true,"M":true}
Received message: {"p":"602.14000000","q":"0.83000000","s":"BNBUSDT","t":1041896721,"T":1745777444947,"e":"trade","E":1745777444947,"m":true,"M":true}
Received trade message: {"p":"602.14000000","q":"0.83000000","s":"BNBUSDT","t":1041896721,"T":1745777444947,"e":"trade","E":1745777444947,"m":true,"M":true}
Received message: {"p":"602.14000000","q":"0.00900000","s":"BNBUSDT","t":1041896722,"T":1745777444947,"e":"trade","E":1745777444947,"m":true,"M":true}
Received trade message: {"p":"602.14000000","q":"0.00900000","s":"BNBUSDT","t":1041896722,"T":1745777444947,"e":"trade","E":1745777444947,"m":true,"M":true}
Received message: {"p":"602.14000000","q":"0.00900000","s":"BNBUSDT","t":1041896723,"T":1745777444947,"e":"trade","E":1745777444947,"m":true,"M":true}
Received trade message: {"p":"602.14000000","q":"0.00900000","s":"BNBUSDT","t":1041896723,"T":1745777444947,"e":"trade","E":1745777444947,"m":true,"M":true}
Received message: {"p":"602.13000000","q":"0.00900000","s":"BNBUSDT","t":1041896724,"T":1745777444951,"e":"trade","E":1745777444951,"m":true,"M":true}
Received trade message: {"p":"602.13000000","q":"0.00900000","s":"BNBUSDT","t":1041896724,"T":1745777444951,"e":"trade","E":1745777444951,"m":true,"M":true}
Received message: {"p":"602.13000000","q":"0.00900000","s":"BNBUSDT","t":1041896725,"T":1745777444951,"e":"trade","E":1745777444951,"m":true,"M":true}
Received trade message: {"p":"602.13000000","q":"0.00900000","s":"BNBUSDT","t":1041896725,"T":1745777444951,"e":"trade","E":1745777444951,"m":true,"M":true}
Received message: {"p":"602.13000000","q":"0.00900000","s":"BNBUSDT","t":1041896726,"T":1745777444951,"e":"trade","E":1745777444951,"m":true,"M":true}
Received trade message: {"p":"602.13000000","q":"0.00900000","s":"BNBUSDT","t":1041896726,"T":1745777444951,"e":"trade","E":1745777444951,"m":true,"M":true}
Received message: {"p":"602.13000000","q":"0.00900000","s":"BNBUSDT","t":1041896727,"T":1745777444951,"e":"trade","E":1745777444951,"m":true,"M":true}
Received trade message: {"p":"602.13000000","q":"0.00900000","s":"BNBUSDT","t":1041896727,"T":1745777444951,"e":"trade","E":1745777444951,"m":true,"M":true}
Received message: {"p":"602.13000000","q":"0.00900000","s":"BNBUSDT","t":1041896728,"T":1745777444951,"e":"trade","E":1745777444951,"m":true,"M":true}
Received trade message: {"p":"602.13000000","q":"0.00900000","s":"BNBUSDT","t":1041896728,"T":1745777444951,"e":"trade","E":1745777444951,"m":true,"M":true}
Received message: {"p":"602.13000000","q":"0.00900000","s":"BNBUSDT","t":1041896729,"T":1745777444951,"e":"trade","E":1745777444951,"m":true,"M":true}
Received trade message: {"p":"602.13000000","q":"0.00900000","s":"BNBUSDT","t":1041896729,"T":1745777444951,"e":"trade","E":1745777444951,"m":true,"M":true}
Received message: {"p":"602.13000000","q":"0.00900000","s":"BNBUSDT","t":1041896730,"T":1745777444951,"e":"trade","E":1745777444951,"m":true,"M":true}
Received trade message: {"p":"602.13000000","q":"0.00900000","s":"BNBUSDT","t":1041896730,"T":1745777444951,"e":"trade","E":1745777444951,"m":true,"M":true}
Received message: {"p":"602.13000000","q":"0.00900000","s":"BNBUSDT","t":1041896731,"T":1745777444951,"e":"trade","E":1745777444951,"m":true,"M":true}
Received trade message: {"p":"602.13000000","q":"0.00900000","s":"BNBUSDT","t":1041896731,"T":1745777444951,"e":"trade","E":1745777444951,"m":true,"M":true}
Received message: {"p":"602.13000000","q":"0.00900000","s":"BNBUSDT","t":1041896732,"T":1745777444951,"e":"trade","E":1745777444951,"m":true,"M":true}
Received trade message: {"p":"602.13000000","q":"0.00900000","s":"BNBUSDT","t":1041896732,"T":1745777444951,"e":"trade","E":1745777444951,"m":true,"M":true}
Received message: {"p":"602.13000000","q":"0.00900000","s":"BNBUSDT","t":1041896733,"T":1745777444951,"e":"trade","E":1745777444951,"m":true,"M":true}
Received trade message: {"p":"602.13000000","q":"0.00900000","s":"BNBUSDT","t":1041896733,"T":1745777444951,"e":"trade","E":1745777444951,"m":true,"M":true}
Received message: {"p":"602.13000000","q":"0.00900000","s":"BNBUSDT","t":1041896734,"T":1745777444951,"e":"trade","E":1745777444951,"m":true,"M":true}
Received trade message: {"p":"602.13000000","q":"0.00900000","s":"BNBUSDT","t":1041896734,"T":1745777444951,"e":"trade","E":1745777444951,"m":true,"M":true}
Received message: {"p":"602.12000000","q":"0.00900000","s":"BNBUSDT","t":1041896735,"T":1745777444951,"e":"trade","E":1745777444951,"m":true,"M":true}
Received trade message: {"p":"602.12000000","q":"0.00900000","s":"BNBUSDT","t":1041896735,"T":1745777444951,"e":"trade","E":1745777444951,"m":true,"M":true}
Received message: {"p":"602.12000000","q":"0.41500000","s":"BNBUSDT","t":1041896736,"T":1745777444951,"e":"trade","E":1745777444951,"m":true,"M":true}
Received trade message: {"p":"602.12000000","q":"0.41500000","s":"BNBUSDT","t":1041896736,"T":1745777444951,"e":"trade","E":1745777444951,"m":true,"M":true}
Received message: {"p":"602.12000000","q":"0.00900000","s":"BNBUSDT","t":1041896737,"T":1745777444951,"e":"trade","E":1745777444951,"m":true,"M":true}
Received trade message: {"p":"602.12000000","q":"0.00900000","s":"BNBUSDT","t":1041896737,"T":1745777444951,"e":"trade","E":1745777444951,"m":true,"M":true}
Received message: {"p":"602.12000000","q":"0.00900000","s":"BNBUSDT","t":1041896738,"T":1745777444951,"e":"trade","E":1745777444951,"m":true,"M":true}
Received trade message: {"p":"602.12000000","q":"0.00900000","s":"BNBUSDT","t":1041896738,"T":1745777444951,"e":"trade","E":1745777444951,"m":true,"M":true}
Received message: {"p":"602.12000000","q":"0.00900000","s":"BNBUSDT","t":1041896739,"T":1745777444951,"e":"trade","E":1745777444951,"m":true,"M":true}
Received trade message: {"p":"602.12000000","q":"0.00900000","s":"BNBUSDT","t":1041896739,"T":1745777444951,"e":"trade","E":1745777444951,"m":true,"M":true}
Received message: {"p":"602.12000000","q":"0.00900000","s":"BNBUSDT","t":1041896740,"T":1745777444951,"e":"trade","E":1745777444951,"m":true,"M":true}
Received trade message: {"p":"602.12000000","q":"0.00900000","s":"BNBUSDT","t":1041896740,"T":1745777444951,"e":"trade","E":1745777444951,"m":true,"M":true}
Received message: {"p":"602.12000000","q":"0.00900000","s":"BNBUSDT","t":1041896741,"T":1745777444951,"e":"trade","E":1745777444951,"m":true,"M":true}
Received trade message: {"p":"602.12000000","q":"0.00900000","s":"BNBUSDT","t":1041896741,"T":1745777444951,"e":"trade","E":1745777444951,"m":true,"M":true}
Received message: {"p":"602.12000000","q":"0.00900000","s":"BNBUSDT","t":1041896742,"T":1745777444951,"e":"trade","E":1745777444951,"m":true,"M":true}
Received trade message: {"p":"602.12000000","q":"0.00900000","s":"BNBUSDT","t":1041896742,"T":1745777444951,"e":"trade","E":1745777444951,"m":true,"M":true}
Received message: {"p":"602.12000000","q":"0.00900000","s":"BNBUSDT","t":1041896743,"T":1745777444951,"e":"trade","E":1745777444951,"m":true,"M":true}
Received trade message: {"p":"602.12000000","q":"0.00900000","s":"BNBUSDT","t":1041896743,"T":1745777444951,"e":"trade","E":1745777444951,"m":true,"M":true}
Received message: {"p":"602.12000000","q":"0.00900000","s":"BNBUSDT","t":1041896744,"T":1745777444951,"e":"trade","E":1745777444951,"m":true,"M":true}
Received trade message: {"p":"602.12000000","q":"0.00900000","s":"BNBUSDT","t":1041896744,"T":1745777444951,"e":"trade","E":1745777444951,"m":true,"M":true}
Received message: {"p":"602.11000000","q":"0.00900000","s":"BNBUSDT","t":1041896745,"T":1745777444952,"e":"trade","E":1745777444953,"m":true,"M":true}
Received trade message: {"p":"602.11000000","q":"0.00900000","s":"BNBUSDT","t":1041896745,"T":1745777444952,"e":"trade","E":1745777444953,"m":true,"M":true}
Received message: {"p":"602.11000000","q":"0.00900000","s":"BNBUSDT","t":1041896746,"T":1745777444952,"e":"trade","E":1745777444953,"m":true,"M":true}
Received trade message: {"p":"602.11000000","q":"0.00900000","s":"BNBUSDT","t":1041896746,"T":1745777444952,"e":"trade","E":1745777444953,"m":true,"M":true}
Received message: {"p":"602.11000000","q":"0.00900000","s":"BNBUSDT","t":1041896747,"T":1745777444952,"e":"trade","E":1745777444953,"m":true,"M":true}
Received trade message: {"p":"602.11000000","q":"0.00900000","s":"BNBUSDT","t":1041896747,"T":1745777444952,"e":"trade","E":1745777444953,"m":true,"M":true}
Received message: {"p":"602.11000000","q":"0.00900000","s":"BNBUSDT","t":1041896748,"T":1745777444952,"e":"trade","E":1745777444953,"m":true,"M":true}
Received trade message: {"p":"602.11000000","q":"0.00900000","s":"BNBUSDT","t":1041896748,"T":1745777444952,"e":"trade","E":1745777444953,"m":true,"M":true}
Received message: {"p":"602.11000000","q":"0.16700000","s":"BNBUSDT","t":1041896749,"T":1745777444995,"e":"trade","E":1745777444996,"m":false,"M":true}
Received trade message: {"p":"602.11000000","q":"0.16700000","s":"BNBUSDT","t":1041896749,"T":1745777444995,"e":"trade","E":1745777444996,"m":false,"M":true}
Received message: {"a":[["94095.24000000","4.21859000"],["94108.40000000","0.00544000"],["94109.05000000","0.00000000"],["94109.20000000","1.00000000"],["94110.96000000","0.00000000"],["94123.16000000","2.00000000"],["94126.68000000","0.00000000"],["94133.42000000","0.00000000"],["94137.90000000","1.47851000"],["94140.15000000","0.00000000"],["94141.40000000","0.00000000"],["95506.67000000","0.00000000"]],"b":[["94095.23000000","1.42621000"],["94056.89000000","0.00000000"],["94055.74000000","0.00000000"],["94055.54000000","0.15900000"],["94042.64000000","0.00000000"],["93718.85000000","0.00080000"],["93237.89000000","0.00000000"],["93143.80000000","0.00000000"],["93049.72000000","0.00000000"],["92683.80000000","0.00116000"],["86567.62000000","0.00012000"],["84685.00000000","0.00000000"],["75276.19000000","0.00052000"],["33000.00000000","2.70601000"]],"s":"BTCUSDT","e":"depthUpdate","E":1745777445014,"U":67663547188,"u":67663547228}
Received message: {"a":[["94095.24000000","4.21859000"],["94108.40000000","0.00544000"],["94109.05000000","0.00000000"],["94109.20000000","1.00000000"],["94110.96000000","0.00000000"],["94123.16000000","2.00000000"],["94126.68000000","0.00000000"],["94133.42000000","0.00000000"],["94137.90000000","1.47851000"],["94140.15000000","0.00000000"],["94141.40000000","0.00000000"],["95506.67000000","0.00000000"]],"b":[["94095.23000000","1.42621000"],["94056.89000000","0.00000000"],["94055.74000000","0.00000000"],["94055.54000000","0.15900000"],["94042.64000000","0.00000000"],["93718.85000000","0.00080000"],["93237.89000000","0.00000000"],["93143.80000000","0.00000000"],["93049.72000000","0.00000000"],["92683.80000000","0.00116000"],["86567.62000000","0.00012000"],["84685.00000000","0.00000000"],["75276.19000000","0.00052000"],["33000.00000000","2.70601000"]],"s":"BTCUSDT","e":"depthUpdate","E":1745777445014,"U":67663547188,"u":67663547228}
Received message: {"p":"94095.24000000","a":3551019312,"q":"0.07344000","s":"BTCUSDT","T":1745777445485,"e":"aggTrade","E":1745777445485,"f":4855242641,"l":4855242641,"m":false,"M":true}
Received message: {"p":"94095.24000000","a":3551019312,"q":"0.07344000","s":"BTCUSDT","T":1745777445485,"e":"aggTrade","E":1745777445485,"f":4855242641,"l":4855242641,"m":false,"M":true}
Received message: {"p":"94095.23000000","a":3551019313,"q":"0.00009000","s":"BTCUSDT","T":1745777445814,"e":"aggTrade","E":1745777445815,"f":4855242642,"l":4855242642,"m":true,"M":true}
Received message: {"p":"94095.23000000","a":3551019313,"q":"0.00009000","s":"BTCUSDT","T":1745777445814,"e":"aggTrade","E":1745777445815,"f":4855242642,"l":4855242642,"m":true,"M":true}
Received message: {"p":"602.10000000","q":"0.44400000","s":"BNBUSDT","t":1041896750,"T":1745777445887,"e":"trade","E":1745777445887,"m":true,"M":true}
Received trade message: {"p":"602.10000000","q":"0.44400000","s":"BNBUSDT","t":1041896750,"T":1745777445887,"e":"trade","E":1745777445887,"m":true,"M":true}
Received message: {"p":"602.10000000","q":"0.02500000","s":"BNBUSDT","t":1041896751,"T":1745777445894,"e":"trade","E":1745777445895,"m":true,"M":true}
Received trade message: {"p":"602.10000000","q":"0.02500000","s":"BNBUSDT","t":1041896751,"T":1745777445894,"e":"trade","E":1745777445895,"m":true,"M":true}
Received message: {"p":"602.11000000","q":"0.01500000","s":"BNBUSDT","t":1041896752,"T":1745777445998,"e":"trade","E":1745777445998,"m":false,"M":true}
Received trade message: {"p":"602.11000000","q":"0.01500000","s":"BNBUSDT","t":1041896752,"T":1745777445998,"e":"trade","E":1745777445998,"m":false,"M":true}
Received message: {"a":[["94095.24000000","4.16954000"],["94108.40000000","0.00013000"],["94110.96000000","0.00531000"],["94113.52000000","0.00531000"],["94114.33000000","0.00000000"],["94124.30000000","0.00000000"],["94126.99000000","1.22265000"],["94141.41000000","0.00106000"],["94243.22000000","0.00035000"],["95071.25000000","0.10532000"],["95095.00000000","0.00348000"],["95506.67000000","0.00100000"]],"b":[["94095.23000000","1.42601000"],["94089.85000000","0.00000000"],["94074.52000000","0.00000000"],["94073.52000000","0.00531000"],["94069.31000000","0.00813000"],["94066.20000000","0.00000000"],["94056.51000000","0.15900000"],["94055.54000000","0.00000000"],["94055.50000000","0.00006000"],["94047.31000000","0.00105000"],["92955.63000000","0.00000000"],["92861.55000000","0.00000000"],["92767.46000000","0.00000000"],["92683.80000000","0.00016000"],["92673.38000000","0.00000000"],["86567.62000000","0.00000000"],["84685.00000000","0.00000000"],["75276.19000000","0.00052000"],["33000.00000000","2.70601000"]],"s":"BTCUSDT","e":"depthUpdate","E":1745777446014,"U":67663547229,"u":67663547278}
Received message: {"a":[["94095.24000000","4.16954000"],["94108.40000000","0.00013000"],["94110.96000000","0.00531000"],["94113.52000000","0.00531000"],["94114.33000000","0.00000000"],["94124.30000000","0.00000000"],["94126.99000000","1.22265000"],["94141.41000000","0.00106000"],["94243.22000000","0.00035000"],["95071.25000000","0.10532000"],["95095.00000000","0.00348000"],["95506.67000000","0.00100000"]],"b":[["94095.23000000","1.42601000"],["94089.85000000","0.00000000"],["94074.52000000","0.00000000"],["94073.52000000","0.00531000"],["94069.31000000","0.00813000"],["94066.20000000","0.00000000"],["94056.51000000","0.15900000"],["94055.54000000","0.00000000"],["94055.50000000","0.00006000"],["94047.31000000","0.00105000"],["92955.63000000","0.00000000"],["92861.55000000","0.00000000"],["92767.46000000","0.00000000"],["92683.80000000","0.00016000"],["92673.38000000","0.00000000"],["86567.62000000","0.00000000"],["84685.00000000","0.00000000"],["75276.19000000","0.00052000"],["33000.00000000","2.70601000"]],"s":"BTCUSDT","e":"depthUpdate","E":1745777446014,"U":67663547229,"u":67663547278}
Received message: {"p":"602.11000000","q":"0.16100000","s":"BNBUSDT","t":1041896753,"T":1745777446286,"e":"trade","E":1745777446286,"m":false,"M":true}
Received trade message: {"p":"602.11000000","q":"0.16100000","s":"BNBUSDT","t":1041896753,"T":1745777446286,"e":"trade","E":1745777446286,"m":false,"M":true}
Received message: {"p":"602.10000000","q":"0.44300000","s":"BNBUSDT","t":1041896754,"T":1745777446372,"e":"trade","E":1745777446372,"m":true,"M":true}
Received trade message: {"p":"602.10000000","q":"0.44300000","s":"BNBUSDT","t":1041896754,"T":1745777446372,"e":"trade","E":1745777446372,"m":true,"M":true}
Received message: {"p":"602.10000000","q":"0.05800000","s":"BNBUSDT","t":1041896755,"T":1745777446390,"e":"trade","E":1745777446390,"m":true,"M":true}
Received trade message: {"p":"602.10000000","q":"0.05800000","s":"BNBUSDT","t":1041896755,"T":1745777446390,"e":"trade","E":1745777446390,"m":true,"M":true}
Received message: {"p":"602.10000000","q":"0.03000000","s":"BNBUSDT","t":1041896756,"T":1745777446408,"e":"trade","E":1745777446408,"m":true,"M":true}
Received trade message: {"p":"602.10000000","q":"0.03000000","s":"BNBUSDT","t":1041896756,"T":1745777446408,"e":"trade","E":1745777446408,"m":true,"M":true}
Received message: {"p":"602.10000000","q":"0.00900000","s":"BNBUSDT","t":1041896757,"T":1745777446491,"e":"trade","E":1745777446492,"m":true,"M":true}
Received trade message: {"p":"602.10000000","q":"0.00900000","s":"BNBUSDT","t":1041896757,"T":1745777446491,"e":"trade","E":1745777446492,"m":true,"M":true}
Received message: {"p":"602.10000000","q":"0.00900000","s":"BNBUSDT","t":1041896758,"T":1745777446491,"e":"trade","E":1745777446492,"m":true,"M":true}
Received trade message: {"p":"602.10000000","q":"0.00900000","s":"BNBUSDT","t":1041896758,"T":1745777446491,"e":"trade","E":1745777446492,"m":true,"M":true}
Received message: {"p":"602.10000000","q":"0.00900000","s":"BNBUSDT","t":1041896759,"T":1745777446491,"e":"trade","E":1745777446492,"m":true,"M":true}
Received trade message: {"p":"602.10000000","q":"0.00900000","s":"BNBUSDT","t":1041896759,"T":1745777446491,"e":"trade","E":1745777446492,"m":true,"M":true}
Received message: {"p":"602.10000000","q":"0.00900000","s":"BNBUSDT","t":1041896760,"T":1745777446491,"e":"trade","E":1745777446492,"m":true,"M":true}
Received trade message: {"p":"602.10000000","q":"0.00900000","s":"BNBUSDT","t":1041896760,"T":1745777446491,"e":"trade","E":1745777446492,"m":true,"M":true}
Received message: {"p":"602.10000000","q":"0.00900000","s":"BNBUSDT","t":1041896761,"T":1745777446491,"e":"trade","E":1745777446492,"m":true,"M":true}
Received trade message: {"p":"602.10000000","q":"0.00900000","s":"BNBUSDT","t":1041896761,"T":1745777446491,"e":"trade","E":1745777446492,"m":true,"M":true}
Received message: {"p":"602.10000000","q":"0.00900000","s":"BNBUSDT","t":1041896762,"T":1745777446491,"e":"trade","E":1745777446492,"m":true,"M":true}
Received trade message: {"p":"602.10000000","q":"0.00900000","s":"BNBUSDT","t":1041896762,"T":1745777446491,"e":"trade","E":1745777446492,"m":true,"M":true}
Received message: {"p":"602.10000000","q":"0.00900000","s":"BNBUSDT","t":1041896763,"T":1745777446491,"e":"trade","E":1745777446492,"m":true,"M":true}
Received trade message: {"p":"602.10000000","q":"0.00900000","s":"BNBUSDT","t":1041896763,"T":1745777446491,"e":"trade","E":1745777446492,"m":true,"M":true}
Received message: {"p":"602.10000000","q":"0.00900000","s":"BNBUSDT","t":1041896764,"T":1745777446491,"e":"trade","E":1745777446492,"m":true,"M":true}
Received trade message: {"p":"602.10000000","q":"0.00900000","s":"BNBUSDT","t":1041896764,"T":1745777446491,"e":"trade","E":1745777446492,"m":true,"M":true}
Received message: {"p":"602.10000000","q":"0.00900000","s":"BNBUSDT","t":1041896765,"T":1745777446491,"e":"trade","E":1745777446492,"m":true,"M":true}
Received trade message: {"p":"602.10000000","q":"0.00900000","s":"BNBUSDT","t":1041896765,"T":1745777446491,"e":"trade","E":1745777446492,"m":true,"M":true}
Received message: {"p":"602.10000000","q":"0.00900000","s":"BNBUSDT","t":1041896766,"T":1745777446491,"e":"trade","E":1745777446492,"m":true,"M":true}
Received trade message: {"p":"602.10000000","q":"0.00900000","s":"BNBUSDT","t":1041896766,"T":1745777446491,"e":"trade","E":1745777446492,"m":true,"M":true}
Received message: {"p":"602.10000000","q":"0.00900000","s":"BNBUSDT","t":1041896767,"T":1745777446491,"e":"trade","E":1745777446492,"m":true,"M":true}
Received trade message: {"p":"602.10000000","q":"0.00900000","s":"BNBUSDT","t":1041896767,"T":1745777446491,"e":"trade","E":1745777446492,"m":true,"M":true}
Received message: {"p":"602.09000000","q":"0.00900000","s":"BNBUSDT","t":1041896768,"T":1745777446493,"e":"trade","E":1745777446494,"m":true,"M":true}
Received trade message: {"p":"602.09000000","q":"0.00900000","s":"BNBUSDT","t":1041896768,"T":1745777446493,"e":"trade","E":1745777446494,"m":true,"M":true}
Received message: {"p":"602.09000000","q":"0.00900000","s":"BNBUSDT","t":1041896769,"T":1745777446493,"e":"trade","E":1745777446494,"m":true,"M":true}
Received trade message: {"p":"602.09000000","q":"0.00900000","s":"BNBUSDT","t":1041896769,"T":1745777446493,"e":"trade","E":1745777446494,"m":true,"M":true}
Received message: {"p":"602.09000000","q":"0.00900000","s":"BNBUSDT","t":1041896770,"T":1745777446493,"e":"trade","E":1745777446494,"m":true,"M":true}
Received trade message: {"p":"602.09000000","q":"0.00900000","s":"BNBUSDT","t":1041896770,"T":1745777446493,"e":"trade","E":1745777446494,"m":true,"M":true}
Received message: {"p":"602.08000000","q":"0.01000000","s":"BNBUSDT","t":1041896771,"T":1745777446493,"e":"trade","E":1745777446494,"m":true,"M":true}
Received trade message: {"p":"602.08000000","q":"0.01000000","s":"BNBUSDT","t":1041896771,"T":1745777446493,"e":"trade","E":1745777446494,"m":true,"M":true}
Received message: {"p":"602.08000000","q":"0.00900000","s":"BNBUSDT","t":1041896772,"T":1745777446493,"e":"trade","E":1745777446494,"m":true,"M":true}
Received trade message: {"p":"602.08000000","q":"0.00900000","s":"BNBUSDT","t":1041896772,"T":1745777446493,"e":"trade","E":1745777446494,"m":true,"M":true}
Received message: {"p":"602.07000000","q":"0.00900000","s":"BNBUSDT","t":1041896773,"T":1745777446493,"e":"trade","E":1745777446494,"m":true,"M":true}
Received trade message: {"p":"602.07000000","q":"0.00900000","s":"BNBUSDT","t":1041896773,"T":1745777446493,"e":"trade","E":1745777446494,"m":true,"M":true}
Received message: {"p":"602.06000000","q":"0.00900000","s":"BNBUSDT","t":1041896774,"T":1745777446493,"e":"trade","E":1745777446494,"m":true,"M":true}
Received trade message: {"p":"602.06000000","q":"0.00900000","s":"BNBUSDT","t":1041896774,"T":1745777446493,"e":"trade","E":1745777446494,"m":true,"M":true}
Received message: {"p":"602.06000000","q":"0.00900000","s":"BNBUSDT","t":1041896775,"T":1745777446493,"e":"trade","E":1745777446494,"m":true,"M":true}
Received trade message: {"p":"602.06000000","q":"0.00900000","s":"BNBUSDT","t":1041896775,"T":1745777446493,"e":"trade","E":1745777446494,"m":true,"M":true}
Received message: {"p":"602.04000000","q":"0.00900000","s":"BNBUSDT","t":1041896776,"T":1745777446493,"e":"trade","E":1745777446494,"m":true,"M":true}
Received trade message: {"p":"602.04000000","q":"0.00900000","s":"BNBUSDT","t":1041896776,"T":1745777446493,"e":"trade","E":1745777446494,"m":true,"M":true}
Received message: {"p":"602.03000000","q":"0.01500000","s":"BNBUSDT","t":1041896777,"T":1745777446493,"e":"trade","E":1745777446494,"m":true,"M":true}
Received trade message: {"p":"602.03000000","q":"0.01500000","s":"BNBUSDT","t":1041896777,"T":1745777446493,"e":"trade","E":1745777446494,"m":true,"M":true}
Received message: {"p":"602.02000000","q":"0.00900000","s":"BNBUSDT","t":1041896778,"T":1745777446493,"e":"trade","E":1745777446494,"m":true,"M":true}
Received trade message: {"p":"602.02000000","q":"0.00900000","s":"BNBUSDT","t":1041896778,"T":1745777446493,"e":"trade","E":1745777446494,"m":true,"M":true}
Received message: {"p":"602.02000000","q":"0.01700000","s":"BNBUSDT","t":1041896779,"T":1745777446493,"e":"trade","E":1745777446494,"m":true,"M":true}
Received trade message: {"p":"602.02000000","q":"0.01700000","s":"BNBUSDT","t":1041896779,"T":1745777446493,"e":"trade","E":1745777446494,"m":true,"M":true}
Received message: {"p":"602.00000000","q":"0.01800000","s":"BNBUSDT","t":1041896780,"T":1745777446768,"e":"trade","E":1745777446768,"m":true,"M":true}
Received trade message: {"p":"602.00000000","q":"0.01800000","s":"BNBUSDT","t":1041896780,"T":1745777446768,"e":"trade","E":1745777446768,"m":true,"M":true}
Received message: {"p":"602.00000000","q":"0.01100000","s":"BNBUSDT","t":1041896781,"T":1745777446768,"e":"trade","E":1745777446768,"m":true,"M":true}
Received trade message: {"p":"602.00000000","q":"0.01100000","s":"BNBUSDT","t":1041896781,"T":1745777446768,"e":"trade","E":1745777446768,"m":true,"M":true}
Received message: {"p":"602.00000000","q":"0.01400000","s":"BNBUSDT","t":1041896782,"T":1745777446768,"e":"trade","E":1745777446768,"m":true,"M":true}
Received trade message: {"p":"602.00000000","q":"0.01400000","s":"BNBUSDT","t":1041896782,"T":1745777446768,"e":"trade","E":1745777446768,"m":true,"M":true}
Received message: {"a":[["94095.24000000","4.17472000"],["94103.36000000","0.00106000"],["94108.41000000","0.00000000"],["94109.20000000","0.00000000"],["94109.65000000","1.00000000"],["94112.47000000","0.00000000"],["94113.51000000","0.00000000"],["94123.16000000","0.00000000"],["94123.43000000","1.93698000"],["94124.06000000","2.00000000"],["94124.34000000","1.60193000"],["94126.99000000","1.13390000"],["94129.70000000","0.00000000"],["94131.78000000","0.00000000"],["95506.67000000","0.00000000"]],"b":[["94095.23000000","1.42556000"],["94093.86000000","0.70126000"],["94092.66000000","0.00000000"],["94089.59000000","0.00000000"],["94087.00000000","0.04256000"],["94084.54000000","0.00106000"],["94065.68000000","1.64853000"],["94059.72000000","0.15900000"],["94058.56000000","0.00000000"],["94056.51000000","0.00000000"],["94000.00000000","0.31122000"],["92683.80000000","0.00116000"],["92579.30000000","0.00000000"],["92485.21000000","0.00000000"],["92391.13000000","0.00000000"],["92297.04000000","0.00000000"],["92202.96000000","0.00000000"],["84685.00000000","0.00000000"],["75276.19000000","0.00052000"],["75231.99000000","0.00000000"],["42000.00000000","3.70683000"],["33000.00000000","2.70601000"]],"s":"BTCUSDT","e":"depthUpdate","E":1745777447015,"U":67663547279,"u":67663547340}
Received message: {"a":[["94095.24000000","4.17472000"],["94103.36000000","0.00106000"],["94108.41000000","0.00000000"],["94109.20000000","0.00000000"],["94109.65000000","1.00000000"],["94112.47000000","0.00000000"],["94113.51000000","0.00000000"],["94123.16000000","0.00000000"],["94123.43000000","1.93698000"],["94124.06000000","2.00000000"],["94124.34000000","1.60193000"],["94126.99000000","1.13390000"],["94129.70000000","0.00000000"],["94131.78000000","0.00000000"],["95506.67000000","0.00000000"]],"b":[["94095.23000000","1.42556000"],["94093.86000000","0.70126000"],["94092.66000000","0.00000000"],["94089.59000000","0.00000000"],["94087.00000000","0.04256000"],["94084.54000000","0.00106000"],["94065.68000000","1.64853000"],["94059.72000000","0.15900000"],["94058.56000000","0.00000000"],["94056.51000000","0.00000000"],["94000.00000000","0.31122000"],["92683.80000000","0.00116000"],["92579.30000000","0.00000000"],["92485.21000000","0.00000000"],["92391.13000000","0.00000000"],["92297.04000000","0.00000000"],["92202.96000000","0.00000000"],["84685.00000000","0.00000000"],["75276.19000000","0.00052000"],["75231.99000000","0.00000000"],["42000.00000000","3.70683000"],["33000.00000000","2.70601000"]],"s":"BTCUSDT","e":"depthUpdate","E":1745777447015,"U":67663547279,"u":67663547340}
Received message: {"p":"94095.24000000","a":3551019314,"q":"0.02657000","s":"BTCUSDT","T":1745777447076,"e":"aggTrade","E":1745777447076,"f":4855242643,"l":4855242643,"m":false,"M":true}
Received message: {"p":"94095.24000000","a":3551019314,"q":"0.02657000","s":"BTCUSDT","T":1745777447076,"e":"aggTrade","E":1745777447076,"f":4855242643,"l":4855242643,"m":false,"M":true}
Received message: {"p":"94095.24000000","a":3551019315,"q":"0.00011000","s":"BTCUSDT","T":1745777447160,"e":"aggTrade","E":1745777447160,"f":4855242644,"l":4855242644,"m":false,"M":true}
Received message: {"p":"94095.24000000","a":3551019315,"q":"0.00011000","s":"BTCUSDT","T":1745777447160,"e":"aggTrade","E":1745777447160,"f":4855242644,"l":4855242644,"m":false,"M":true}
Received message: {"p":"602.01000000","q":"2.77400000","s":"BNBUSDT","t":1041896783,"T":1745777447477,"e":"trade","E":1745777447478,"m":false,"M":true}
Received trade message: {"p":"602.01000000","q":"2.77400000","s":"BNBUSDT","t":1041896783,"T":1745777447477,"e":"trade","E":1745777447478,"m":false,"M":true}
Received message: {"p":"602.01000000","q":"0.74800000","s":"BNBUSDT","t":1041896784,"T":1745777447480,"e":"trade","E":1745777447481,"m":false,"M":true}
Received trade message: {"p":"602.01000000","q":"0.74800000","s":"BNBUSDT","t":1041896784,"T":1745777447480,"e":"trade","E":1745777447481,"m":false,"M":true}
Received message: {"p":"602.01000000","q":"0.99800000","s":"BNBUSDT","t":1041896785,"T":1745777447480,"e":"trade","E":1745777447481,"m":false,"M":true}
Received trade message: {"p":"602.01000000","q":"0.99800000","s":"BNBUSDT","t":1041896785,"T":1745777447480,"e":"trade","E":1745777447481,"m":false,"M":true}
Received message: {"p":"602.01000000","q":"0.31200000","s":"BNBUSDT","t":1041896786,"T":1745777447480,"e":"trade","E":1745777447481,"m":false,"M":true}
Received trade message: {"p":"602.01000000","q":"0.31200000","s":"BNBUSDT","t":1041896786,"T":1745777447480,"e":"trade","E":1745777447481,"m":false,"M":true}
Received message: {"p":"602.01000000","q":"1.97100000","s":"BNBUSDT","t":1041896787,"T":1745777447480,"e":"trade","E":1745777447482,"m":false,"M":true}
Received trade message: {"p":"602.01000000","q":"1.97100000","s":"BNBUSDT","t":1041896787,"T":1745777447480,"e":"trade","E":1745777447482,"m":false,"M":true}
Received message: {"p":"602.01000000","q":"1.25700000","s":"BNBUSDT","t":1041896788,"T":1745777447482,"e":"trade","E":1745777447485,"m":false,"M":true}
Received message: {"p":"94095.24000000","a":3551019316,"q":"0.03253000","s":"BTCUSDT","T":1745777447495,"e":"aggTrade","E":1745777447502,"f":4855242645,"l":4855242676,"m":false,"M":true}
Received trade message: {"p":"602.01000000","q":"1.25700000","s":"BNBUSDT","t":1041896788,"T":1745777447482,"e":"trade","E":1745777447485,"m":false,"M":true}
Received message: {"p":"94095.24000000","a":3551019316,"q":"0.03253000","s":"BTCUSDT","T":1745777447495,"e":"aggTrade","E":1745777447502,"f":4855242645,"l":4855242676,"m":false,"M":true}
Received message: {"p":"602.00000000","q":"0.12100000","s":"BNBUSDT","t":1041896789,"T":1745777447483,"e":"trade","E":1745777447486,"m":true,"M":true}
Received trade message: {"p":"602.00000000","q":"0.12100000","s":"BNBUSDT","t":1041896789,"T":1745777447483,"e":"trade","E":1745777447486,"m":true,"M":true}
Received message: {"p":"602.00000000","q":"1.00000000","s":"BNBUSDT","t":1041896790,"T":1745777447483,"e":"trade","E":1745777447486,"m":true,"M":true}
Received trade message: {"p":"602.00000000","q":"1.00000000","s":"BNBUSDT","t":1041896790,"T":1745777447483,"e":"trade","E":1745777447486,"m":true,"M":true}
Received message: {"p":"602.00000000","q":"0.00900000","s":"BNBUSDT","t":1041896791,"T":1745777447483,"e":"trade","E":1745777447486,"m":true,"M":true}
Received trade message: {"p":"602.00000000","q":"0.00900000","s":"BNBUSDT","t":1041896791,"T":1745777447483,"e":"trade","E":1745777447486,"m":true,"M":true}
Received message: {"p":"602.00000000","q":"0.00900000","s":"BNBUSDT","t":1041896792,"T":1745777447483,"e":"trade","E":1745777447486,"m":true,"M":true}
Received trade message: {"p":"602.00000000","q":"0.00900000","s":"BNBUSDT","t":1041896792,"T":1745777447483,"e":"trade","E":1745777447486,"m":true,"M":true}
Received message: {"p":"602.00000000","q":"1.72900000","s":"BNBUSDT","t":1041896793,"T":1745777447483,"e":"trade","E":1745777447486,"m":true,"M":true}
Received trade message: {"p":"602.00000000","q":"1.72900000","s":"BNBUSDT","t":1041896793,"T":1745777447483,"e":"trade","E":1745777447486,"m":true,"M":true}
Received message: {"p":"602.00000000","q":"1.08400000","s":"BNBUSDT","t":1041896794,"T":1745777447483,"e":"trade","E":1745777447486,"m":true,"M":true}
Received trade message: {"p":"602.00000000","q":"1.08400000","s":"BNBUSDT","t":1041896794,"T":1745777447483,"e":"trade","E":1745777447486,"m":true,"M":true}
Received message: {"p":"602.01000000","q":"1.25200000","s":"BNBUSDT","t":1041896795,"T":1745777447483,"e":"trade","E":1745777447487,"m":false,"M":true}
Received trade message: {"p":"602.01000000","q":"1.25200000","s":"BNBUSDT","t":1041896795,"T":1745777447483,"e":"trade","E":1745777447487,"m":false,"M":true}
Received message: {"p":"602.01000000","q":"0.47700000","s":"BNBUSDT","t":1041896796,"T":1745777447483,"e":"trade","E":1745777447487,"m":false,"M":true}
Received trade message: {"p":"602.01000000","q":"0.47700000","s":"BNBUSDT","t":1041896796,"T":1745777447483,"e":"trade","E":1745777447487,"m":false,"M":true}
Received message: {"p":"602.01000000","q":"0.15600000","s":"BNBUSDT","t":1041896797,"T":1745777447484,"e":"trade","E":1745777447488,"m":false,"M":true}
Received trade message: {"p":"602.01000000","q":"0.15600000","s":"BNBUSDT","t":1041896797,"T":1745777447484,"e":"trade","E":1745777447488,"m":false,"M":true}
Received message: {"p":"602.01000000","q":"0.00900000","s":"BNBUSDT","t":1041896798,"T":1745777447484,"e":"trade","E":1745777447488,"m":false,"M":true}
Received trade message: {"p":"602.01000000","q":"0.00900000","s":"BNBUSDT","t":1041896798,"T":1745777447484,"e":"trade","E":1745777447488,"m":false,"M":true}
Received message: {"p":"602.01000000","q":"0.02300000","s":"BNBUSDT","t":1041896799,"T":1745777447484,"e":"trade","E":1745777447488,"m":false,"M":true}
Received trade message: {"p":"602.01000000","q":"0.02300000","s":"BNBUSDT","t":1041896799,"T":1745777447484,"e":"trade","E":1745777447488,"m":false,"M":true}
Received message: {"p":"602.01000000","q":"0.00900000","s":"BNBUSDT","t":1041896800,"T":1745777447484,"e":"trade","E":1745777447488,"m":false,"M":true}
Received trade message: {"p":"602.01000000","q":"0.00900000","s":"BNBUSDT","t":1041896800,"T":1745777447484,"e":"trade","E":1745777447488,"m":false,"M":true}
Received message: {"p":"602.01000000","q":"0.00900000","s":"BNBUSDT","t":1041896801,"T":1745777447484,"e":"trade","E":1745777447488,"m":false,"M":true}
Received trade message: {"p":"602.01000000","q":"0.00900000","s":"BNBUSDT","t":1041896801,"T":1745777447484,"e":"trade","E":1745777447488,"m":false,"M":true}
Received message: {"p":"602.01000000","q":"0.00900000","s":"BNBUSDT","t":1041896802,"T":1745777447484,"e":"trade","E":1745777447488,"m":false,"M":true}
Received trade message: {"p":"602.01000000","q":"0.00900000","s":"BNBUSDT","t":1041896802,"T":1745777447484,"e":"trade","E":1745777447488,"m":false,"M":true}
Received message: {"p":"602.01000000","q":"0.00900000","s":"BNBUSDT","t":1041896803,"T":1745777447484,"e":"trade","E":1745777447488,"m":false,"M":true}
Received trade message: {"p":"602.01000000","q":"0.00900000","s":"BNBUSDT","t":1041896803,"T":1745777447484,"e":"trade","E":1745777447488,"m":false,"M":true}
Received message: {"p":"602.01000000","q":"0.00900000","s":"BNBUSDT","t":1041896804,"T":1745777447484,"e":"trade","E":1745777447488,"m":false,"M":true}
Received trade message: {"p":"602.01000000","q":"0.00900000","s":"BNBUSDT","t":1041896804,"T":1745777447484,"e":"trade","E":1745777447488,"m":false,"M":true}
Received message: {"p":"602.01000000","q":"1.49900000","s":"BNBUSDT","t":1041896805,"T":1745777447484,"e":"trade","E":1745777447488,"m":false,"M":true}
Received trade message: {"p":"602.01000000","q":"1.49900000","s":"BNBUSDT","t":1041896805,"T":1745777447484,"e":"trade","E":1745777447488,"m":false,"M":true}
Received message: {"p":"602.01000000","q":"0.00900000","s":"BNBUSDT","t":1041896806,"T":1745777447484,"e":"trade","E":1745777447488,"m":false,"M":true}
Received trade message: {"p":"602.01000000","q":"0.00900000","s":"BNBUSDT","t":1041896806,"T":1745777447484,"e":"trade","E":1745777447488,"m":false,"M":true}
Received message: {"p":"602.01000000","q":"0.05700000","s":"BNBUSDT","t":1041896807,"T":1745777447484,"e":"trade","E":1745777447488,"m":false,"M":true}
Received trade message: {"p":"602.01000000","q":"0.05700000","s":"BNBUSDT","t":1041896807,"T":1745777447484,"e":"trade","E":1745777447488,"m":false,"M":true}
Received message: {"p":"602.01000000","q":"0.00900000","s":"BNBUSDT","t":1041896808,"T":1745777447484,"e":"trade","E":1745777447488,"m":false,"M":true}
Received trade message: {"p":"602.01000000","q":"0.00900000","s":"BNBUSDT","t":1041896808,"T":1745777447484,"e":"trade","E":1745777447488,"m":false,"M":true}
Received message: {"p":"602.01000000","q":"0.00900000","s":"BNBUSDT","t":1041896809,"T":1745777447484,"e":"trade","E":1745777447488,"m":false,"M":true}
Received trade message: {"p":"602.01000000","q":"0.00900000","s":"BNBUSDT","t":1041896809,"T":1745777447484,"e":"trade","E":1745777447488,"m":false,"M":true}
Received message: {"p":"602.01000000","q":"0.00900000","s":"BNBUSDT","t":1041896810,"T":1745777447484,"e":"trade","E":1745777447488,"m":false,"M":true}
Received trade message: {"p":"602.01000000","q":"0.00900000","s":"BNBUSDT","t":1041896810,"T":1745777447484,"e":"trade","E":1745777447488,"m":false,"M":true}
Received message: {"p":"602.01000000","q":"0.00900000","s":"BNBUSDT","t":1041896811,"T":1745777447484,"e":"trade","E":1745777447488,"m":false,"M":true}
Received trade message: {"p":"602.01000000","q":"0.00900000","s":"BNBUSDT","t":1041896811,"T":1745777447484,"e":"trade","E":1745777447488,"m":false,"M":true}
Received message: {"p":"602.01000000","q":"0.00900000","s":"BNBUSDT","t":1041896812,"T":1745777447484,"e":"trade","E":1745777447488,"m":false,"M":true}
Received trade message: {"p":"602.01000000","q":"0.00900000","s":"BNBUSDT","t":1041896812,"T":1745777447484,"e":"trade","E":1745777447488,"m":false,"M":true}
Received message: {"p":"602.01000000","q":"0.00900000","s":"BNBUSDT","t":1041896813,"T":1745777447484,"e":"trade","E":1745777447488,"m":false,"M":true}
Received trade message: {"p":"602.01000000","q":"0.00900000","s":"BNBUSDT","t":1041896813,"T":1745777447484,"e":"trade","E":1745777447488,"m":false,"M":true}
Received message: {"p":"602.01000000","q":"0.00900000","s":"BNBUSDT","t":1041896814,"T":1745777447484,"e":"trade","E":1745777447488,"m":false,"M":true}
Received trade message: {"p":"602.01000000","q":"0.00900000","s":"BNBUSDT","t":1041896814,"T":1745777447484,"e":"trade","E":1745777447488,"m":false,"M":true}
Received message: {"p":"94095.24000000","a":3551019317,"q":"0.00010000","s":"BTCUSDT","T":1745777447532,"e":"aggTrade","E":1745777447533,"f":4855242677,"l":4855242677,"m":false,"M":true}
Received message: {"p":"94095.24000000","a":3551019317,"q":"0.00010000","s":"BTCUSDT","T":1745777447532,"e":"aggTrade","E":1745777447533,"f":4855242677,"l":4855242677,"m":false,"M":true}
Received message: {"p":"94095.24000000","a":3551019318,"q":"0.09717000","s":"BTCUSDT","T":1745777447533,"e":"aggTrade","E":1745777447534,"f":4855242678,"l":4855242717,"m":false,"M":true}
Received message: {"p":"94095.24000000","a":3551019318,"q":"0.09717000","s":"BTCUSDT","T":1745777447533,"e":"aggTrade","E":1745777447534,"f":4855242678,"l":4855242717,"m":false,"M":true}
Received message: {"p":"94095.25000000","a":3551019319,"q":"0.00975000","s":"BTCUSDT","T":1745777447533,"e":"aggTrade","E":1745777447534,"f":4855242718,"l":4855242738,"m":false,"M":true}
Received message: {"p":"94095.25000000","a":3551019319,"q":"0.00975000","s":"BTCUSDT","T":1745777447533,"e":"aggTrade","E":1745777447534,"f":4855242718,"l":4855242738,"m":false,"M":true}
Received message: {"p":"94095.27000000","a":3551019320,"q":"0.00030000","s":"BTCUSDT","T":1745777447533,"e":"aggTrade","E":1745777447534,"f":4855242739,"l":4855242742,"m":false,"M":true}
Received message: {"p":"94095.27000000","a":3551019320,"q":"0.00030000","s":"BTCUSDT","T":1745777447533,"e":"aggTrade","E":1745777447534,"f":4855242739,"l":4855242742,"m":false,"M":true}
Received message: {"p":"94095.30000000","a":3551019321,"q":"0.00006000","s":"BTCUSDT","T":1745777447533,"e":"aggTrade","E":1745777447534,"f":4855242743,"l":4855242743,"m":false,"M":true}
Received message: {"p":"94095.30000000","a":3551019321,"q":"0.00006000","s":"BTCUSDT","T":1745777447533,"e":"aggTrade","E":1745777447534,"f":4855242743,"l":4855242743,"m":false,"M":true}
Received message: {"p":"94095.38000000","a":3551019322,"q":"0.00006000","s":"BTCUSDT","T":1745777447533,"e":"aggTrade","E":1745777447534,"f":4855242744,"l":4855242744,"m":false,"M":true}
Received message: {"p":"94095.38000000","a":3551019322,"q":"0.00006000","s":"BTCUSDT","T":1745777447533,"e":"aggTrade","E":1745777447534,"f":4855242744,"l":4855242744,"m":false,"M":true}
Received message: {"p":"94095.42000000","a":3551019323,"q":"0.00013000","s":"BTCUSDT","T":1745777447533,"e":"aggTrade","E":1745777447534,"f":4855242745,"l":4855242746,"m":false,"M":true}
Received message: {"p":"94095.42000000","a":3551019323,"q":"0.00013000","s":"BTCUSDT","T":1745777447533,"e":"aggTrade","E":1745777447534,"f":4855242745,"l":4855242746,"m":false,"M":true}
Received message: {"p":"94095.49000000","a":3551019324,"q":"0.00085000","s":"BTCUSDT","T":1745777447533,"e":"aggTrade","E":1745777447534,"f":4855242747,"l":4855242748,"m":false,"M":true}
Received message: {"p":"94095.49000000","a":3551019324,"q":"0.00085000","s":"BTCUSDT","T":1745777447533,"e":"aggTrade","E":1745777447534,"f":4855242747,"l":4855242748,"m":false,"M":true}
Received message: {"p":"94095.50000000","a":3551019325,"q":"0.00006000","s":"BTCUSDT","T":1745777447533,"e":"aggTrade","E":1745777447534,"f":4855242749,"l":4855242749,"m":false,"M":true}
Received message: {"p":"94095.50000000","a":3551019325,"q":"0.00006000","s":"BTCUSDT","T":1745777447533,"e":"aggTrade","E":1745777447534,"f":4855242749,"l":4855242749,"m":false,"M":true}
Received message: {"p":"94096.00000000","a":3551019326,"q":"0.00210000","s":"BTCUSDT","T":1745777447533,"e":"aggTrade","E":1745777447534,"f":4855242750,"l":4855242751,"m":false,"M":true}
Received message: {"p":"94096.00000000","a":3551019326,"q":"0.00210000","s":"BTCUSDT","T":1745777447533,"e":"aggTrade","E":1745777447534,"f":4855242750,"l":4855242751,"m":false,"M":true}
Received message: {"p":"94097.04000000","a":3551019327,"q":"0.00007000","s":"BTCUSDT","T":1745777447533,"e":"aggTrade","E":1745777447534,"f":4855242752,"l":4855242752,"m":false,"M":true}
Received message: {"p":"94097.04000000","a":3551019327,"q":"0.00007000","s":"BTCUSDT","T":1745777447533,"e":"aggTrade","E":1745777447534,"f":4855242752,"l":4855242752,"m":false,"M":true}
Received message: {"p":"94097.47000000","a":3551019328,"q":"0.00012000","s":"BTCUSDT","T":1745777447533,"e":"aggTrade","E":1745777447534,"f":4855242753,"l":4855242753,"m":false,"M":true}
Received message: {"p":"94097.47000000","a":3551019328,"q":"0.00012000","s":"BTCUSDT","T":1745777447533,"e":"aggTrade","E":1745777447534,"f":4855242753,"l":4855242753,"m":false,"M":true}
Received message: {"p":"94097.69000000","a":3551019329,"q":"0.00038000","s":"BTCUSDT","T":1745777447533,"e":"aggTrade","E":1745777447534,"f":4855242754,"l":4855242754,"m":false,"M":true}
Received message: {"p":"94097.69000000","a":3551019329,"q":"0.00038000","s":"BTCUSDT","T":1745777447533,"e":"aggTrade","E":1745777447534,"f":4855242754,"l":4855242754,"m":false,"M":true}
Received message: {"p":"94097.92000000","a":3551019330,"q":"0.00006000","s":"BTCUSDT","T":1745777447533,"e":"aggTrade","E":1745777447534,"f":4855242755,"l":4855242755,"m":false,"M":true}
Received message: {"p":"94097.92000000","a":3551019330,"q":"0.00006000","s":"BTCUSDT","T":1745777447533,"e":"aggTrade","E":1745777447534,"f":4855242755,"l":4855242755,"m":false,"M":true}
Received message: {"p":"94099.45000000","a":3551019331,"q":"0.00008000","s":"BTCUSDT","T":1745777447533,"e":"aggTrade","E":1745777447534,"f":4855242756,"l":4855242756,"m":false,"M":true}
Received message: {"p":"94099.45000000","a":3551019331,"q":"0.00008000","s":"BTCUSDT","T":1745777447533,"e":"aggTrade","E":1745777447534,"f":4855242756,"l":4855242756,"m":false,"M":true}
Received message: {"p":"94099.94000000","a":3551019332,"q":"0.00526000","s":"BTCUSDT","T":1745777447533,"e":"aggTrade","E":1745777447534,"f":4855242757,"l":4855242757,"m":false,"M":true}
Received message: {"p":"94099.94000000","a":3551019332,"q":"0.00526000","s":"BTCUSDT","T":1745777447533,"e":"aggTrade","E":1745777447534,"f":4855242757,"l":4855242757,"m":false,"M":true}
Received message: {"p":"94099.95000000","a":3551019333,"q":"0.00044000","s":"BTCUSDT","T":1745777447533,"e":"aggTrade","E":1745777447534,"f":4855242758,"l":4855242758,"m":false,"M":true}
Received message: {"p":"94099.95000000","a":3551019333,"q":"0.00044000","s":"BTCUSDT","T":1745777447533,"e":"aggTrade","E":1745777447534,"f":4855242758,"l":4855242758,"m":false,"M":true}
Received message: {"p":"94099.99000000","a":3551019334,"q":"0.00041000","s":"BTCUSDT","T":1745777447533,"e":"aggTrade","E":1745777447534,"f":4855242759,"l":4855242763,"m":false,"M":true}
Received message: {"p":"94099.99000000","a":3551019334,"q":"0.00041000","s":"BTCUSDT","T":1745777447533,"e":"aggTrade","E":1745777447534,"f":4855242759,"l":4855242763,"m":false,"M":true}
Received message: {"p":"94099.99000000","a":3551019335,"q":"0.00306000","s":"BTCUSDT","T":1745777447568,"e":"aggTrade","E":1745777447569,"f":4855242764,"l":4855242764,"m":true,"M":true}
Received message: {"p":"94099.99000000","a":3551019335,"q":"0.00306000","s":"BTCUSDT","T":1745777447568,"e":"aggTrade","E":1745777447569,"f":4855242764,"l":4855242764,"m":true,"M":true}
Received message: {"p":"94100.00000000","a":3551019336,"q":"0.18197000","s":"BTCUSDT","T":1745777447616,"e":"aggTrade","E":1745777447617,"f":4855242765,"l":4855242773,"m":false,"M":true}
Received message: {"p":"94100.00000000","a":3551019336,"q":"0.18197000","s":"BTCUSDT","T":1745777447616,"e":"aggTrade","E":1745777447617,"f":4855242765,"l":4855242773,"m":false,"M":true}
Received message: {"p":"94100.00000000","a":3551019337,"q":"0.00110000","s":"BTCUSDT","T":1745777447690,"e":"aggTrade","E":1745777447691,"f":4855242774,"l":4855242774,"m":false,"M":true}
Received message: {"p":"94100.00000000","a":3551019337,"q":"0.00110000","s":"BTCUSDT","T":1745777447690,"e":"aggTrade","E":1745777447691,"f":4855242774,"l":4855242774,"m":false,"M":true}
Received message: {"p":"94100.00000000","a":3551019338,"q":"0.00044000","s":"BTCUSDT","T":1745777447716,"e":"aggTrade","E":1745777447717,"f":4855242775,"l":4855242775,"m":false,"M":true}
[...]
Received trade message: {"p":"602.05000000","q":"0.00900000","s":"BNBUSDT","t":1041897038,"T":1745777469107,"e":"trade","E":1745777469108,"m":false,"M":true}
Received message: {"p":"602.05000000","q":"0.00900000","s":"BNBUSDT","t":1041897039,"T":1745777469107,"e":"trade","E":1745777469108,"m":false,"M":true}
Received trade message: {"p":"602.05000000","q":"0.00900000","s":"BNBUSDT","t":1041897039,"T":1745777469107,"e":"trade","E":1745777469108,"m":false,"M":true}
Received message: {"p":"602.05000000","q":"0.00900000","s":"BNBUSDT","t":1041897040,"T":1745777469107,"e":"trade","E":1745777469108,"m":false,"M":true}
Received trade message: {"p":"602.05000000","q":"0.00900000","s":"BNBUSDT","t":1041897040,"T":1745777469107,"e":"trade","E":1745777469108,"m":false,"M":true}
Received message: {"p":"602.05000000","q":"0.00900000","s":"BNBUSDT","t":1041897041,"T":1745777469107,"e":"trade","E":1745777469108,"m":false,"M":true}
Received trade message: {"p":"602.05000000","q":"0.00900000","s":"BNBUSDT","t":1041897041,"T":1745777469107,"e":"trade","E":1745777469108,"m":false,"M":true}
Received message: {"p":"602.05000000","q":"0.00900000","s":"BNBUSDT","t":1041897042,"T":1745777469107,"e":"trade","E":1745777469108,"m":false,"M":true}
Received trade message: {"p":"602.05000000","q":"0.00900000","s":"BNBUSDT","t":1041897042,"T":1745777469107,"e":"trade","E":1745777469108,"m":false,"M":true}
Received message: {"p":"602.06000000","q":"0.00900000","s":"BNBUSDT","t":1041897043,"T":1745777469107,"e":"trade","E":1745777469108,"m":false,"M":true}
Received trade message: {"p":"602.06000000","q":"0.00900000","s":"BNBUSDT","t":1041897043,"T":1745777469107,"e":"trade","E":1745777469108,"m":false,"M":true}
Received message: {"p":"602.06000000","q":"0.00900000","s":"BNBUSDT","t":1041897044,"T":1745777469107,"e":"trade","E":1745777469108,"m":false,"M":true}
Received trade message: {"p":"602.06000000","q":"0.00900000","s":"BNBUSDT","t":1041897044,"T":1745777469107,"e":"trade","E":1745777469108,"m":false,"M":true}
Received message: {"p":"602.06000000","q":"0.00900000","s":"BNBUSDT","t":1041897045,"T":1745777469107,"e":"trade","E":1745777469108,"m":false,"M":true}
Received trade message: {"p":"602.06000000","q":"0.00900000","s":"BNBUSDT","t":1041897045,"T":1745777469107,"e":"trade","E":1745777469108,"m":false,"M":true}
Received message: {"p":"602.06000000","q":"0.00900000","s":"BNBUSDT","t":1041897046,"T":1745777469107,"e":"trade","E":1745777469108,"m":false,"M":true}
Received trade message: {"p":"602.06000000","q":"0.00900000","s":"BNBUSDT","t":1041897046,"T":1745777469107,"e":"trade","E":1745777469108,"m":false,"M":true}
Received message: {"p":"602.07000000","q":"0.00900000","s":"BNBUSDT","t":1041897047,"T":1745777469107,"e":"trade","E":1745777469108,"m":false,"M":true}
Received trade message: {"p":"602.07000000","q":"0.00900000","s":"BNBUSDT","t":1041897047,"T":1745777469107,"e":"trade","E":1745777469108,"m":false,"M":true}
Received message: {"p":"602.07000000","q":"0.00900000","s":"BNBUSDT","t":1041897048,"T":1745777469107,"e":"trade","E":1745777469108,"m":false,"M":true}
Received trade message: {"p":"602.07000000","q":"0.00900000","s":"BNBUSDT","t":1041897048,"T":1745777469107,"e":"trade","E":1745777469108,"m":false,"M":true}
Received message: {"p":"602.07000000","q":"0.00900000","s":"BNBUSDT","t":1041897049,"T":1745777469107,"e":"trade","E":1745777469108,"m":false,"M":true}
Received trade message: {"p":"602.07000000","q":"0.00900000","s":"BNBUSDT","t":1041897049,"T":1745777469107,"e":"trade","E":1745777469108,"m":false,"M":true}
Received message: {"p":"602.07000000","q":"0.05300000","s":"BNBUSDT","t":1041897050,"T":1745777469126,"e":"trade","E":1745777469127,"m":true,"M":true}
Received trade message: {"p":"602.07000000","q":"0.05300000","s":"BNBUSDT","t":1041897050,"T":1745777469126,"e":"trade","E":1745777469127,"m":true,"M":true}
Received message: {"p":"94119.99000000","a":3551019518,"q":"0.00047000","s":"BTCUSDT","T":1745777469253,"e":"aggTrade","E":1745777469254,"f":4855243512,"l":4855243512,"m":false,"M":true}
Received message: {"p":"94119.99000000","a":3551019518,"q":"0.00047000","s":"BTCUSDT","T":1745777469253,"e":"aggTrade","E":1745777469254,"f":4855243512,"l":4855243512,"m":false,"M":true}
Received message: {"p":"602.07000000","q":"0.35400000","s":"BNBUSDT","t":1041897051,"T":1745777469303,"e":"trade","E":1745777469304,"m":true,"M":true}
Received trade message: {"p":"602.07000000","q":"0.35400000","s":"BNBUSDT","t":1041897051,"T":1745777469303,"e":"trade","E":1745777469304,"m":true,"M":true}
Received message: {"p":"94119.98000000","a":3551019519,"q":"0.02693000","s":"BTCUSDT","T":1745777469685,"e":"aggTrade","E":1745777469686,"f":4855243513,"l":4855243513,"m":true,"M":true}
Received message: {"p":"94119.98000000","a":3551019519,"q":"0.02693000","s":"BTCUSDT","T":1745777469685,"e":"aggTrade","E":1745777469686,"f":4855243513,"l":4855243513,"m":true,"M":true}
Received message: {"p":"94119.99000000","a":3551019520,"q":"0.00058000","s":"BTCUSDT","T":1745777469805,"e":"aggTrade","E":1745777469805,"f":4855243514,"l":4855243514,"m":false,"M":true}
Received message: {"p":"94119.99000000","a":3551019520,"q":"0.00058000","s":"BTCUSDT","T":1745777469805,"e":"aggTrade","E":1745777469805,"f":4855243514,"l":4855243514,"m":false,"M":true}
Received message: {"p":"94119.99000000","a":3551019521,"q":"0.00054000","s":"BTCUSDT","T":1745777469894,"e":"aggTrade","E":1745777469894,"f":4855243515,"l":4855243515,"m":false,"M":true}
Received message: {"p":"94119.99000000","a":3551019521,"q":"0.00054000","s":"BTCUSDT","T":1745777469894,"e":"aggTrade","E":1745777469894,"f":4855243515,"l":4855243515,"m":false,"M":true}
Received message: {"p":"94119.98000000","a":3551019522,"q":"0.00020000","s":"BTCUSDT","T":1745777469991,"e":"aggTrade","E":1745777469991,"f":4855243516,"l":4855243516,"m":true,"M":true}
Received message: {"p":"94119.98000000","a":3551019522,"q":"0.00020000","s":"BTCUSDT","T":1745777469991,"e":"aggTrade","E":1745777469991,"f":4855243516,"l":4855243516,"m":true,"M":true}
Received message: {"a":[["94119.99000000","2.11334000"],["94120.00000000","0.65684000"],["94120.02000000","0.14850000"],["94120.03000000","0.25740000"],["94121.07000000","0.00012000"],["94121.31000000","0.00006000"],["94121.32000000","0.00012000"],["94121.39000000","0.00238000"],["94121.56000000","0.00020000"],["94121.57000000","0.00000000"],["94121.58000000","0.00000000"],["94122.00000000","0.04250000"],["94123.43000000","0.00000000"],["94124.59000000","0.00000000"],["94126.39000000","0.00000000"],["94126.45000000","0.02264000"],["94126.71000000","0.00000000"],["94126.86000000","0.00000000"],["94127.29000000","1.42647000"],["94127.30000000","1.71102000"],["94127.31000000","0.45148000"],["94127.33000000","0.21381000"],["94127.46000000","0.00000000"],["94127.77000000","0.00010000"],["94128.08000000","0.01355000"],["94128.99000000","0.00764000"],["94130.62000000","0.02132000"],["94130.65000000","0.00000000"],["94130.75000000","0.00007000"],["94130.92000000","0.00089000"],["94134.33000000","0.00092000"],["94139.08000000","0.00000000"],["94139.21000000","1.00000000"],["94139.73000000","0.00000000"],["94140.64000000","0.00000000"],["94140.88000000","0.00000000"],["94141.30000000","1.69363000"],["94142.38000000","0.00000000"],["94142.56000000","0.00815000"],["94145.83000000","0.00000000"],["94153.52000000","0.00000000"],["94155.89000000","1.45786000"],["94158.17000000","0.00000000"],["94158.43000000","2.00007000"],["94159.47000000","0.00000000"],["94161.18000000","0.00000000"],["94161.29000000","0.00000000"],["94161.46000000","0.00000000"],["94161.77000000","0.00000000"],["94162.61000000","0.00000000"],["94164.16000000","0.04716000"],["94164.77000000","0.00000000"],["94172.04000000","0.00010000"],["94184.41000000","0.04243000"],["94191.95000000","0.00006000"],["94266.84000000","1.31347000"],["94279.87000000","0.01661000"],["94325.02000000","0.00000000"],["94340.04000000","0.00400000"],["94347.44000000","0.00000000"],["94352.91000000","0.00000000"],["95531.79000000","0.00100000"]],"b":[["94119.98000000","5.58344000"],["94119.92000000","0.00018000"],["94119.91000000","0.23626000"],["94119.90000000","0.70118000"],["94119.32000000","0.00000000"],["94118.53000000","0.00006000"],["94118.52000000","0.00006000"],["94118.51000000","0.00006000"],["94118.50000000","0.04268000"],["94117.87000000","0.02185000"],["94117.62000000","0.00000000"],["94117.61000000","0.00000000"],["94117.60000000","0.04262000"],["94117.43000000","0.08207000"],["94117.04000000","0.04207000"],["94116.95000000","0.16562000"],["94115.00000000","0.04262000"],["94113.06000000","0.00000000"],["94108.02000000","0.00000000"],["94107.44000000","0.00531000"],["94106.69000000","0.00013000"],["94106.68000000","0.49933000"],["94106.30000000","0.00531000"],["94105.94000000","0.00000000"],["94104.27000000","1.00000000"],["94104.14000000","0.00000000"],["94102.84000000","0.63281000"],["94102.71000000","0.00000000"],["94102.05000000","0.00000000"],["94101.55000000","0.00000000"],["94100.19000000","0.00013000"],["94099.38000000","0.00300000"],["94094.90000000","0.00000000"],["94092.40000000","0.00000000"],["94091.90000000","0.00000000"],["94090.28000000","0.00000000"],["94088.56000000","2.00000000"],["94088.30000000","0.00000000"],["94085.44000000","0.00000000"],["94084.12000000","0.00000000"],["94077.36000000","0.00000000"],["94074.06000000","0.00000000"],["94073.05000000","0.00000000"],["94037.19000000","0.00000000"],["94019.71000000","0.00000000"],["93996.69000000","0.00007000"],["93981.58000000","0.14871000"],["93957.15000000","0.05697000"],["93931.13000000","0.01661000"],["92708.18000000","0.00000000"],["84707.00000000","0.00000000"],["79000.00000000","27.02841000"],["75295.99000000","0.00052000"],["60000.00000000","88.75209000"],["33000.00000000","2.70601000"]],"s":"BTCUSDT","e":"depthUpdate","E":1745777470014,"U":67663561106,"u":67663561395}
Received message: {"a":[["94119.99000000","2.11334000"],["94120.00000000","0.65684000"],["94120.02000000","0.14850000"],["94120.03000000","0.25740000"],["94121.07000000","0.00012000"],["94121.31000000","0.00006000"],["94121.32000000","0.00012000"],["94121.39000000","0.00238000"],["94121.56000000","0.00020000"],["94121.57000000","0.00000000"],["94121.58000000","0.00000000"],["94122.00000000","0.04250000"],["94123.43000000","0.00000000"],["94124.59000000","0.00000000"],["94126.39000000","0.00000000"],["94126.45000000","0.02264000"],["94126.71000000","0.00000000"],["94126.86000000","0.00000000"],["94127.29000000","1.42647000"],["94127.30000000","1.71102000"],["94127.31000000","0.45148000"],["94127.33000000","0.21381000"],["94127.46000000","0.00000000"],["94127.77000000","0.00010000"],["94128.08000000","0.01355000"],["94128.99000000","0.00764000"],["94130.62000000","0.02132000"],["94130.65000000","0.00000000"],["94130.75000000","0.00007000"],["94130.92000000","0.00089000"],["94134.33000000","0.00092000"],["94139.08000000","0.00000000"],["94139.21000000","1.00000000"],["94139.73000000","0.00000000"],["94140.64000000","0.00000000"],["94140.88000000","0.00000000"],["94141.30000000","1.69363000"],["94142.38000000","0.00000000"],["94142.56000000","0.00815000"],["94145.83000000","0.00000000"],["94153.52000000","0.00000000"],["94155.89000000","1.45786000"],["94158.17000000","0.00000000"],["94158.43000000","2.00007000"],["94159.47000000","0.00000000"],["94161.18000000","0.00000000"],["94161.29000000","0.00000000"],["94161.46000000","0.00000000"],["94161.77000000","0.00000000"],["94162.61000000","0.00000000"],["94164.16000000","0.04716000"],["94164.77000000","0.00000000"],["94172.04000000","0.00010000"],["94184.41000000","0.04243000"],["94191.95000000","0.00006000"],["94266.84000000","1.31347000"],["94279.87000000","0.01661000"],["94325.02000000","0.00000000"],["94340.04000000","0.00400000"],["94347.44000000","0.00000000"],["94352.91000000","0.00000000"],["95531.79000000","0.00100000"]],"b":[["94119.98000000","5.58344000"],["94119.92000000","0.00018000"],["94119.91000000","0.23626000"],["94119.90000000","0.70118000"],["94119.32000000","0.00000000"],["94118.53000000","0.00006000"],["94118.52000000","0.00006000"],["94118.51000000","0.00006000"],["94118.50000000","0.04268000"],["94117.87000000","0.02185000"],["94117.62000000","0.00000000"],["94117.61000000","0.00000000"],["94117.60000000","0.04262000"],["94117.43000000","0.08207000"],["94117.04000000","0.04207000"],["94116.95000000","0.16562000"],["94115.00000000","0.04262000"],["94113.06000000","0.00000000"],["94108.02000000","0.00000000"],["94107.44000000","0.00531000"],["94106.69000000","0.00013000"],["94106.68000000","0.49933000"],["94106.30000000","0.00531000"],["94105.94000000","0.00000000"],["94104.27000000","1.00000000"],["94104.14000000","0.00000000"],["94102.84000000","0.63281000"],["94102.71000000","0.00000000"],["94102.05000000","0.00000000"],["94101.55000000","0.00000000"],["94100.19000000","0.00013000"],["94099.38000000","0.00300000"],["94094.90000000","0.00000000"],["94092.40000000","0.00000000"],["94091.90000000","0.00000000"],["94090.28000000","0.00000000"],["94088.56000000","2.00000000"],["94088.30000000","0.00000000"],["94085.44000000","0.00000000"],["94084.12000000","0.00000000"],["94077.36000000","0.00000000"],["94074.06000000","0.00000000"],["94073.05000000","0.00000000"],["94037.19000000","0.00000000"],["94019.71000000","0.00000000"],["93996.69000000","0.00007000"],["93981.58000000","0.14871000"],["93957.15000000","0.05697000"],["93931.13000000","0.01661000"],["92708.18000000","0.00000000"],["84707.00000000","0.00000000"],["79000.00000000","27.02841000"],["75295.99000000","0.00052000"],["60000.00000000","88.75209000"],["33000.00000000","2.70601000"]],"s":"BTCUSDT","e":"depthUpdate","E":1745777470014,"U":67663561106,"u":67663561395}
Received message: {"p":"94119.99000000","a":3551019523,"q":"0.00111000","s":"BTCUSDT","T":1745777470066,"e":"aggTrade","E":1745777470066,"f":4855243517,"l":4855243517,"m":false,"M":true}
Received message: {"p":"94119.99000000","a":3551019523,"q":"0.00111000","s":"BTCUSDT","T":1745777470066,"e":"aggTrade","E":1745777470066,"f":4855243517,"l":4855243517,"m":false,"M":true}
Received message: {"a":[["602.02000000","0.00000000"],["602.03000000","0.00000000"],["602.04000000","0.00000000"],["602.05000000","0.00000000"],["602.06000000","0.00000000"],["602.07000000","0.00000000"],["602.08000000","21.26900000"],["602.09000000","8.34600000"],["602.10000000","18.62500000"],["602.11000000","5.87200000"],["602.12000000","5.20800000"],["602.13000000","34.17200000"],["602.14000000","8.26700000"],["602.15000000","1.71800000"],["602.16000000","72.89600000"],["602.17000000","18.28900000"],["602.18000000","37.24600000"],["602.19000000","22.16200000"],["602.20000000","8.67100000"],["602.21000000","1.68200000"],["602.22000000","16.50300000"],["602.23000000","8.35400000"],["602.25000000","29.90300000"],["602.26000000","2.56100000"],["602.27000000","2.08200000"],["602.28000000","14.61500000"],["602.31000000","41.34700000"],["602.33000000","8.30300000"],["602.38000000","3.64100000"],["602.39000000","4.93200000"],["602.45000000","9.40700000"],["602.54000000","8.79200000"],["602.74000000","3.49100000"],["602.77000000","11.48400000"],["603.47000000","8.29400000"],["603.65000000","0.06800000"],["604.13000000","0.27700000"],["604.16000000","0.27000000"],["606.87000000","8.97000000"]],"b":[["602.07000000","33.56300000"],["602.06000000","3.10000000"],["602.05000000","0.69100000"],["602.04000000","3.09100000"],["602.03000000","13.95000000"],["602.02000000","26.51500000"],["602.01000000","33.69800000"],["602.00000000","3.10800000"],["601.99000000","0.88500000"],["601.98000000","13.90700000"],["601.97000000","0.01700000"],["601.96000000","2.28100000"],["601.95000000","7.60200000"],["601.94000000","4.04200000"],["601.93000000","1.80100000"],["601.92000000","6.05200000"],["601.91000000","0.47900000"],["601.90000000","4.02500000"],["601.88000000","8.75900000"],["601.87000000","2.66400000"],["601.86000000","24.70900000"],["601.85000000","41.23800000"],["601.84000000","1.24500000"],["601.83000000","38.46300000"],["601.82000000","2.90500000"],["601.74000000","13.30800000"],["601.65000000","10.41600000"],["601.64000000","12.76000000"],["601.57000000","3.58500000"],["601.31000000","7.38100000"],["601.30000000","6.78100000"],["601.27000000","0.03700000"],["600.87000000","9.42400000"],["600.76000000","0.06700000"],["600.56000000","8.37000000"],["600.43000000","17.35100000"],["600.08000000","17.31500000"],["600.05000000","0.00000000"],["599.90000000","0.00000000"],["599.81000000","4.22600000"],["599.06000000","0.49700000"],["599.00000000","6.64800000"],["597.21000000","0.02200000"],["596.17000000","0.18800000"]],"s":"BNBUSDT","e":"depthUpdate","E":1745777470106,"U":13738695667,"u":13738696023}
Received order book message: {"a":[["602.02000000","0.00000000"],["602.03000000","0.00000000"],["602.04000000","0.00000000"],["602.05000000","0.00000000"],["602.06000000","0.00000000"],["602.07000000","0.00000000"],["602.08000000","21.26900000"],["602.09000000","8.34600000"],["602.10000000","18.62500000"],["602.11000000","5.87200000"],["602.12000000","5.20800000"],["602.13000000","34.17200000"],["602.14000000","8.26700000"],["602.15000000","1.71800000"],["602.16000000","72.89600000"],["602.17000000","18.28900000"],["602.18000000","37.24600000"],["602.19000000","22.16200000"],["602.20000000","8.67100000"],["602.21000000","1.68200000"],["602.22000000","16.50300000"],["602.23000000","8.35400000"],["602.25000000","29.90300000"],["602.26000000","2.56100000"],["602.27000000","2.08200000"],["602.28000000","14.61500000"],["602.31000000","41.34700000"],["602.33000000","8.30300000"],["602.38000000","3.64100000"],["602.39000000","4.93200000"],["602.45000000","9.40700000"],["602.54000000","8.79200000"],["602.74000000","3.49100000"],["602.77000000","11.48400000"],["603.47000000","8.29400000"],["603.65000000","0.06800000"],["604.13000000","0.27700000"],["604.16000000","0.27000000"],["606.87000000","8.97000000"]],"b":[["602.07000000","33.56300000"],["602.06000000","3.10000000"],["602.05000000","0.69100000"],["602.04000000","3.09100000"],["602.03000000","13.95000000"],["602.02000000","26.51500000"],["602.01000000","33.69800000"],["602.00000000","3.10800000"],["601.99000000","0.88500000"],["601.98000000","13.90700000"],["601.97000000","0.01700000"],["601.96000000","2.28100000"],["601.95000000","7.60200000"],["601.94000000","4.04200000"],["601.93000000","1.80100000"],["601.92000000","6.05200000"],["601.91000000","0.47900000"],["601.90000000","4.02500000"],["601.88000000","8.75900000"],["601.87000000","2.66400000"],["601.86000000","24.70900000"],["601.85000000","41.23800000"],["601.84000000","1.24500000"],["601.83000000","38.46300000"],["601.82000000","2.90500000"],["601.74000000","13.30800000"],["601.65000000","10.41600000"],["601.64000000","12.76000000"],["601.57000000","3.58500000"],["601.31000000","7.38100000"],["601.30000000","6.78100000"],["601.27000000","0.03700000"],["600.87000000","9.42400000"],["600.76000000","0.06700000"],["600.56000000","8.37000000"],["600.43000000","17.35100000"],["600.08000000","17.31500000"],["600.05000000","0.00000000"],["599.90000000","0.00000000"],["599.81000000","4.22600000"],["599.06000000","0.49700000"],["599.00000000","6.64800000"],["597.21000000","0.02200000"],["596.17000000","0.18800000"]],"s":"BNBUSDT","e":"depthUpdate","E":1745777470106,"U":13738695667,"u":13738696023}
Received message: {"p":"94119.99000000","a":3551019524,"q":"0.00045000","s":"BTCUSDT","T":1745777470206,"e":"aggTrade","E":1745777470207,"f":4855243518,"l":4855243518,"m":false,"M":true}
Received message: {"p":"94119.99000000","a":3551019524,"q":"0.00045000","s":"BTCUSDT","T":1745777470206,"e":"aggTrade","E":1745777470207,"f":4855243518,"l":4855243518,"m":false,"M":true}
]]></system-out>
  <system-err><![CDATA[]]></system-err>
</testsuite>
