<?xml version="1.0" encoding="UTF-8"?>
<testsuite name="rest.testWebSocketTrade" tests="1" skipped="0" failures="0" errors="0" timestamp="2025-04-27T18:10:08" hostname="Tio-Hizbullah.local" time="30.165">
  <properties/>
  <testcase name="testSubscribeToTradeStream" classname="rest.testWebSocketTrade" time="30.165"/>
  <system-out><![CDATA[Subscribed to Trade stream: wss://stream.binance.com:9443/ws/bnbusdt@trade
Received message: {"p":"94095.24000000","a":3551019196,"q":"0.00059000","s":"BTCUSDT","T":1745777408699,"e":"aggTrade","E":1745777408700,"f":4855242520,"l":4855242520,"m":false,"M":true}
Received message: {"p":"94095.24000000","a":3551019196,"q":"0.00059000","s":"BTCUSDT","T":1745777408699,"e":"aggTrade","E":1745777408700,"f":4855242520,"l":4855242520,"m":false,"M":true}
Received message: {"p":"94095.23000000","a":3551019197,"q":"0.04848000","s":"BTCUSDT","T":1745777408892,"e":"aggTrade","E":1745777408893,"f":4855242521,"l":4855242521,"m":true,"M":true}
Received message: {"p":"94095.23000000","a":3551019197,"q":"0.04848000","s":"BTCUSDT","T":1745777408892,"e":"aggTrade","E":1745777408893,"f":4855242521,"l":4855242521,"m":true,"M":true}
Received message: {"p":"94095.24000000","a":3551019198,"q":"0.00009000","s":"BTCUSDT","T":1745777408896,"e":"aggTrade","E":1745777408897,"f":4855242522,"l":4855242522,"m":false,"M":true}
Received message: {"p":"94095.24000000","a":3551019198,"q":"0.00009000","s":"BTCUSDT","T":1745777408896,"e":"aggTrade","E":1745777408897,"f":4855242522,"l":4855242522,"m":false,"M":true}
Received message: {"a":[["94095.24000000","0.92076000"],["94097.04000000","0.00007000"],["94098.83000000","0.00000000"],["94098.84000000","0.00000000"],["94108.41000000","0.00010000"],["94108.71000000","0.00764000"],["94108.72000000","0.01355000"],["94110.00000000","0.00000000"],["94110.30000000","0.00000000"],["94110.31000000","0.00000000"],["94110.32000000","0.00000000"],["94110.76000000","0.00000000"],["94111.77000000","0.00000000"],["94112.08000000","0.00000000"],["94112.86000000","0.00000000"],["94112.87000000","0.00000000"],["94115.66000000","0.00106000"],["94119.94000000","1.00000000"],["94121.48000000","0.00382000"],["94122.29000000","0.00000000"],["94127.41000000","0.03189000"],["94129.96000000","0.01661000"],["94140.94000000","0.50762000"],["94144.64000000","2.00000000"],["94146.28000000","0.00000000"],["94147.72000000","0.00000000"],["94158.73000000","0.05310000"],["94160.73000000","0.86319000"],["94162.00000000","0.00000000"],["94164.34000000","0.76437000"],["94184.59000000","0.00014000"],["94193.37000000","0.39594000"],["94205.06000000","0.00709000"],["94227.07000000","0.17391000"],["95506.67000000","0.00000000"]],"b":[["94095.23000000","7.78811000"],["94094.00000000","0.04314000"],["94092.59000000","0.00000000"],["94092.02000000","0.01806000"],["94091.53000000","0.09409000"],["94086.96000000","0.54563000"],["94084.35000000","1.00000000"],["94082.78000000","0.00000000"],["94082.45000000","0.00496000"],["94073.47000000","2.00000000"],["94072.84000000","0.00000000"],["94071.86000000","0.15900000"],["94070.33000000","0.00000000"],["94031.09000000","0.64454000"],["94016.00000000","0.00210000"],["94012.00000000","0.00210000"],["94007.44000000","0.00709000"],["93987.01000000","0.00000000"],["93986.84000000","0.00000000"],["93968.65000000","0.01661000"],["93896.39000000","0.99302000"],["93730.00000000","0.00016000"],["93200.00000000","11.85031000"],["92683.80000000","0.00100000"],["84720.24000000","0.00007000"],["84685.00000000","0.00000000"],["84435.66000000","0.00007000"],["84151.08000000","0.00007000"],["83866.49000000","0.00007000"],["75276.19000000","0.00052000"],["42000.00000000","3.70583000"],["33000.00000000","2.70601000"],["20002.00000000","0.00000000"],["20001.00000000","0.03474000"]],"s":"BTCUSDT","e":"depthUpdate","E":1745777409014,"U":67663542614,"u":67663542713}
Received message: {"a":[["94095.24000000","0.92076000"],["94097.04000000","0.00007000"],["94098.83000000","0.00000000"],["94098.84000000","0.00000000"],["94108.41000000","0.00010000"],["94108.71000000","0.00764000"],["94108.72000000","0.01355000"],["94110.00000000","0.00000000"],["94110.30000000","0.00000000"],["94110.31000000","0.00000000"],["94110.32000000","0.00000000"],["94110.76000000","0.00000000"],["94111.77000000","0.00000000"],["94112.08000000","0.00000000"],["94112.86000000","0.00000000"],["94112.87000000","0.00000000"],["94115.66000000","0.00106000"],["94119.94000000","1.00000000"],["94121.48000000","0.00382000"],["94122.29000000","0.00000000"],["94127.41000000","0.03189000"],["94129.96000000","0.01661000"],["94140.94000000","0.50762000"],["94144.64000000","2.00000000"],["94146.28000000","0.00000000"],["94147.72000000","0.00000000"],["94158.73000000","0.05310000"],["94160.73000000","0.86319000"],["94162.00000000","0.00000000"],["94164.34000000","0.76437000"],["94184.59000000","0.00014000"],["94193.37000000","0.39594000"],["94205.06000000","0.00709000"],["94227.07000000","0.17391000"],["95506.67000000","0.00000000"]],"b":[["94095.23000000","7.78811000"],["94094.00000000","0.04314000"],["94092.59000000","0.00000000"],["94092.02000000","0.01806000"],["94091.53000000","0.09409000"],["94086.96000000","0.54563000"],["94084.35000000","1.00000000"],["94082.78000000","0.00000000"],["94082.45000000","0.00496000"],["94073.47000000","2.00000000"],["94072.84000000","0.00000000"],["94071.86000000","0.15900000"],["94070.33000000","0.00000000"],["94031.09000000","0.64454000"],["94016.00000000","0.00210000"],["94012.00000000","0.00210000"],["94007.44000000","0.00709000"],["93987.01000000","0.00000000"],["93986.84000000","0.00000000"],["93968.65000000","0.01661000"],["93896.39000000","0.99302000"],["93730.00000000","0.00016000"],["93200.00000000","11.85031000"],["92683.80000000","0.00100000"],["84720.24000000","0.00007000"],["84685.00000000","0.00000000"],["84435.66000000","0.00007000"],["84151.08000000","0.00007000"],["83866.49000000","0.00007000"],["75276.19000000","0.00052000"],["42000.00000000","3.70583000"],["33000.00000000","2.70601000"],["20002.00000000","0.00000000"],["20001.00000000","0.03474000"]],"s":"BTCUSDT","e":"depthUpdate","E":1745777409014,"U":67663542614,"u":67663542713}
Received message: {"p":"94095.24000000","a":3551019199,"q":"0.00010000","s":"BTCUSDT","T":1745777409097,"e":"aggTrade","E":1745777409097,"f":4855242523,"l":4855242523,"m":false,"M":true}
Received message: {"p":"94095.24000000","a":3551019199,"q":"0.00010000","s":"BTCUSDT","T":1745777409097,"e":"aggTrade","E":1745777409097,"f":4855242523,"l":4855242523,"m":false,"M":true}
Received message: {"p":"94095.23000000","a":3551019200,"q":"0.05970000","s":"BTCUSDT","T":1745777409483,"e":"aggTrade","E":1745777409484,"f":4855242524,"l":4855242524,"m":true,"M":true}
Received message: {"p":"94095.23000000","a":3551019200,"q":"0.05970000","s":"BTCUSDT","T":1745777409483,"e":"aggTrade","E":1745777409484,"f":4855242524,"l":4855242524,"m":true,"M":true}
Received message: {"p":"94095.23000000","a":3551019201,"q":"0.00043000","s":"BTCUSDT","T":1745777409659,"e":"aggTrade","E":1745777409659,"f":4855242525,"l":4855242525,"m":true,"M":true}
Received message: {"p":"94095.23000000","a":3551019201,"q":"0.00043000","s":"BTCUSDT","T":1745777409659,"e":"aggTrade","E":1745777409659,"f":4855242525,"l":4855242525,"m":true,"M":true}
Received message: {"a":[["94095.24000000","3.17359000"],["94095.25000000","0.00790000"],["94096.00000000","0.00216000"],["94096.04000000","0.00012000"],["94096.05000000","0.09651000"],["94097.50000000","0.04250000"],["94098.40000000","0.04250000"],["94098.55000000","0.00000000"],["94099.97000000","0.00012000"],["94099.98000000","0.21381000"],["94099.99000000","0.24803000"],["94101.00000000","0.04250000"],["94102.50000000","0.00033000"],["94102.57000000","0.00010000"],["94103.19000000","0.31425000"],["94103.44000000","1.27542000"],["94103.45000000","1.71052000"],["94103.47000000","0.00000000"],["94103.72000000","0.00000000"],["94103.88000000","0.00000000"],["94103.99000000","0.00000000"],["94104.96000000","0.00764000"],["94105.00000000","0.70111000"],["94105.10000000","0.00000000"],["94105.22000000","0.00010000"],["94105.41000000","0.01355000"],["94105.80000000","0.00008000"],["94106.36000000","0.00000000"],["94107.96000000","0.00000000"],["94108.71000000","0.00000000"],["94108.72000000","0.00000000"],["94109.11000000","0.69551000"],["94109.72000000","0.00000000"],["94111.47000000","0.01587000"],["94113.25000000","0.00000000"],["94113.99000000","0.00000000"],["94114.44000000","1.00000000"],["94116.30000000","0.00541000"],["94116.54000000","0.00000000"],["94117.31000000","0.00000000"],["94119.94000000","0.00000000"],["94121.48000000","0.00000000"],["94121.49000000","0.00000000"],["94122.65000000","0.00000000"],["94122.98000000","0.00796000"],["94123.62000000","0.00000000"],["94126.89000000","0.00496000"],["94129.96000000","0.00000000"],["94131.51000000","0.11001000"],["94133.64000000","2.00000000"],["94136.72000000","0.04716000"],["94137.84000000","0.00000000"],["94137.89000000","0.00000000"],["94140.78000000","0.04243000"],["94144.64000000","0.00000000"],["94146.86000000","1.02206000"],["94154.31000000","0.00000000"],["94157.73000000","0.00000000"],["94162.47000000","0.00000000"],["94163.34000000","0.00000000"],["94166.91000000","0.00006000"],["94179.99000000","0.28552000"],["94186.50000000","0.00100000"],["94226.59000000","0.05797000"],["94238.93000000","1.31347000"],["94289.97000000","0.00000000"],["94299.50000000","0.00400000"],["94346.98000000","0.00000000"],["94356.07000000","0.00000000"],["94931.41000000","0.00105000"],["95506.67000000","0.00100000"]],"b":[["94095.23000000","5.15590000"],["94095.22000000","0.70374000"],["94095.10000000","0.02012000"],["94095.07000000","0.00006000"],["94094.99000000","0.00006000"],["94094.71000000","0.00000000"],["94094.69000000","0.00000000"],["94094.68000000","0.01437000"],["94094.15000000","0.04242000"],["94094.00000000","0.04262000"],["94092.02000000","0.00000000"],["94092.01000000","0.15260000"],["94092.00000000","0.04256000"],["94091.97000000","0.00000000"],["94091.53000000","0.00000000"],["94091.46000000","0.00000000"],["94090.56000000","0.00632000"],["94090.54000000","0.00000000"],["94090.50000000","0.04256000"],["94090.22000000","0.32061000"],["94089.98000000","0.00000000"],["94089.36000000","0.00000000"],["94088.90000000","0.00000000"],["94087.88000000","0.00000000"],["94086.94000000","0.45148000"],["94086.19000000","0.21381000"],["94085.32000000","0.00000000"],["94084.66000000","0.00000000"],["94084.35000000","0.00000000"],["94083.70000000","0.01587000"],["94082.63000000","0.00000000"],["94081.57000000","0.00531000"],["94081.30000000","0.00000000"],["94081.04000000","0.00000000"],["94080.64000000","0.00000000"],["94079.54000000","1.00000000"],["94078.84000000","0.00000000"],["94073.47000000","0.00000000"],["94073.37000000","0.00000000"],["94071.86000000","0.00000000"],["94070.03000000","0.00000000"],["94068.72000000","0.00000000"],["94066.85000000","0.00000000"],["94066.05000000","0.00000000"],["94064.97000000","2.41998000"],["94063.85000000","2.00000000"],["94062.45000000","0.00000000"],["94049.01000000","0.00000000"],["94047.82000000","0.76532000"],["94040.02000000","0.00000000"],["94037.52000000","0.05000000"],["94035.82000000","0.00000000"],["94035.01000000","0.59433000"],["94033.31000000","0.00000000"],["94032.40000000","0.63741000"],["94028.76000000","0.53143000"],["94022.82000000","0.00000000"],["94021.60000000","0.03422000"],["94014.72000000","0.00000000"],["94003.29000000","0.02949000"],["93998.50000000","0.45270000"],["93976.28000000","0.71606000"],["93972.23000000","0.00000000"],["93969.34000000","0.00000000"],["93968.65000000","0.00000000"],["93963.10000000","0.03998000"],["93943.05000000","1.23512000"],["93942.93000000","0.00000000"],["93868.22000000","0.00553000"],["93849.20000000","0.00000000"],["92683.80000000","0.00000000"],["86557.89000000","0.00012000"],["84685.00000000","0.00000000"],["83581.91000000","0.00007000"],["83297.33000000","0.00007000"],["83012.75000000","0.00007000"],["79000.00000000","27.02727000"],["75276.19000000","0.00052000"],["60000.00000000","88.75209000"],["33000.00000000","2.70601000"]],"s":"BTCUSDT","e":"depthUpdate","E":1745777410014,"U":67663542714,"u":67663543051}
Received message: {"a":[["94095.24000000","3.17359000"],["94095.25000000","0.00790000"],["94096.00000000","0.00216000"],["94096.04000000","0.00012000"],["94096.05000000","0.09651000"],["94097.50000000","0.04250000"],["94098.40000000","0.04250000"],["94098.55000000","0.00000000"],["94099.97000000","0.00012000"],["94099.98000000","0.21381000"],["94099.99000000","0.24803000"],["94101.00000000","0.04250000"],["94102.50000000","0.00033000"],["94102.57000000","0.00010000"],["94103.19000000","0.31425000"],["94103.44000000","1.27542000"],["94103.45000000","1.71052000"],["94103.47000000","0.00000000"],["94103.72000000","0.00000000"],["94103.88000000","0.00000000"],["94103.99000000","0.00000000"],["94104.96000000","0.00764000"],["94105.00000000","0.70111000"],["94105.10000000","0.00000000"],["94105.22000000","0.00010000"],["94105.41000000","0.01355000"],["94105.80000000","0.00008000"],["94106.36000000","0.00000000"],["94107.96000000","0.00000000"],["94108.71000000","0.00000000"],["94108.72000000","0.00000000"],["94109.11000000","0.69551000"],["94109.72000000","0.00000000"],["94111.47000000","0.01587000"],["94113.25000000","0.00000000"],["94113.99000000","0.00000000"],["94114.44000000","1.00000000"],["94116.30000000","0.00541000"],["94116.54000000","0.00000000"],["94117.31000000","0.00000000"],["94119.94000000","0.00000000"],["94121.48000000","0.00000000"],["94121.49000000","0.00000000"],["94122.65000000","0.00000000"],["94122.98000000","0.00796000"],["94123.62000000","0.00000000"],["94126.89000000","0.00496000"],["94129.96000000","0.00000000"],["94131.51000000","0.11001000"],["94133.64000000","2.00000000"],["94136.72000000","0.04716000"],["94137.84000000","0.00000000"],["94137.89000000","0.00000000"],["94140.78000000","0.04243000"],["94144.64000000","0.00000000"],["94146.86000000","1.02206000"],["94154.31000000","0.00000000"],["94157.73000000","0.00000000"],["94162.47000000","0.00000000"],["94163.34000000","0.00000000"],["94166.91000000","0.00006000"],["94179.99000000","0.28552000"],["94186.50000000","0.00100000"],["94226.59000000","0.05797000"],["94238.93000000","1.31347000"],["94289.97000000","0.00000000"],["94299.50000000","0.00400000"],["94346.98000000","0.00000000"],["94356.07000000","0.00000000"],["94931.41000000","0.00105000"],["95506.67000000","0.00100000"]],"b":[["94095.23000000","5.15590000"],["94095.22000000","0.70374000"],["94095.10000000","0.02012000"],["94095.07000000","0.00006000"],["94094.99000000","0.00006000"],["94094.71000000","0.00000000"],["94094.69000000","0.00000000"],["94094.68000000","0.01437000"],["94094.15000000","0.04242000"],["94094.00000000","0.04262000"],["94092.02000000","0.00000000"],["94092.01000000","0.15260000"],["94092.00000000","0.04256000"],["94091.97000000","0.00000000"],["94091.53000000","0.00000000"],["94091.46000000","0.00000000"],["94090.56000000","0.00632000"],["94090.54000000","0.00000000"],["94090.50000000","0.04256000"],["94090.22000000","0.32061000"],["94089.98000000","0.00000000"],["94089.36000000","0.00000000"],["94088.90000000","0.00000000"],["94087.88000000","0.00000000"],["94086.94000000","0.45148000"],["94086.19000000","0.21381000"],["94085.32000000","0.00000000"],["94084.66000000","0.00000000"],["94084.35000000","0.00000000"],["94083.70000000","0.01587000"],["94082.63000000","0.00000000"],["94081.57000000","0.00531000"],["94081.30000000","0.00000000"],["94081.04000000","0.00000000"],["94080.64000000","0.00000000"],["94079.54000000","1.00000000"],["94078.84000000","0.00000000"],["94073.47000000","0.00000000"],["94073.37000000","0.00000000"],["94071.86000000","0.00000000"],["94070.03000000","0.00000000"],["94068.72000000","0.00000000"],["94066.85000000","0.00000000"],["94066.05000000","0.00000000"],["94064.97000000","2.41998000"],["94063.85000000","2.00000000"],["94062.45000000","0.00000000"],["94049.01000000","0.00000000"],["94047.82000000","0.76532000"],["94040.02000000","0.00000000"],["94037.52000000","0.05000000"],["94035.82000000","0.00000000"],["94035.01000000","0.59433000"],["94033.31000000","0.00000000"],["94032.40000000","0.63741000"],["94028.76000000","0.53143000"],["94022.82000000","0.00000000"],["94021.60000000","0.03422000"],["94014.72000000","0.00000000"],["94003.29000000","0.02949000"],["93998.50000000","0.45270000"],["93976.28000000","0.71606000"],["93972.23000000","0.00000000"],["93969.34000000","0.00000000"],["93968.65000000","0.00000000"],["93963.10000000","0.03998000"],["93943.05000000","1.23512000"],["93942.93000000","0.00000000"],["93868.22000000","0.00553000"],["93849.20000000","0.00000000"],["92683.80000000","0.00000000"],["86557.89000000","0.00012000"],["84685.00000000","0.00000000"],["83581.91000000","0.00007000"],["83297.33000000","0.00007000"],["83012.75000000","0.00007000"],["79000.00000000","27.02727000"],["75276.19000000","0.00052000"],["60000.00000000","88.75209000"],["33000.00000000","2.70601000"]],"s":"BTCUSDT","e":"depthUpdate","E":1745777410014,"U":67663542714,"u":67663543051}
Received message: {"p":"94095.24000000","a":3551019202,"q":"0.05331000","s":"BTCUSDT","T":1745777410110,"e":"aggTrade","E":1745777410111,"f":4855242526,"l":4855242526,"m":false,"M":true}
Received message: {"p":"94095.24000000","a":3551019202,"q":"0.05331000","s":"BTCUSDT","T":1745777410110,"e":"aggTrade","E":1745777410111,"f":4855242526,"l":4855242526,"m":false,"M":true}
Received message: {"p":"94095.23000000","a":3551019203,"q":"0.00253000","s":"BTCUSDT","T":1745777410466,"e":"aggTrade","E":1745777410467,"f":4855242527,"l":4855242527,"m":true,"M":true}
Received message: {"p":"94095.23000000","a":3551019203,"q":"0.00253000","s":"BTCUSDT","T":1745777410466,"e":"aggTrade","E":1745777410467,"f":4855242527,"l":4855242527,"m":true,"M":true}
Received message: {"p":"94095.24000000","a":3551019204,"q":"0.04492000","s":"BTCUSDT","T":1745777410485,"e":"aggTrade","E":1745777410485,"f":4855242528,"l":4855242529,"m":false,"M":true}
Received message: {"p":"94095.24000000","a":3551019204,"q":"0.04492000","s":"BTCUSDT","T":1745777410485,"e":"aggTrade","E":1745777410485,"f":4855242528,"l":4855242529,"m":false,"M":true}
Received message: {"p":"94095.23000000","a":3551019205,"q":"0.00029000","s":"BTCUSDT","T":1745777410612,"e":"aggTrade","E":1745777410613,"f":4855242530,"l":4855242530,"m":true,"M":true}
Received message: {"p":"94095.23000000","a":3551019205,"q":"0.00029000","s":"BTCUSDT","T":1745777410612,"e":"aggTrade","E":1745777410613,"f":4855242530,"l":4855242530,"m":true,"M":true}
Received message: {"p":"94095.23000000","a":3551019206,"q":"0.00009000","s":"BTCUSDT","T":1745777410829,"e":"aggTrade","E":1745777410829,"f":4855242531,"l":4855242531,"m":true,"M":true}
Received message: {"p":"94095.23000000","a":3551019206,"q":"0.00009000","s":"BTCUSDT","T":1745777410829,"e":"aggTrade","E":1745777410829,"f":4855242531,"l":4855242531,"m":true,"M":true}
Received message: {"a":[["94095.24000000","3.38473000"],["94095.25000000","0.00784000"],["94099.97000000","0.00000000"],["94099.98000000","0.00012000"],["94099.99000000","0.24809000"],["94103.18000000","0.00007000"],["94103.44000000","1.27523000"],["94107.60000000","0.01587000"],["94111.47000000","0.00000000"],["94113.34000000","0.00000000"],["94114.44000000","0.00000000"],["94114.84000000","0.00000000"],["94114.94000000","0.00000000"],["94115.79000000","0.00000000"],["94116.14000000","0.00000000"],["94116.24000000","0.00000000"],["94117.94000000","0.00000000"],["94118.19000000","1.00000000"],["94120.46000000","0.00000000"],["94120.98000000","0.00000000"],["94122.55000000","0.00000000"],["94126.89000000","0.00000000"],["94131.44000000","0.00000000"],["94132.63000000","0.00496000"],["94132.76000000","0.00000000"],["94133.64000000","0.00000000"],["94134.44000000","0.00000000"],["94134.64000000","0.00000000"],["94136.34000000","0.00000000"],["94137.04000000","0.00000000"],["94137.11000000","0.38708000"],["94137.24000000","0.00000000"],["94140.64000000","0.00000000"],["94141.14000000","2.00000000"],["94145.68000000","0.00000000"],["94146.72000000","0.00000000"],["94149.86000000","0.00000000"],["94152.73000000","0.00000000"],["94226.94000000","0.05797000"],["94240.62000000","0.01586000"],["94286.05000000","0.00000000"],["94286.83000000","0.00000000"],["94295.30000000","0.00400000"],["94296.66000000","0.00000000"],["94299.50000000","0.00000000"],["95506.67000000","0.00000000"]],"b":[["94095.23000000","4.16747000"],["94095.22000000","0.70350000"],["94095.10000000","0.02134000"],["94092.00000000","0.04256000"],["94091.55000000","0.09415000"],["94090.50000000","0.04250000"],["94086.75000000","0.01587000"],["94086.18000000","0.00000000"],["94085.28000000","0.00000000"],["94084.67000000","0.21381000"],["94084.66000000","0.05329000"],["94083.70000000","0.00000000"],["94083.49000000","1.00000000"],["94083.24000000","0.00000000"],["94081.44000000","0.00000000"],["94081.14000000","0.00000000"],["94081.09000000","0.00000000"],["94080.88000000","0.01800000"],["94080.24000000","0.00000000"],["94080.14000000","0.00000000"],["94079.54000000","0.00000000"],["94078.64000000","0.00006000"],["94076.58000000","0.06349000"],["94071.75000000","2.00000000"],["94071.25000000","0.00000000"],["94067.65000000","0.00000000"],["94067.05000000","0.00000000"],["94066.95000000","0.00000000"],["94066.78000000","0.00000000"],["94065.25000000","0.00000000"],["94065.05000000","0.00000000"],["94063.85000000","0.00000000"],["94063.76000000","0.00000000"],["94062.05000000","0.00000000"],["94060.19000000","0.00000000"],["94027.49000000","0.00510000"],["93896.39000000","0.00000000"],["93880.67000000","0.99302000"],["92854.33000000","0.00018000"],["92683.80000000","0.00100000"],["86557.89000000","0.00000000"],["84685.00000000","0.00000000"],["79000.00000000","27.02841000"],["75276.19000000","0.00052000"],["33874.28000000","0.00288000"],["33000.00000000","2.70601000"]],"s":"BTCUSDT","e":"depthUpdate","E":1745777411014,"U":67663543052,"u":67663543295}
Received message: {"a":[["94095.24000000","3.38473000"],["94095.25000000","0.00784000"],["94099.97000000","0.00000000"],["94099.98000000","0.00012000"],["94099.99000000","0.24809000"],["94103.18000000","0.00007000"],["94103.44000000","1.27523000"],["94107.60000000","0.01587000"],["94111.47000000","0.00000000"],["94113.34000000","0.00000000"],["94114.44000000","0.00000000"],["94114.84000000","0.00000000"],["94114.94000000","0.00000000"],["94115.79000000","0.00000000"],["94116.14000000","0.00000000"],["94116.24000000","0.00000000"],["94117.94000000","0.00000000"],["94118.19000000","1.00000000"],["94120.46000000","0.00000000"],["94120.98000000","0.00000000"],["94122.55000000","0.00000000"],["94126.89000000","0.00000000"],["94131.44000000","0.00000000"],["94132.63000000","0.00496000"],["94132.76000000","0.00000000"],["94133.64000000","0.00000000"],["94134.44000000","0.00000000"],["94134.64000000","0.00000000"],["94136.34000000","0.00000000"],["94137.04000000","0.00000000"],["94137.11000000","0.38708000"],["94137.24000000","0.00000000"],["94140.64000000","0.00000000"],["94141.14000000","2.00000000"],["94145.68000000","0.00000000"],["94146.72000000","0.00000000"],["94149.86000000","0.00000000"],["94152.73000000","0.00000000"],["94226.94000000","0.05797000"],["94240.62000000","0.01586000"],["94286.05000000","0.00000000"],["94286.83000000","0.00000000"],["94295.30000000","0.00400000"],["94296.66000000","0.00000000"],["94299.50000000","0.00000000"],["95506.67000000","0.00000000"]],"b":[["94095.23000000","4.16747000"],["94095.22000000","0.70350000"],["94095.10000000","0.02134000"],["94092.00000000","0.04256000"],["94091.55000000","0.09415000"],["94090.50000000","0.04250000"],["94086.75000000","0.01587000"],["94086.18000000","0.00000000"],["94085.28000000","0.00000000"],["94084.67000000","0.21381000"],["94084.66000000","0.05329000"],["94083.70000000","0.00000000"],["94083.49000000","1.00000000"],["94083.24000000","0.00000000"],["94081.44000000","0.00000000"],["94081.14000000","0.00000000"],["94081.09000000","0.00000000"],["94080.88000000","0.01800000"],["94080.24000000","0.00000000"],["94080.14000000","0.00000000"],["94079.54000000","0.00000000"],["94078.64000000","0.00006000"],["94076.58000000","0.06349000"],["94071.75000000","2.00000000"],["94071.25000000","0.00000000"],["94067.65000000","0.00000000"],["94067.05000000","0.00000000"],["94066.95000000","0.00000000"],["94066.78000000","0.00000000"],["94065.25000000","0.00000000"],["94065.05000000","0.00000000"],["94063.85000000","0.00000000"],["94063.76000000","0.00000000"],["94062.05000000","0.00000000"],["94060.19000000","0.00000000"],["94027.49000000","0.00510000"],["93896.39000000","0.00000000"],["93880.67000000","0.99302000"],["92854.33000000","0.00018000"],["92683.80000000","0.00100000"],["86557.89000000","0.00000000"],["84685.00000000","0.00000000"],["79000.00000000","27.02841000"],["75276.19000000","0.00052000"],["33874.28000000","0.00288000"],["33000.00000000","2.70601000"]],"s":"BTCUSDT","e":"depthUpdate","E":1745777411014,"U":67663543052,"u":67663543295}
Received message: {"p":"94095.24000000","a":3551019207,"q":"0.00022000","s":"BTCUSDT","T":1745777411327,"e":"aggTrade","E":1745777411328,"f":4855242532,"l":4855242532,"m":false,"M":true}
Received message: {"p":"94095.24000000","a":3551019207,"q":"0.00022000","s":"BTCUSDT","T":1745777411327,"e":"aggTrade","E":1745777411328,"f":4855242532,"l":4855242532,"m":false,"M":true}
Received message: {"p":"94095.24000000","a":3551019208,"q":"0.00015000","s":"BTCUSDT","T":1745777411415,"e":"aggTrade","E":1745777411416,"f":4855242533,"l":4855242533,"m":false,"M":true}
Received message: {"p":"94095.24000000","a":3551019208,"q":"0.00015000","s":"BTCUSDT","T":1745777411415,"e":"aggTrade","E":1745777411416,"f":4855242533,"l":4855242533,"m":false,"M":true}
Received message: {"p":"94095.24000000","a":3551019209,"q":"0.00020000","s":"BTCUSDT","T":1745777411422,"e":"aggTrade","E":1745777411422,"f":4855242534,"l":4855242534,"m":false,"M":true}
Received message: {"p":"94095.24000000","a":3551019209,"q":"0.00020000","s":"BTCUSDT","T":1745777411422,"e":"aggTrade","E":1745777411422,"f":4855242534,"l":4855242534,"m":false,"M":true}
Received message: {"p":"94095.23000000","a":3551019210,"q":"0.00160000","s":"BTCUSDT","T":1745777411448,"e":"aggTrade","E":1745777411449,"f":4855242535,"l":4855242535,"m":true,"M":true}
Received message: {"p":"94095.23000000","a":3551019210,"q":"0.00160000","s":"BTCUSDT","T":1745777411448,"e":"aggTrade","E":1745777411449,"f":4855242535,"l":4855242535,"m":true,"M":true}
Received message: {"a":[["94095.24000000","3.64489000"],["94095.25000000","0.00754000"],["94095.42000000","0.00013000"],["94095.85000000","0.00013000"],["94096.00000000","0.00210000"],["94099.99000000","0.53459000"],["94101.80000000","0.70114000"],["94103.32000000","0.00010000"],["94103.63000000","0.00000000"],["94105.00000000","0.00000000"],["94105.22000000","0.00000000"],["94113.09000000","1.00000000"],["94115.59000000","0.00000000"],["94118.19000000","0.00000000"],["94126.99000000","1.09577000"],["94128.28000000","0.87805000"],["94130.94000000","2.79715000"],["94132.23000000","0.00000000"],["94132.46000000","0.00496000"],["94132.63000000","0.00000000"],["94135.94000000","0.00000000"],["94137.11000000","0.00000000"],["94141.14000000","0.00000000"],["94150.20000000","0.00000000"],["94157.30000000","0.53264000"],["94287.53000000","0.00400000"],["94295.30000000","0.00000000"],["94438.48000000","0.29135000"],["94447.88000000","0.29141000"],["94457.28000000","0.29135000"],["94466.68000000","0.29135000"],["94476.08000000","0.29135000"],["94485.48000000","0.29158000"],["95506.67000000","0.00100000"]],"b":[["94095.23000000","4.00137000"],["94091.55000000","0.09592000"],["94085.31000000","0.00000000"],["94083.49000000","0.00000000"],["94080.89000000","0.00000000"],["94078.39000000","1.00000000"],["94073.89000000","0.00000000"],["94071.75000000","0.00000000"],["94069.49000000","0.03456000"],["94066.55000000","0.00000000"],["94062.27000000","0.16491000"],["94062.19000000","0.29135000"],["94061.55000000","2.00000000"],["94060.92000000","0.00000000"],["94060.74000000","0.15900000"],["94052.79000000","0.29135000"],["94043.39000000","0.29135000"],["94042.45000000","0.76536000"],["94033.99000000","0.29135000"],["94032.40000000","0.00000000"],["94031.09000000","0.91728000"],["94029.20000000","0.63742000"],["94024.59000000","0.29135000"],["94015.19000000","0.29135000"],["93990.62000000","0.05797000"],["93989.90000000","0.00000000"],["93761.39000000","0.19407000"],["93760.19000000","0.00000000"],["93759.96000000","0.00000000"],["93750.79000000","0.00000000"],["93742.99000000","0.00000000"],["93736.09000000","0.00000000"],["93097.40000000","0.00026000"],["92683.80000000","0.00000000"],["88032.54000000","0.00166000"],["84685.00000000","0.00000000"],["79000.00000000","27.02843000"],["75276.19000000","0.00052000"],["33000.00000000","2.70601000"]],"s":"BTCUSDT","e":"depthUpdate","E":1745777412014,"U":67663543296,"u":67663543420}
Received message: {"a":[["94095.24000000","3.64489000"],["94095.25000000","0.00754000"],["94095.42000000","0.00013000"],["94095.85000000","0.00013000"],["94096.00000000","0.00210000"],["94099.99000000","0.53459000"],["94101.80000000","0.70114000"],["94103.32000000","0.00010000"],["94103.63000000","0.00000000"],["94105.00000000","0.00000000"],["94105.22000000","0.00000000"],["94113.09000000","1.00000000"],["94115.59000000","0.00000000"],["94118.19000000","0.00000000"],["94126.99000000","1.09577000"],["94128.28000000","0.87805000"],["94130.94000000","2.79715000"],["94132.23000000","0.00000000"],["94132.46000000","0.00496000"],["94132.63000000","0.00000000"],["94135.94000000","0.00000000"],["94137.11000000","0.00000000"],["94141.14000000","0.00000000"],["94150.20000000","0.00000000"],["94157.30000000","0.53264000"],["94287.53000000","0.00400000"],["94295.30000000","0.00000000"],["94438.48000000","0.29135000"],["94447.88000000","0.29141000"],["94457.28000000","0.29135000"],["94466.68000000","0.29135000"],["94476.08000000","0.29135000"],["94485.48000000","0.29158000"],["95506.67000000","0.00100000"]],"b":[["94095.23000000","4.00137000"],["94091.55000000","0.09592000"],["94085.31000000","0.00000000"],["94083.49000000","0.00000000"],["94080.89000000","0.00000000"],["94078.39000000","1.00000000"],["94073.89000000","0.00000000"],["94071.75000000","0.00000000"],["94069.49000000","0.03456000"],["94066.55000000","0.00000000"],["94062.27000000","0.16491000"],["94062.19000000","0.29135000"],["94061.55000000","2.00000000"],["94060.92000000","0.00000000"],["94060.74000000","0.15900000"],["94052.79000000","0.29135000"],["94043.39000000","0.29135000"],["94042.45000000","0.76536000"],["94033.99000000","0.29135000"],["94032.40000000","0.00000000"],["94031.09000000","0.91728000"],["94029.20000000","0.63742000"],["94024.59000000","0.29135000"],["94015.19000000","0.29135000"],["93990.62000000","0.05797000"],["93989.90000000","0.00000000"],["93761.39000000","0.19407000"],["93760.19000000","0.00000000"],["93759.96000000","0.00000000"],["93750.79000000","0.00000000"],["93742.99000000","0.00000000"],["93736.09000000","0.00000000"],["93097.40000000","0.00026000"],["92683.80000000","0.00000000"],["88032.54000000","0.00166000"],["84685.00000000","0.00000000"],["79000.00000000","27.02843000"],["75276.19000000","0.00052000"],["33000.00000000","2.70601000"]],"s":"BTCUSDT","e":"depthUpdate","E":1745777412014,"U":67663543296,"u":67663543420}
Received message: {"p":"94095.23000000","a":3551019211,"q":"0.00093000","s":"BTCUSDT","T":1745777412159,"e":"aggTrade","E":1745777412159,"f":4855242536,"l":4855242536,"m":true,"M":true}
Received message: {"p":"94095.23000000","a":3551019211,"q":"0.00093000","s":"BTCUSDT","T":1745777412159,"e":"aggTrade","E":1745777412159,"f":4855242536,"l":4855242536,"m":true,"M":true}
Received message: {"p":"94095.24000000","a":3551019212,"q":"0.00009000","s":"BTCUSDT","T":1745777412856,"e":"aggTrade","E":1745777412856,"f":4855242537,"l":4855242537,"m":false,"M":true}
Received message: {"p":"94095.24000000","a":3551019212,"q":"0.00009000","s":"BTCUSDT","T":1745777412856,"e":"aggTrade","E":1745777412856,"f":4855242537,"l":4855242537,"m":false,"M":true}
Received message: {"p":"94095.24000000","a":3551019213,"q":"0.00630000","s":"BTCUSDT","T":1745777412861,"e":"aggTrade","E":1745777412862,"f":4855242538,"l":4855242538,"m":false,"M":true}
Received message: {"p":"94095.24000000","a":3551019213,"q":"0.00630000","s":"BTCUSDT","T":1745777412861,"e":"aggTrade","E":1745777412862,"f":4855242538,"l":4855242538,"m":false,"M":true}
Received message: {"p":"94095.23000000","a":3551019214,"q":"0.00065000","s":"BTCUSDT","T":1745777412969,"e":"aggTrade","E":1745777412969,"f":4855242539,"l":4855242539,"m":true,"M":true}
Received message: {"p":"94095.23000000","a":3551019214,"q":"0.00065000","s":"BTCUSDT","T":1745777412969,"e":"aggTrade","E":1745777412969,"f":4855242539,"l":4855242539,"m":true,"M":true}
Received message: {"a":[["94095.24000000","5.36495000"],["94095.25000000","0.00664000"],["94095.30000000","0.00006000"],["94095.38000000","0.00016000"],["94095.42000000","0.00013000"],["94095.49000000","0.00006000"],["94095.50000000","0.00006000"],["94095.85000000","0.00007000"],["94095.90000000","0.00000000"],["94095.99000000","0.00110000"],["94096.05000000","0.29925000"],["94096.06000000","0.22934000"],["94096.07000000","0.70124000"],["94096.86000000","0.00000000"],["94096.88000000","0.00000000"],["94096.89000000","0.00000000"],["94097.50000000","0.04256000"],["94097.69000000","0.00000000"],["94098.73000000","0.01589000"],["94099.14000000","0.01587000"],["94099.34000000","0.00000000"],["94099.72000000","0.08015000"],["94099.94000000","0.00526000"],["94099.97000000","0.00000000"],["94099.98000000","0.21381000"],["94099.99000000","0.35626000"],["94101.62000000","0.00000000"],["94101.80000000","0.00000000"],["94101.94000000","0.00000000"],["94103.19000000","0.00000000"],["94103.26000000","0.00000000"],["94103.32000000","0.00000000"],["94103.41000000","0.00000000"],["94103.65000000","0.00000000"],["94104.36000000","0.00000000"],["94104.82000000","0.31886000"],["94105.23000000","0.00000000"],["94105.35000000","0.43755000"],["94105.53000000","0.00000000"],["94106.36000000","0.00531000"],["94107.00000000","0.04000000"],["94107.34000000","0.02295000"],["94107.60000000","0.00000000"],["94107.99000000","0.00000000"],["94108.23000000","0.00000000"],["94108.41000000","0.00000000"],["94109.06000000","0.00013000"],["94109.07000000","0.08015000"],["94109.08000000","0.00000000"],["94109.09000000","1.73546000"],["94109.11000000","0.21381000"],["94109.33000000","0.04800000"],["94109.89000000","0.00000000"],["94109.92000000","0.00000000"],["94109.93000000","0.00000000"],["94110.03000000","0.00000000"],["94110.40000000","0.99735000"],["94111.14000000","0.04000000"],["94111.53000000","0.00000000"],["94111.59000000","0.00000000"],["94112.05000000","0.00000000"],["94112.07000000","1.00000000"],["94112.56000000","0.00106000"],["94112.81000000","0.06349000"],["94113.04000000","1.57732000"],["94113.09000000","0.00000000"],["94113.48000000","0.00000000"],["94113.61000000","0.00000000"],["94113.62000000","0.00000000"],["94114.64000000","0.00000000"],["94115.22000000","0.00000000"],["94115.66000000","0.00000000"],["94115.69000000","0.00531000"],["94115.82000000","0.00000000"],["94116.30000000","0.00010000"],["94117.91000000","0.00000000"],["94119.47000000","0.04716000"],["94119.88000000","0.00000000"],["94120.74000000","0.00000000"],["94121.20000000","0.00000000"],["94121.22000000","0.00000000"],["94123.17000000","0.00000000"],["94123.42000000","0.00000000"],["94123.54000000","0.00000000"],["94123.63000000","0.00000000"],["94124.18000000","0.04243000"],["94124.54000000","0.00000000"],["94124.62000000","0.00000000"],["94124.77000000","0.79715000"],["94124.82000000","0.00000000"],["94125.43000000","0.08015000"],["94125.69000000","0.11017000"],["94127.82000000","0.00000000"],["94127.94000000","0.00000000"],["94128.86000000","0.00000000"],["94128.90000000","2.00000000"],["94129.99000000","0.00000000"],["94130.76000000","1.60418000"],["94130.94000000","0.79715000"],["94131.43000000","0.76464000"],["94131.51000000","0.00000000"],["94132.00000000","0.00235000"],["94132.57000000","0.06852000"],["94136.72000000","0.00000000"],["94137.91000000","0.76459000"],["94138.18000000","0.44616000"],["94140.15000000","0.98044000"],["94140.78000000","0.00000000"],["94142.30000000","0.00000000"],["94142.61000000","0.31886000"],["94144.57000000","0.52546000"],["94146.86000000","0.00000000"],["94146.87000000","0.00000000"],["94148.06000000","0.10477000"],["94148.39000000","0.00000000"],["94150.73000000","0.00000000"],["94151.73000000","0.00000000"],["94154.75000000","0.00000000"],["94155.02000000","0.00000000"],["94156.07000000","0.00000000"],["94157.30000000","0.00000000"],["94157.39000000","0.00000000"],["94159.20000000","0.42514000"],["94160.73000000","0.00000000"],["94160.74000000","0.00000000"],["94162.02000000","0.00011000"],["94164.34000000","0.00000000"],["94170.96000000","0.00000000"],["94231.19000000","0.00000000"],["94233.20000000","0.00400000"],["94243.22000000","0.00035000"],["94245.31000000","0.00000000"],["94282.17000000","0.00000000"],["94287.53000000","0.00000000"],["94289.13000000","0.00000000"],["94310.63000000","6.44278000"],["95506.67000000","0.00000000"]],"b":[["94095.23000000","1.08126000"],["94095.22000000","0.00138000"],["94095.21000000","0.00018000"],["94095.13000000","0.00006000"],["94095.11000000","0.00018000"],["94095.10000000","0.02140000"],["94095.08000000","0.00066000"],["94095.07000000","0.00000000"],["94094.99000000","0.00000000"],["94094.69000000","0.00000000"],["94094.68000000","0.00063000"],["94094.60000000","0.00012000"],["94094.59000000","0.04006000"],["94094.55000000","0.12085000"],["94094.54000000","0.00000000"],["94094.53000000","0.00000000"],["94094.16000000","0.00000000"],["94094.15000000","0.00000000"],["94094.00000000","0.00000000"],["94093.90000000","0.00000000"],["94093.89000000","0.00000000"],["94093.85000000","0.00000000"],["94093.40000000","0.00000000"],["94093.36000000","0.00012000"],["94093.35000000","0.00000000"],["94093.00000000","0.00155000"],["94092.90000000","0.00000000"],["94092.52000000","0.00000000"],["94092.20000000","0.00000000"],["94092.16000000","0.00010000"],["94092.01000000","0.00000000"],["94092.00000000","0.00000000"],["94091.85000000","0.01361000"],["94091.56000000","0.00012000"],["94091.55000000","0.09592000"],["94091.34000000","0.00000000"],["94091.27000000","0.04210000"],["94091.04000000","0.00000000"],["94091.02000000","0.00006000"],["94090.90000000","0.70128000"],["94090.50000000","0.04256000"],["94090.49000000","0.08000000"],["94090.34000000","0.00000000"],["94090.22000000","0.00000000"],["94089.25000000","0.00010000"],["94088.94000000","0.01355000"],["94088.64000000","0.00000000"],["94088.14000000","0.00000000"],["94087.21000000","0.00000000"],["94087.20000000","0.00000000"],["94087.14000000","0.00000000"],["94087.13000000","0.00000000"],["94087.00000000","0.04250000"],["94086.96000000","0.00000000"],["94086.94000000","0.00000000"],["94086.75000000","0.00000000"],["94086.44000000","0.04000000"],["94086.19000000","0.00000000"],["94085.84000000","0.00000000"],["94085.61000000","0.18026000"],["94085.54000000","0.00000000"],["94084.67000000","0.00000000"],["94084.66000000","0.05329000"],["94084.65000000","0.50241000"],["94084.55000000","0.00092000"],["94084.48000000","0.00000000"],["94084.38000000","0.00095000"],["94084.36000000","0.00000000"],["94084.18000000","0.00091000"],["94084.08000000","0.00418000"],["94083.76000000","0.00000000"],["94083.44000000","0.00000000"],["94083.43000000","0.00000000"],["94082.50000000","0.00000000"],["94082.45000000","0.00000000"],["94082.44000000","0.00000000"],["94081.95000000","0.21394000"],["94081.94000000","0.16000000"],["94081.91000000","0.32011000"],["94081.74000000","0.00000000"],["94081.57000000","0.00000000"],["94080.59000000","0.00000000"],["94079.65000000","0.00000000"],["94079.55000000","0.74046000"],["94078.94000000","0.00000000"],["94078.39000000","0.00000000"],["94078.21000000","0.00000000"],["94077.96000000","0.00000000"],["94077.41000000","0.21381000"],["94076.89000000","0.00000000"],["94076.83000000","0.00000000"],["94076.58000000","0.00000000"],["94076.02000000","0.00000000"],["94075.77000000","0.00000000"],["94075.69000000","0.00000000"],["94075.49000000","0.00000000"],["94075.33000000","0.00000000"],["94075.23000000","0.00000000"],["94075.22000000","0.00000000"],["94075.19000000","0.00000000"],["94075.10000000","0.00000000"],["94075.05000000","0.21381000"],["94074.89000000","0.00000000"],["94074.84000000","0.36687000"],["94073.53000000","1.00000000"],["94073.29000000","0.00000000"],["94072.81000000","0.00212000"],["94072.23000000","0.00000000"],["94072.21000000","0.00000000"],["94071.45000000","0.00000000"],["94071.22000000","0.05760000"],["94070.55000000","0.00000000"],["94070.53000000","0.00300000"],["94070.43000000","0.00000000"],["94070.17000000","0.00496000"],["94070.13000000","0.00000000"],["94069.56000000","1.71052000"],["94069.55000000","1.47683000"],["94069.54000000","0.00000000"],["94068.84000000","0.79715000"],["94068.69000000","0.00000000"],["94068.54000000","0.31886000"],["94068.42000000","0.00000000"],["94068.08000000","0.06349000"],["94067.77000000","0.00000000"],["94066.99000000","0.10306000"],["94066.74000000","0.00000000"],["94066.41000000","0.00531000"],["94064.97000000","1.47426000"],["94064.61000000","0.00000000"],["94064.45000000","0.00000000"],["94062.28000000","0.10994000"],["94062.27000000","0.00000000"],["94061.98000000","0.00000000"],["94061.87000000","1.71052000"],["94061.55000000","0.00000000"],["94060.74000000","0.00000000"],["94059.13000000","0.00000000"],["94058.55000000","0.00000000"],["94058.43000000","0.00000000"],["94055.80000000","0.00000000"],["94055.74000000","0.00000000"],["94055.43000000","0.00000000"],["94055.23000000","0.00000000"],["94055.15000000","0.00000000"],["94054.88000000","0.76526000"],["94053.89000000","0.00000000"],["94053.87000000","0.00000000"],["94051.83000000","2.00000000"],["94051.35000000","0.00000000"],["94049.23000000","0.00000000"],["94048.74000000","0.44875000"],["94048.16000000","0.02973000"],["94047.99000000","1.03644000"],["94047.87000000","0.00000000"],["94047.82000000","0.00000000"],["94046.85000000","0.00000000"],["94046.66000000","0.10560000"],["94046.10000000","0.00000000"],["94045.83000000","0.00000000"],["94045.63000000","0.00000000"],["94045.53000000","0.05697000"],["94045.03000000","0.00000000"],["94042.18000000","0.00000000"],["94042.15000000","0.00000000"],["94040.82000000","0.79715000"],["94039.59000000","0.00054000"],["94039.01000000","0.00000000"],["94035.84000000","0.94824000"],["94035.83000000","0.76542000"],["94035.01000000","0.00000000"],["94033.49000000","0.00000000"],["94031.70000000","0.00000000"],["94030.90000000","0.31886000"],["94029.61000000","0.00000000"],["94029.20000000","0.00000000"],["94029.08000000","0.07128000"],["94028.57000000","0.00265000"],["94028.56000000","0.00766000"],["94026.66000000","0.63746000"],["94025.23000000","1.52452000"],["94023.65000000","0.00000000"],["94022.86000000","1.99512000"],["94021.60000000","0.00000000"],["94020.01000000","0.00000000"],["94017.54000000","0.00000000"],["94008.79000000","0.00000000"],["94004.91000000","0.03422000"],["94004.05000000","0.07212000"],["94003.29000000","0.00000000"],["93999.69000000","0.05760000"],["93996.01000000","0.04144000"],["93994.01000000","0.18237000"],["93991.48000000","0.09984000"],["93989.81000000","0.00000000"],["93989.55000000","0.00000000"],["93976.29000000","0.16492000"],["93976.18000000","0.05497000"],["93974.93000000","0.05737000"],["93974.47000000","0.05497000"],["93972.03000000","0.05497000"],["93968.41000000","0.05497000"],["93967.09000000","0.11194000"],["93962.92000000","0.05497000"],["93962.87000000","0.11499000"],["93961.94000000","0.11499000"],["93894.92000000","6.50705000"],["93876.95000000","0.00000000"],["93549.48000000","0.00000000"],["93543.72000000","0.00000000"],["92683.80000000","0.00100000"],["92646.95000000","0.04105000"],["92577.49000000","0.00000000"],["92529.99000000","0.02106000"],["88032.54000000","0.00000000"],["84685.00000000","0.00000000"],["75276.19000000","0.00052000"],["33000.00000000","2.70601000"]],"s":"BTCUSDT","e":"depthUpdate","E":1745777413014,"U":67663543421,"u":67663544231}
Received message: {"a":[["94095.24000000","5.36495000"],["94095.25000000","0.00664000"],["94095.30000000","0.00006000"],["94095.38000000","0.00016000"],["94095.42000000","0.00013000"],["94095.49000000","0.00006000"],["94095.50000000","0.00006000"],["94095.85000000","0.00007000"],["94095.90000000","0.00000000"],["94095.99000000","0.00110000"],["94096.05000000","0.29925000"],["94096.06000000","0.22934000"],["94096.07000000","0.70124000"],["94096.86000000","0.00000000"],["94096.88000000","0.00000000"],["94096.89000000","0.00000000"],["94097.50000000","0.04256000"],["94097.69000000","0.00000000"],["94098.73000000","0.01589000"],["94099.14000000","0.01587000"],["94099.34000000","0.00000000"],["94099.72000000","0.08015000"],["94099.94000000","0.00526000"],["94099.97000000","0.00000000"],["94099.98000000","0.21381000"],["94099.99000000","0.35626000"],["94101.62000000","0.00000000"],["94101.80000000","0.00000000"],["94101.94000000","0.00000000"],["94103.19000000","0.00000000"],["94103.26000000","0.00000000"],["94103.32000000","0.00000000"],["94103.41000000","0.00000000"],["94103.65000000","0.00000000"],["94104.36000000","0.00000000"],["94104.82000000","0.31886000"],["94105.23000000","0.00000000"],["94105.35000000","0.43755000"],["94105.53000000","0.00000000"],["94106.36000000","0.00531000"],["94107.00000000","0.04000000"],["94107.34000000","0.02295000"],["94107.60000000","0.00000000"],["94107.99000000","0.00000000"],["94108.23000000","0.00000000"],["94108.41000000","0.00000000"],["94109.06000000","0.00013000"],["94109.07000000","0.08015000"],["94109.08000000","0.00000000"],["94109.09000000","1.73546000"],["94109.11000000","0.21381000"],["94109.33000000","0.04800000"],["94109.89000000","0.00000000"],["94109.92000000","0.00000000"],["94109.93000000","0.00000000"],["94110.03000000","0.00000000"],["94110.40000000","0.99735000"],["94111.14000000","0.04000000"],["94111.53000000","0.00000000"],["94111.59000000","0.00000000"],["94112.05000000","0.00000000"],["94112.07000000","1.00000000"],["94112.56000000","0.00106000"],["94112.81000000","0.06349000"],["94113.04000000","1.57732000"],["94113.09000000","0.00000000"],["94113.48000000","0.00000000"],["94113.61000000","0.00000000"],["94113.62000000","0.00000000"],["94114.64000000","0.00000000"],["94115.22000000","0.00000000"],["94115.66000000","0.00000000"],["94115.69000000","0.00531000"],["94115.82000000","0.00000000"],["94116.30000000","0.00010000"],["94117.91000000","0.00000000"],["94119.47000000","0.04716000"],["94119.88000000","0.00000000"],["94120.74000000","0.00000000"],["94121.20000000","0.00000000"],["94121.22000000","0.00000000"],["94123.17000000","0.00000000"],["94123.42000000","0.00000000"],["94123.54000000","0.00000000"],["94123.63000000","0.00000000"],["94124.18000000","0.04243000"],["94124.54000000","0.00000000"],["94124.62000000","0.00000000"],["94124.77000000","0.79715000"],["94124.82000000","0.00000000"],["94125.43000000","0.08015000"],["94125.69000000","0.11017000"],["94127.82000000","0.00000000"],["94127.94000000","0.00000000"],["94128.86000000","0.00000000"],["94128.90000000","2.00000000"],["94129.99000000","0.00000000"],["94130.76000000","1.60418000"],["94130.94000000","0.79715000"],["94131.43000000","0.76464000"],["94131.51000000","0.00000000"],["94132.00000000","0.00235000"],["94132.57000000","0.06852000"],["94136.72000000","0.00000000"],["94137.91000000","0.76459000"],["94138.18000000","0.44616000"],["94140.15000000","0.98044000"],["94140.78000000","0.00000000"],["94142.30000000","0.00000000"],["94142.61000000","0.31886000"],["94144.57000000","0.52546000"],["94146.86000000","0.00000000"],["94146.87000000","0.00000000"],["94148.06000000","0.10477000"],["94148.39000000","0.00000000"],["94150.73000000","0.00000000"],["94151.73000000","0.00000000"],["94154.75000000","0.00000000"],["94155.02000000","0.00000000"],["94156.07000000","0.00000000"],["94157.30000000","0.00000000"],["94157.39000000","0.00000000"],["94159.20000000","0.42514000"],["94160.73000000","0.00000000"],["94160.74000000","0.00000000"],["94162.02000000","0.00011000"],["94164.34000000","0.00000000"],["94170.96000000","0.00000000"],["94231.19000000","0.00000000"],["94233.20000000","0.00400000"],["94243.22000000","0.00035000"],["94245.31000000","0.00000000"],["94282.17000000","0.00000000"],["94287.53000000","0.00000000"],["94289.13000000","0.00000000"],["94310.63000000","6.44278000"],["95506.67000000","0.00000000"]],"b":[["94095.23000000","1.08126000"],["94095.22000000","0.00138000"],["94095.21000000","0.00018000"],["94095.13000000","0.00006000"],["94095.11000000","0.00018000"],["94095.10000000","0.02140000"],["94095.08000000","0.00066000"],["94095.07000000","0.00000000"],["94094.99000000","0.00000000"],["94094.69000000","0.00000000"],["94094.68000000","0.00063000"],["94094.60000000","0.00012000"],["94094.59000000","0.04006000"],["94094.55000000","0.12085000"],["94094.54000000","0.00000000"],["94094.53000000","0.00000000"],["94094.16000000","0.00000000"],["94094.15000000","0.00000000"],["94094.00000000","0.00000000"],["94093.90000000","0.00000000"],["94093.89000000","0.00000000"],["94093.85000000","0.00000000"],["94093.40000000","0.00000000"],["94093.36000000","0.00012000"],["94093.35000000","0.00000000"],["94093.00000000","0.00155000"],["94092.90000000","0.00000000"],["94092.52000000","0.00000000"],["94092.20000000","0.00000000"],["94092.16000000","0.00010000"],["94092.01000000","0.00000000"],["94092.00000000","0.00000000"],["94091.85000000","0.01361000"],["94091.56000000","0.00012000"],["94091.55000000","0.09592000"],["94091.34000000","0.00000000"],["94091.27000000","0.04210000"],["94091.04000000","0.00000000"],["94091.02000000","0.00006000"],["94090.90000000","0.70128000"],["94090.50000000","0.04256000"],["94090.49000000","0.08000000"],["94090.34000000","0.00000000"],["94090.22000000","0.00000000"],["94089.25000000","0.00010000"],["94088.94000000","0.01355000"],["94088.64000000","0.00000000"],["94088.14000000","0.00000000"],["94087.21000000","0.00000000"],["94087.20000000","0.00000000"],["94087.14000000","0.00000000"],["94087.13000000","0.00000000"],["94087.00000000","0.04250000"],["94086.96000000","0.00000000"],["94086.94000000","0.00000000"],["94086.75000000","0.00000000"],["94086.44000000","0.04000000"],["94086.19000000","0.00000000"],["94085.84000000","0.00000000"],["94085.61000000","0.18026000"],["94085.54000000","0.00000000"],["94084.67000000","0.00000000"],["94084.66000000","0.05329000"],["94084.65000000","0.50241000"],["94084.55000000","0.00092000"],["94084.48000000","0.00000000"],["94084.38000000","0.00095000"],["94084.36000000","0.00000000"],["94084.18000000","0.00091000"],["94084.08000000","0.00418000"],["94083.76000000","0.00000000"],["94083.44000000","0.00000000"],["94083.43000000","0.00000000"],["94082.50000000","0.00000000"],["94082.45000000","0.00000000"],["94082.44000000","0.00000000"],["94081.95000000","0.21394000"],["94081.94000000","0.16000000"],["94081.91000000","0.32011000"],["94081.74000000","0.00000000"],["94081.57000000","0.00000000"],["94080.59000000","0.00000000"],["94079.65000000","0.00000000"],["94079.55000000","0.74046000"],["94078.94000000","0.00000000"],["94078.39000000","0.00000000"],["94078.21000000","0.00000000"],["94077.96000000","0.00000000"],["94077.41000000","0.21381000"],["94076.89000000","0.00000000"],["94076.83000000","0.00000000"],["94076.58000000","0.00000000"],["94076.02000000","0.00000000"],["94075.77000000","0.00000000"],["94075.69000000","0.00000000"],["94075.49000000","0.00000000"],["94075.33000000","0.00000000"],["94075.23000000","0.00000000"],["94075.22000000","0.00000000"],["94075.19000000","0.00000000"],["94075.10000000","0.00000000"],["94075.05000000","0.21381000"],["94074.89000000","0.00000000"],["94074.84000000","0.36687000"],["94073.53000000","1.00000000"],["94073.29000000","0.00000000"],["94072.81000000","0.00212000"],["94072.23000000","0.00000000"],["94072.21000000","0.00000000"],["94071.45000000","0.00000000"],["94071.22000000","0.05760000"],["94070.55000000","0.00000000"],["94070.53000000","0.00300000"],["94070.43000000","0.00000000"],["94070.17000000","0.00496000"],["94070.13000000","0.00000000"],["94069.56000000","1.71052000"],["94069.55000000","1.47683000"],["94069.54000000","0.00000000"],["94068.84000000","0.79715000"],["94068.69000000","0.00000000"],["94068.54000000","0.31886000"],["94068.42000000","0.00000000"],["94068.08000000","0.06349000"],["94067.77000000","0.00000000"],["94066.99000000","0.10306000"],["94066.74000000","0.00000000"],["94066.41000000","0.00531000"],["94064.97000000","1.47426000"],["94064.61000000","0.00000000"],["94064.45000000","0.00000000"],["94062.28000000","0.10994000"],["94062.27000000","0.00000000"],["94061.98000000","0.00000000"],["94061.87000000","1.71052000"],["94061.55000000","0.00000000"],["94060.74000000","0.00000000"],["94059.13000000","0.00000000"],["94058.55000000","0.00000000"],["94058.43000000","0.00000000"],["94055.80000000","0.00000000"],["94055.74000000","0.00000000"],["94055.43000000","0.00000000"],["94055.23000000","0.00000000"],["94055.15000000","0.00000000"],["94054.88000000","0.76526000"],["94053.89000000","0.00000000"],["94053.87000000","0.00000000"],["94051.83000000","2.00000000"],["94051.35000000","0.00000000"],["94049.23000000","0.00000000"],["94048.74000000","0.44875000"],["94048.16000000","0.02973000"],["94047.99000000","1.03644000"],["94047.87000000","0.00000000"],["94047.82000000","0.00000000"],["94046.85000000","0.00000000"],["94046.66000000","0.10560000"],["94046.10000000","0.00000000"],["94045.83000000","0.00000000"],["94045.63000000","0.00000000"],["94045.53000000","0.05697000"],["94045.03000000","0.00000000"],["94042.18000000","0.00000000"],["94042.15000000","0.00000000"],["94040.82000000","0.79715000"],["94039.59000000","0.00054000"],["94039.01000000","0.00000000"],["94035.84000000","0.94824000"],["94035.83000000","0.76542000"],["94035.01000000","0.00000000"],["94033.49000000","0.00000000"],["94031.70000000","0.00000000"],["94030.90000000","0.31886000"],["94029.61000000","0.00000000"],["94029.20000000","0.00000000"],["94029.08000000","0.07128000"],["94028.57000000","0.00265000"],["94028.56000000","0.00766000"],["94026.66000000","0.63746000"],["94025.23000000","1.52452000"],["94023.65000000","0.00000000"],["94022.86000000","1.99512000"],["94021.60000000","0.00000000"],["94020.01000000","0.00000000"],["94017.54000000","0.00000000"],["94008.79000000","0.00000000"],["94004.91000000","0.03422000"],["94004.05000000","0.07212000"],["94003.29000000","0.00000000"],["93999.69000000","0.05760000"],["93996.01000000","0.04144000"],["93994.01000000","0.18237000"],["93991.48000000","0.09984000"],["93989.81000000","0.00000000"],["93989.55000000","0.00000000"],["93976.29000000","0.16492000"],["93976.18000000","0.05497000"],["93974.93000000","0.05737000"],["93974.47000000","0.05497000"],["93972.03000000","0.05497000"],["93968.41000000","0.05497000"],["93967.09000000","0.11194000"],["93962.92000000","0.05497000"],["93962.87000000","0.11499000"],["93961.94000000","0.11499000"],["93894.92000000","6.50705000"],["93876.95000000","0.00000000"],["93549.48000000","0.00000000"],["93543.72000000","0.00000000"],["92683.80000000","0.00100000"],["92646.95000000","0.04105000"],["92577.49000000","0.00000000"],["92529.99000000","0.02106000"],["88032.54000000","0.00000000"],["84685.00000000","0.00000000"],["75276.19000000","0.00052000"],["33000.00000000","2.70601000"]],"s":"BTCUSDT","e":"depthUpdate","E":1745777413014,"U":67663543421,"u":67663544231}
Received message: {"p":"94095.24000000","a":3551019215,"q":"0.02125000","s":"BTCUSDT","T":1745777413405,"e":"aggTrade","E":1745777413406,"f":4855242540,"l":4855242543,"m":false,"M":true}
Received message: {"p":"94095.24000000","a":3551019215,"q":"0.02125000","s":"BTCUSDT","T":1745777413405,"e":"aggTrade","E":1745777413406,"f":4855242540,"l":4855242543,"m":false,"M":true}
Received message: {"a":[["94095.24000000","4.46448000"],["94095.38000000","0.00006000"],["94096.04000000","0.00012000"],["94096.05000000","0.09659000"],["94096.06000000","0.22916000"],["94096.07000000","0.00006000"],["94096.91000000","0.00000000"],["94097.23000000","0.00000000"],["94097.47000000","0.00012000"],["94097.50000000","0.04250000"],["94099.01000000","0.00000000"],["94099.33000000","0.00000000"],["94099.36000000","0.00000000"],["94099.37000000","0.00000000"],["94099.48000000","0.00012000"],["94099.49000000","0.41527000"],["94099.50000000","0.70116000"],["94099.54000000","0.00000000"],["94099.72000000","0.00000000"],["94099.98000000","0.00000000"],["94099.99000000","0.00010000"],["94100.95000000","0.00382000"],["94100.96000000","0.00382000"],["94101.16000000","0.00010000"],["94101.37000000","0.21381000"],["94101.38000000","0.21381000"],["94101.47000000","0.01355000"],["94101.58000000","0.02295000"],["94102.35000000","0.00000000"],["94102.58000000","0.00000000"],["94102.66000000","0.00000000"],["94102.75000000","0.00000000"],["94102.78000000","0.00000000"],["94102.81000000","0.00000000"],["94103.06000000","0.00000000"],["94103.28000000","0.00000000"],["94103.45000000","0.00000000"],["94103.59000000","0.00000000"],["94104.83000000","0.00010000"],["94105.19000000","0.00000000"],["94105.25000000","0.21381000"],["94105.26000000","1.71052000"],["94105.60000000","0.21381000"],["94106.36000000","0.00095000"],["94106.37000000","0.00000000"],["94106.46000000","0.00090000"],["94106.71000000","0.00000000"],["94107.34000000","0.00000000"],["94107.85000000","0.00000000"],["94109.06000000","0.21394000"],["94109.07000000","0.00000000"],["94109.09000000","1.57675000"],["94109.10000000","0.00000000"],["94109.11000000","0.00000000"],["94109.35000000","0.00011000"],["94110.39000000","0.00000000"],["94110.97000000","0.21381000"],["94111.14000000","0.00000000"],["94111.29000000","0.07680000"],["94111.55000000","1.00000000"],["94111.71000000","0.00000000"],["94111.83000000","0.00531000"],["94112.07000000","0.00000000"],["94112.45000000","1.71052000"],["94113.03000000","0.00000000"],["94113.04000000","1.14048000"],["94113.05000000","0.42514000"],["94113.11000000","0.00000000"],["94113.45000000","0.21381000"],["94114.34000000","0.04000000"],["94114.68000000","0.00000000"],["94114.74000000","0.21381000"],["94114.77000000","0.00000000"],["94115.20000000","0.53151000"],["94115.69000000","0.00000000"],["94116.03000000","0.00000000"],["94116.75000000","0.00000000"],["94116.77000000","0.00000000"],["94117.23000000","0.21381000"],["94118.56000000","0.00000000"],["94119.47000000","0.00000000"],["94120.30000000","0.00531000"],["94120.46000000","0.00000000"],["94121.11000000","0.00000000"],["94122.33000000","0.21381000"],["94123.13000000","0.00000000"],["94123.43000000","1.48202000"],["94123.46000000","0.00000000"],["94123.47000000","0.05377000"],["94124.18000000","0.00000000"],["94125.35000000","0.00000000"],["94127.86000000","2.00000000"],["94128.90000000","0.00000000"],["94130.44000000","0.17753000"],["94130.98000000","0.00000000"],["94131.43000000","0.00000000"],["94134.12000000","0.00000000"],["94134.51000000","0.04716000"],["94135.16000000","0.00000000"],["94138.30000000","0.00000000"],["94138.99000000","0.30600000"],["94139.65000000","0.04243000"],["94149.74000000","0.05000000"],["94150.75000000","1.06315000"],["94152.36000000","0.76447000"],["94159.60000000","0.53143000"],["94165.93000000","0.00174000"],["94165.94000000","0.04800000"],["94168.93000000","0.00000000"],["94174.33000000","0.00000000"],["94179.16000000","0.00149000"],["94223.78000000","0.00000000"],["94233.20000000","0.00000000"],["94259.56000000","0.00000000"],["94260.10000000","0.00000000"],["94265.22000000","0.00000000"],["94265.32000000","0.00400000"],["94304.60000000","6.60093000"],["94310.63000000","0.00000000"],["95506.67000000","0.00100000"]],"b":[["94095.23000000","2.73478000"],["94095.22000000","0.00186000"],["94094.65000000","0.00010000"],["94094.56000000","0.00012000"],["94094.55000000","0.12085000"],["94094.34000000","0.01361000"],["94094.00000000","0.04256000"],["94093.63000000","0.00006000"],["94093.62000000","0.39144000"],["94093.61000000","0.70126000"],["94093.36000000","0.00000000"],["94092.90000000","0.00006000"],["94092.16000000","0.00000000"],["94092.00000000","0.04256000"],["94091.85000000","0.00000000"],["94091.79000000","0.31444000"],["94091.56000000","0.00000000"],["94091.55000000","0.09586000"],["94091.27000000","0.04204000"],["94091.02000000","0.00000000"],["94090.90000000","0.00000000"],["94090.50000000","0.04250000"],["94089.25000000","0.00000000"],["94089.13000000","0.14862000"],["94088.91000000","0.00000000"],["94085.63000000","0.41003000"],["94085.62000000","0.45148000"],["94085.61000000","0.00000000"],["94085.58000000","0.00000000"],["94084.38000000","0.00000000"],["94084.18000000","0.00000000"],["94081.02000000","0.00560000"],["94079.91000000","0.02000000"],["94079.56000000","0.21381000"],["94079.55000000","1.62823000"],["94078.96000000","0.05280000"],["94078.89000000","0.10080000"],["94078.86000000","0.01587000"],["94078.33000000","0.36761000"],["94077.42000000","0.00000000"],["94077.41000000","1.92433000"],["94076.81000000","1.00000000"],["94076.56000000","0.08015000"],["94075.25000000","0.00013000"],["94075.23000000","0.05280000"],["94075.21000000","0.04800000"],["94075.04000000","0.71181000"],["94074.84000000","0.00000000"],["94074.25000000","0.09600000"],["94073.53000000","0.00000000"],["94071.51000000","0.00000000"],["94071.34000000","0.00000000"],["94070.42000000","0.63637000"],["94069.28000000","0.04800000"],["94067.09000000","0.00000000"],["94066.45000000","0.00000000"],["94065.71000000","0.00000000"],["94065.65000000","0.00000000"],["94064.76000000","0.00000000"],["94063.77000000","0.15900000"],["94061.75000000","0.00000000"],["94061.01000000","0.00000000"],["94058.39000000","2.00000000"],["94055.27000000","0.00000000"],["94051.83000000","0.00000000"],["94037.65000000","0.63740000"],["94026.66000000","0.00000000"],["94025.27000000","0.03422000"],["94023.30000000","0.00000000"],["94018.42000000","0.02000000"],["94018.41000000","0.10080000"],["94013.77000000","0.09600000"],["94013.72000000","0.00000000"],["94004.91000000","0.00000000"],["94003.65000000","0.02949000"],["93999.69000000","0.00000000"],["93995.10000000","0.00000000"],["93991.25000000","0.00000000"],["93990.15000000","0.00000000"],["93968.65000000","0.05997000"],["93967.09000000","0.53888000"],["93966.00000000","0.05997000"],["93962.48000000","0.05997000"],["93957.64000000","0.05997000"],["93953.19000000","0.05997000"],["93950.29000000","0.05997000"],["93894.92000000","0.00000000"],["93886.84000000","6.62467000"],["93868.22000000","0.00000000"],["93851.04000000","0.00553000"],["93546.84000000","0.10632000"],["92683.80000000","0.00000000"],["92646.95000000","0.00000000"],["89300.00000000","0.68201000"],["84685.00000000","0.00000000"],["76500.00000000","47.47523000"],["75276.19000000","0.00052000"],["33000.00000000","2.70601000"],["20002.00000000","0.00000000"],["20001.00000000","0.03474000"]],"s":"BTCUSDT","e":"depthUpdate","E":1745777414014,"U":67663544232,"u":67663544693}
Received message: {"a":[["94095.24000000","4.46448000"],["94095.38000000","0.00006000"],["94096.04000000","0.00012000"],["94096.05000000","0.09659000"],["94096.06000000","0.22916000"],["94096.07000000","0.00006000"],["94096.91000000","0.00000000"],["94097.23000000","0.00000000"],["94097.47000000","0.00012000"],["94097.50000000","0.04250000"],["94099.01000000","0.00000000"],["94099.33000000","0.00000000"],["94099.36000000","0.00000000"],["94099.37000000","0.00000000"],["94099.48000000","0.00012000"],["94099.49000000","0.41527000"],["94099.50000000","0.70116000"],["94099.54000000","0.00000000"],["94099.72000000","0.00000000"],["94099.98000000","0.00000000"],["94099.99000000","0.00010000"],["94100.95000000","0.00382000"],["94100.96000000","0.00382000"],["94101.16000000","0.00010000"],["94101.37000000","0.21381000"],["94101.38000000","0.21381000"],["94101.47000000","0.01355000"],["94101.58000000","0.02295000"],["94102.35000000","0.00000000"],["94102.58000000","0.00000000"],["94102.66000000","0.00000000"],["94102.75000000","0.00000000"],["94102.78000000","0.00000000"],["94102.81000000","0.00000000"],["94103.06000000","0.00000000"],["94103.28000000","0.00000000"],["94103.45000000","0.00000000"],["94103.59000000","0.00000000"],["94104.83000000","0.00010000"],["94105.19000000","0.00000000"],["94105.25000000","0.21381000"],["94105.26000000","1.71052000"],["94105.60000000","0.21381000"],["94106.36000000","0.00095000"],["94106.37000000","0.00000000"],["94106.46000000","0.00090000"],["94106.71000000","0.00000000"],["94107.34000000","0.00000000"],["94107.85000000","0.00000000"],["94109.06000000","0.21394000"],["94109.07000000","0.00000000"],["94109.09000000","1.57675000"],["94109.10000000","0.00000000"],["94109.11000000","0.00000000"],["94109.35000000","0.00011000"],["94110.39000000","0.00000000"],["94110.97000000","0.21381000"],["94111.14000000","0.00000000"],["94111.29000000","0.07680000"],["94111.55000000","1.00000000"],["94111.71000000","0.00000000"],["94111.83000000","0.00531000"],["94112.07000000","0.00000000"],["94112.45000000","1.71052000"],["94113.03000000","0.00000000"],["94113.04000000","1.14048000"],["94113.05000000","0.42514000"],["94113.11000000","0.00000000"],["94113.45000000","0.21381000"],["94114.34000000","0.04000000"],["94114.68000000","0.00000000"],["94114.74000000","0.21381000"],["94114.77000000","0.00000000"],["94115.20000000","0.53151000"],["94115.69000000","0.00000000"],["94116.03000000","0.00000000"],["94116.75000000","0.00000000"],["94116.77000000","0.00000000"],["94117.23000000","0.21381000"],["94118.56000000","0.00000000"],["94119.47000000","0.00000000"],["94120.30000000","0.00531000"],["94120.46000000","0.00000000"],["94121.11000000","0.00000000"],["94122.33000000","0.21381000"],["94123.13000000","0.00000000"],["94123.43000000","1.48202000"],["94123.46000000","0.00000000"],["94123.47000000","0.05377000"],["94124.18000000","0.00000000"],["94125.35000000","0.00000000"],["94127.86000000","2.00000000"],["94128.90000000","0.00000000"],["94130.44000000","0.17753000"],["94130.98000000","0.00000000"],["94131.43000000","0.00000000"],["94134.12000000","0.00000000"],["94134.51000000","0.04716000"],["94135.16000000","0.00000000"],["94138.30000000","0.00000000"],["94138.99000000","0.30600000"],["94139.65000000","0.04243000"],["94149.74000000","0.05000000"],["94150.75000000","1.06315000"],["94152.36000000","0.76447000"],["94159.60000000","0.53143000"],["94165.93000000","0.00174000"],["94165.94000000","0.04800000"],["94168.93000000","0.00000000"],["94174.33000000","0.00000000"],["94179.16000000","0.00149000"],["94223.78000000","0.00000000"],["94233.20000000","0.00000000"],["94259.56000000","0.00000000"],["94260.10000000","0.00000000"],["94265.22000000","0.00000000"],["94265.32000000","0.00400000"],["94304.60000000","6.60093000"],["94310.63000000","0.00000000"],["95506.67000000","0.00100000"]],"b":[["94095.23000000","2.73478000"],["94095.22000000","0.00186000"],["94094.65000000","0.00010000"],["94094.56000000","0.00012000"],["94094.55000000","0.12085000"],["94094.34000000","0.01361000"],["94094.00000000","0.04256000"],["94093.63000000","0.00006000"],["94093.62000000","0.39144000"],["94093.61000000","0.70126000"],["94093.36000000","0.00000000"],["94092.90000000","0.00006000"],["94092.16000000","0.00000000"],["94092.00000000","0.04256000"],["94091.85000000","0.00000000"],["94091.79000000","0.31444000"],["94091.56000000","0.00000000"],["94091.55000000","0.09586000"],["94091.27000000","0.04204000"],["94091.02000000","0.00000000"],["94090.90000000","0.00000000"],["94090.50000000","0.04250000"],["94089.25000000","0.00000000"],["94089.13000000","0.14862000"],["94088.91000000","0.00000000"],["94085.63000000","0.41003000"],["94085.62000000","0.45148000"],["94085.61000000","0.00000000"],["94085.58000000","0.00000000"],["94084.38000000","0.00000000"],["94084.18000000","0.00000000"],["94081.02000000","0.00560000"],["94079.91000000","0.02000000"],["94079.56000000","0.21381000"],["94079.55000000","1.62823000"],["94078.96000000","0.05280000"],["94078.89000000","0.10080000"],["94078.86000000","0.01587000"],["94078.33000000","0.36761000"],["94077.42000000","0.00000000"],["94077.41000000","1.92433000"],["94076.81000000","1.00000000"],["94076.56000000","0.08015000"],["94075.25000000","0.00013000"],["94075.23000000","0.05280000"],["94075.21000000","0.04800000"],["94075.04000000","0.71181000"],["94074.84000000","0.00000000"],["94074.25000000","0.09600000"],["94073.53000000","0.00000000"],["94071.51000000","0.00000000"],["94071.34000000","0.00000000"],["94070.42000000","0.63637000"],["94069.28000000","0.04800000"],["94067.09000000","0.00000000"],["94066.45000000","0.00000000"],["94065.71000000","0.00000000"],["94065.65000000","0.00000000"],["94064.76000000","0.00000000"],["94063.77000000","0.15900000"],["94061.75000000","0.00000000"],["94061.01000000","0.00000000"],["94058.39000000","2.00000000"],["94055.27000000","0.00000000"],["94051.83000000","0.00000000"],["94037.65000000","0.63740000"],["94026.66000000","0.00000000"],["94025.27000000","0.03422000"],["94023.30000000","0.00000000"],["94018.42000000","0.02000000"],["94018.41000000","0.10080000"],["94013.77000000","0.09600000"],["94013.72000000","0.00000000"],["94004.91000000","0.00000000"],["94003.65000000","0.02949000"],["93999.69000000","0.00000000"],["93995.10000000","0.00000000"],["93991.25000000","0.00000000"],["93990.15000000","0.00000000"],["93968.65000000","0.05997000"],["93967.09000000","0.53888000"],["93966.00000000","0.05997000"],["93962.48000000","0.05997000"],["93957.64000000","0.05997000"],["93953.19000000","0.05997000"],["93950.29000000","0.05997000"],["93894.92000000","0.00000000"],["93886.84000000","6.62467000"],["93868.22000000","0.00000000"],["93851.04000000","0.00553000"],["93546.84000000","0.10632000"],["92683.80000000","0.00000000"],["92646.95000000","0.00000000"],["89300.00000000","0.68201000"],["84685.00000000","0.00000000"],["76500.00000000","47.47523000"],["75276.19000000","0.00052000"],["33000.00000000","2.70601000"],["20002.00000000","0.00000000"],["20001.00000000","0.03474000"]],"s":"BTCUSDT","e":"depthUpdate","E":1745777414014,"U":67663544232,"u":67663544693}
Received message: {"p":"94095.23000000","a":3551019216,"q":"0.00034000","s":"BTCUSDT","T":1745777414597,"e":"aggTrade","E":1745777414597,"f":4855242544,"l":4855242544,"m":true,"M":true}
Received message: {"p":"94095.23000000","a":3551019216,"q":"0.00034000","s":"BTCUSDT","T":1745777414597,"e":"aggTrade","E":1745777414597,"f":4855242544,"l":4855242544,"m":true,"M":true}
Received message: {"p":"94095.23000000","a":3551019217,"q":"0.00009000","s":"BTCUSDT","T":1745777414769,"e":"aggTrade","E":1745777414769,"f":4855242545,"l":4855242545,"m":true,"M":true}
Received message: {"p":"94095.23000000","a":3551019217,"q":"0.00009000","s":"BTCUSDT","T":1745777414769,"e":"aggTrade","E":1745777414769,"f":4855242545,"l":4855242545,"m":true,"M":true}
Received message: {"p":"94095.24000000","a":3551019218,"q":"0.00160000","s":"BTCUSDT","T":1745777414835,"e":"aggTrade","E":1745777414835,"f":4855242546,"l":4855242547,"m":false,"M":true}
Received message: {"p":"94095.24000000","a":3551019218,"q":"0.00160000","s":"BTCUSDT","T":1745777414835,"e":"aggTrade","E":1745777414835,"f":4855242546,"l":4855242547,"m":false,"M":true}
Received message: {"a":[["94095.24000000","4.46324000"],["94099.14000000","0.00000000"],["94101.03000000","0.01587000"],["94109.71000000","0.00106000"],["94112.56000000","0.00000000"],["94126.99000000","2.17621000"],["94133.54000000","0.05000000"],["94149.74000000","0.00000000"],["94157.30000000","0.59029000"],["94166.91000000","0.00000000"],["95506.67000000","0.00000000"]],"b":[["94095.23000000","2.73441000"],["94095.22000000","0.00180000"],["94093.43000000","0.00007000"],["94080.78000000","0.01587000"],["94078.86000000","0.00000000"],["94076.49000000","0.76117000"],["94070.42000000","0.00000000"],["94063.77000000","0.00000000"],["94061.57000000","0.00000000"],["94059.92000000","0.00000000"],["94059.91000000","0.15900000"],["94058.90000000","0.00000000"],["94051.57000000","0.11139000"],["94046.66000000","0.00000000"],["94037.65000000","0.00000000"],["94034.40000000","0.63741000"],["94026.45000000","1.05337000"],["94025.27000000","0.00000000"],["94023.30000000","0.00560000"],["94014.30000000","0.03422000"],["94013.72000000","0.04800000"],["93995.10000000","0.05280000"],["93961.35000000","0.92619000"],["93959.82000000","1.75894000"],["92683.80000000","0.00100000"],["88032.54000000","0.00083000"],["84685.00000000","0.00000000"],["75276.19000000","0.00052000"],["33000.00000000","2.70601000"]],"s":"BTCUSDT","e":"depthUpdate","E":1745777415014,"U":67663544694,"u":67663544756}
Received message: {"a":[["94095.24000000","4.46324000"],["94099.14000000","0.00000000"],["94101.03000000","0.01587000"],["94109.71000000","0.00106000"],["94112.56000000","0.00000000"],["94126.99000000","2.17621000"],["94133.54000000","0.05000000"],["94149.74000000","0.00000000"],["94157.30000000","0.59029000"],["94166.91000000","0.00000000"],["95506.67000000","0.00000000"]],"b":[["94095.23000000","2.73441000"],["94095.22000000","0.00180000"],["94093.43000000","0.00007000"],["94080.78000000","0.01587000"],["94078.86000000","0.00000000"],["94076.49000000","0.76117000"],["94070.42000000","0.00000000"],["94063.77000000","0.00000000"],["94061.57000000","0.00000000"],["94059.92000000","0.00000000"],["94059.91000000","0.15900000"],["94058.90000000","0.00000000"],["94051.57000000","0.11139000"],["94046.66000000","0.00000000"],["94037.65000000","0.00000000"],["94034.40000000","0.63741000"],["94026.45000000","1.05337000"],["94025.27000000","0.00000000"],["94023.30000000","0.00560000"],["94014.30000000","0.03422000"],["94013.72000000","0.04800000"],["93995.10000000","0.05280000"],["93961.35000000","0.92619000"],["93959.82000000","1.75894000"],["92683.80000000","0.00100000"],["88032.54000000","0.00083000"],["84685.00000000","0.00000000"],["75276.19000000","0.00052000"],["33000.00000000","2.70601000"]],"s":"BTCUSDT","e":"depthUpdate","E":1745777415014,"U":67663544694,"u":67663544756}
Received message: {"p":"94095.24000000","a":3551019219,"q":"0.06401000","s":"BTCUSDT","T":1745777415486,"e":"aggTrade","E":1745777415486,"f":4855242548,"l":4855242548,"m":false,"M":true}
Received message: {"p":"94095.24000000","a":3551019219,"q":"0.06401000","s":"BTCUSDT","T":1745777415486,"e":"aggTrade","E":1745777415486,"f":4855242548,"l":4855242548,"m":false,"M":true}
Received message: {"p":"94095.23000000","a":3551019220,"q":"0.00010000","s":"BTCUSDT","T":1745777415688,"e":"aggTrade","E":1745777415688,"f":4855242549,"l":4855242549,"m":true,"M":true}
Received message: {"p":"94095.23000000","a":3551019220,"q":"0.00010000","s":"BTCUSDT","T":1745777415688,"e":"aggTrade","E":1745777415688,"f":4855242549,"l":4855242549,"m":true,"M":true}
Received message: {"p":"94095.24000000","a":3551019221,"q":"0.12747000","s":"BTCUSDT","T":1745777415951,"e":"aggTrade","E":1745777415951,"f":4855242550,"l":4855242550,"m":false,"M":true}
Received message: {"p":"94095.24000000","a":3551019221,"q":"0.12747000","s":"BTCUSDT","T":1745777415951,"e":"aggTrade","E":1745777415951,"f":4855242550,"l":4855242550,"m":false,"M":true}
Received message: {"a":[["94095.24000000","4.27236000"],["94095.25000000","0.00694000"],["94101.58000000","0.00000000"],["94103.43000000","0.45148000"],["94104.20000000","0.00000000"],["94107.86000000","0.00000000"],["94108.90000000","0.00765000"],["94111.55000000","0.00000000"],["94111.66000000","1.00000000"],["94113.22000000","0.00000000"],["94113.61000000","0.01530000"],["94127.86000000","0.00000000"],["94128.08000000","2.00000000"],["94131.20000000","0.00000000"],["94146.28000000","0.57927000"],["95506.67000000","0.00100000"]],"b":[["94095.23000000","2.74187000"],["94089.33000000","0.00000000"],["94089.13000000","0.00000000"],["94086.99000000","0.00000000"],["94085.32000000","0.03190000"],["94076.92000000","1.00000000"],["94076.81000000","0.00000000"],["94075.37000000","0.00013000"],["94075.36000000","0.00000000"],["94075.25000000","0.00000000"],["94074.06000000","0.00000000"],["94070.40000000","0.00803000"],["94061.60000000","0.00000000"],["94060.46000000","0.00000000"],["94059.91000000","0.00000000"],["94059.29000000","0.00000000"],["94058.61000000","2.00000000"],["94058.39000000","0.00000000"],["94055.79000000","0.15900000"],["94055.49000000","0.00000000"],["94023.23000000","1.22182000"],["94003.65000000","0.00000000"],["93958.17000000","0.02643000"],["93924.40000000","0.00000000"],["92683.80000000","0.00000000"],["92577.49000000","0.00000000"],["92529.99000000","0.00000000"],["86557.89000000","0.00000000"],["84685.00000000","0.00000000"],["76500.00000000","47.47528000"],["75276.19000000","0.00052000"],["33000.00000000","2.70601000"]],"s":"BTCUSDT","e":"depthUpdate","E":1745777416014,"U":67663544757,"u":67663544847}
Received message: {"a":[["94095.24000000","4.27236000"],["94095.25000000","0.00694000"],["94101.58000000","0.00000000"],["94103.43000000","0.45148000"],["94104.20000000","0.00000000"],["94107.86000000","0.00000000"],["94108.90000000","0.00765000"],["94111.55000000","0.00000000"],["94111.66000000","1.00000000"],["94113.22000000","0.00000000"],["94113.61000000","0.01530000"],["94127.86000000","0.00000000"],["94128.08000000","2.00000000"],["94131.20000000","0.00000000"],["94146.28000000","0.57927000"],["95506.67000000","0.00100000"]],"b":[["94095.23000000","2.74187000"],["94089.33000000","0.00000000"],["94089.13000000","0.00000000"],["94086.99000000","0.00000000"],["94085.32000000","0.03190000"],["94076.92000000","1.00000000"],["94076.81000000","0.00000000"],["94075.37000000","0.00013000"],["94075.36000000","0.00000000"],["94075.25000000","0.00000000"],["94074.06000000","0.00000000"],["94070.40000000","0.00803000"],["94061.60000000","0.00000000"],["94060.46000000","0.00000000"],["94059.91000000","0.00000000"],["94059.29000000","0.00000000"],["94058.61000000","2.00000000"],["94058.39000000","0.00000000"],["94055.79000000","0.15900000"],["94055.49000000","0.00000000"],["94023.23000000","1.22182000"],["94003.65000000","0.00000000"],["93958.17000000","0.02643000"],["93924.40000000","0.00000000"],["92683.80000000","0.00000000"],["92577.49000000","0.00000000"],["92529.99000000","0.00000000"],["86557.89000000","0.00000000"],["84685.00000000","0.00000000"],["76500.00000000","47.47528000"],["75276.19000000","0.00052000"],["33000.00000000","2.70601000"]],"s":"BTCUSDT","e":"depthUpdate","E":1745777416014,"U":67663544757,"u":67663544847}
Received message: {"p":"94095.24000000","a":3551019222,"q":"0.00032000","s":"BTCUSDT","T":1745777416306,"e":"aggTrade","E":1745777416307,"f":4855242551,"l":4855242551,"m":false,"M":true}
Received message: {"p":"94095.24000000","a":3551019222,"q":"0.00032000","s":"BTCUSDT","T":1745777416306,"e":"aggTrade","E":1745777416307,"f":4855242551,"l":4855242551,"m":false,"M":true}
Received message: {"p":"94095.24000000","a":3551019223,"q":"0.00009000","s":"BTCUSDT","T":1745777416481,"e":"aggTrade","E":1745777416481,"f":4855242552,"l":4855242552,"m":false,"M":true}
Received message: {"p":"94095.24000000","a":3551019223,"q":"0.00009000","s":"BTCUSDT","T":1745777416481,"e":"aggTrade","E":1745777416481,"f":4855242552,"l":4855242552,"m":false,"M":true}
Received message: {"p":"94095.24000000","a":3551019224,"q":"0.00010000","s":"BTCUSDT","T":1745777416842,"e":"aggTrade","E":1745777416842,"f":4855242553,"l":4855242553,"m":false,"M":true}
[...]
Received trade message: {"p":"602.16000000","q":"0.00900000","s":"BNBUSDT","t":1041896362,"T":1745777438703,"e":"trade","E":1745777438704,"m":true,"M":true}
Received message: {"p":"602.16000000","q":"0.00900000","s":"BNBUSDT","t":1041896363,"T":1745777438711,"e":"trade","E":1745777438711,"m":true,"M":true}
Received trade message: {"p":"602.16000000","q":"0.00900000","s":"BNBUSDT","t":1041896363,"T":1745777438711,"e":"trade","E":1745777438711,"m":true,"M":true}
Received message: {"p":"602.16000000","q":"0.00900000","s":"BNBUSDT","t":1041896364,"T":1745777438711,"e":"trade","E":1745777438711,"m":true,"M":true}
Received trade message: {"p":"602.16000000","q":"0.00900000","s":"BNBUSDT","t":1041896364,"T":1745777438711,"e":"trade","E":1745777438711,"m":true,"M":true}
Received message: {"p":"602.16000000","q":"0.00900000","s":"BNBUSDT","t":1041896365,"T":1745777438711,"e":"trade","E":1745777438711,"m":true,"M":true}
Received trade message: {"p":"602.16000000","q":"0.00900000","s":"BNBUSDT","t":1041896365,"T":1745777438711,"e":"trade","E":1745777438711,"m":true,"M":true}
Received message: {"p":"602.16000000","q":"0.00900000","s":"BNBUSDT","t":1041896366,"T":1745777438711,"e":"trade","E":1745777438711,"m":true,"M":true}
Received trade message: {"p":"602.16000000","q":"0.00900000","s":"BNBUSDT","t":1041896366,"T":1745777438711,"e":"trade","E":1745777438711,"m":true,"M":true}
Received message: {"p":"602.16000000","q":"0.00900000","s":"BNBUSDT","t":1041896367,"T":1745777438719,"e":"trade","E":1745777438720,"m":true,"M":true}
Received trade message: {"p":"602.16000000","q":"0.00900000","s":"BNBUSDT","t":1041896367,"T":1745777438719,"e":"trade","E":1745777438720,"m":true,"M":true}
Received message: {"p":"602.16000000","q":"0.00900000","s":"BNBUSDT","t":1041896368,"T":1745777438719,"e":"trade","E":1745777438720,"m":true,"M":true}
Received trade message: {"p":"602.16000000","q":"0.00900000","s":"BNBUSDT","t":1041896368,"T":1745777438719,"e":"trade","E":1745777438720,"m":true,"M":true}
Received message: {"p":"602.16000000","q":"0.00900000","s":"BNBUSDT","t":1041896369,"T":1745777438719,"e":"trade","E":1745777438720,"m":true,"M":true}
Received trade message: {"p":"602.16000000","q":"0.00900000","s":"BNBUSDT","t":1041896369,"T":1745777438719,"e":"trade","E":1745777438720,"m":true,"M":true}
Received message: {"p":"602.16000000","q":"0.00900000","s":"BNBUSDT","t":1041896370,"T":1745777438719,"e":"trade","E":1745777438720,"m":true,"M":true}
Received trade message: {"p":"602.16000000","q":"0.00900000","s":"BNBUSDT","t":1041896370,"T":1745777438719,"e":"trade","E":1745777438720,"m":true,"M":true}
Received message: {"p":"602.16000000","q":"0.00900000","s":"BNBUSDT","t":1041896371,"T":1745777438726,"e":"trade","E":1745777438727,"m":true,"M":true}
Received trade message: {"p":"602.16000000","q":"0.00900000","s":"BNBUSDT","t":1041896371,"T":1745777438726,"e":"trade","E":1745777438727,"m":true,"M":true}
Received message: {"p":"602.16000000","q":"0.00900000","s":"BNBUSDT","t":1041896372,"T":1745777438726,"e":"trade","E":1745777438727,"m":true,"M":true}
Received trade message: {"p":"602.16000000","q":"0.00900000","s":"BNBUSDT","t":1041896372,"T":1745777438726,"e":"trade","E":1745777438727,"m":true,"M":true}
Received message: {"p":"602.16000000","q":"0.00900000","s":"BNBUSDT","t":1041896373,"T":1745777438726,"e":"trade","E":1745777438727,"m":true,"M":true}
Received trade message: {"p":"602.16000000","q":"0.00900000","s":"BNBUSDT","t":1041896373,"T":1745777438726,"e":"trade","E":1745777438727,"m":true,"M":true}
Received message: {"p":"602.16000000","q":"0.00900000","s":"BNBUSDT","t":1041896374,"T":1745777438726,"e":"trade","E":1745777438727,"m":true,"M":true}
Received trade message: {"p":"602.16000000","q":"0.00900000","s":"BNBUSDT","t":1041896374,"T":1745777438726,"e":"trade","E":1745777438727,"m":true,"M":true}
Received message: {"p":"602.16000000","q":"0.00900000","s":"BNBUSDT","t":1041896375,"T":1745777438734,"e":"trade","E":1745777438735,"m":true,"M":true}
Received trade message: {"p":"602.16000000","q":"0.00900000","s":"BNBUSDT","t":1041896375,"T":1745777438734,"e":"trade","E":1745777438735,"m":true,"M":true}
Received message: {"p":"602.16000000","q":"0.00900000","s":"BNBUSDT","t":1041896376,"T":1745777438734,"e":"trade","E":1745777438735,"m":true,"M":true}
Received trade message: {"p":"602.16000000","q":"0.00900000","s":"BNBUSDT","t":1041896376,"T":1745777438734,"e":"trade","E":1745777438735,"m":true,"M":true}
Received message: {"p":"602.16000000","q":"0.00900000","s":"BNBUSDT","t":1041896377,"T":1745777438734,"e":"trade","E":1745777438735,"m":true,"M":true}
Received trade message: {"p":"602.16000000","q":"0.00900000","s":"BNBUSDT","t":1041896377,"T":1745777438734,"e":"trade","E":1745777438735,"m":true,"M":true}
Received message: {"p":"602.16000000","q":"0.00900000","s":"BNBUSDT","t":1041896378,"T":1745777438734,"e":"trade","E":1745777438735,"m":true,"M":true}
Received trade message: {"p":"602.16000000","q":"0.00900000","s":"BNBUSDT","t":1041896378,"T":1745777438734,"e":"trade","E":1745777438735,"m":true,"M":true}
Received message: {"p":"602.16000000","q":"0.00900000","s":"BNBUSDT","t":1041896379,"T":1745777438734,"e":"trade","E":1745777438735,"m":true,"M":true}
Received trade message: {"p":"602.16000000","q":"0.00900000","s":"BNBUSDT","t":1041896379,"T":1745777438734,"e":"trade","E":1745777438735,"m":true,"M":true}
Received message: {"p":"602.16000000","q":"0.00900000","s":"BNBUSDT","t":1041896380,"T":1745777438742,"e":"trade","E":1745777438743,"m":true,"M":true}
Received trade message: {"p":"602.16000000","q":"0.00900000","s":"BNBUSDT","t":1041896380,"T":1745777438742,"e":"trade","E":1745777438743,"m":true,"M":true}
Received message: {"p":"602.16000000","q":"0.00900000","s":"BNBUSDT","t":1041896381,"T":1745777438742,"e":"trade","E":1745777438743,"m":true,"M":true}
Received trade message: {"p":"602.16000000","q":"0.00900000","s":"BNBUSDT","t":1041896381,"T":1745777438742,"e":"trade","E":1745777438743,"m":true,"M":true}
Received message: {"p":"602.16000000","q":"0.00900000","s":"BNBUSDT","t":1041896382,"T":1745777438742,"e":"trade","E":1745777438743,"m":true,"M":true}
Received trade message: {"p":"602.16000000","q":"0.00900000","s":"BNBUSDT","t":1041896382,"T":1745777438742,"e":"trade","E":1745777438743,"m":true,"M":true}
Received message: {"p":"602.16000000","q":"0.00900000","s":"BNBUSDT","t":1041896383,"T":1745777438742,"e":"trade","E":1745777438743,"m":true,"M":true}
Received trade message: {"p":"602.16000000","q":"0.00900000","s":"BNBUSDT","t":1041896383,"T":1745777438742,"e":"trade","E":1745777438743,"m":true,"M":true}
Received message: {"p":"602.16000000","q":"0.00900000","s":"BNBUSDT","t":1041896384,"T":1745777438751,"e":"trade","E":1745777438751,"m":true,"M":true}
Received trade message: {"p":"602.16000000","q":"0.00900000","s":"BNBUSDT","t":1041896384,"T":1745777438751,"e":"trade","E":1745777438751,"m":true,"M":true}
Received message: {"p":"602.16000000","q":"0.00900000","s":"BNBUSDT","t":1041896385,"T":1745777438751,"e":"trade","E":1745777438751,"m":true,"M":true}
Received trade message: {"p":"602.16000000","q":"0.00900000","s":"BNBUSDT","t":1041896385,"T":1745777438751,"e":"trade","E":1745777438751,"m":true,"M":true}
Received message: {"p":"602.16000000","q":"0.00900000","s":"BNBUSDT","t":1041896386,"T":1745777438751,"e":"trade","E":1745777438751,"m":true,"M":true}
Received trade message: {"p":"602.16000000","q":"0.00900000","s":"BNBUSDT","t":1041896386,"T":1745777438751,"e":"trade","E":1745777438751,"m":true,"M":true}
Received message: {"p":"602.16000000","q":"0.00900000","s":"BNBUSDT","t":1041896387,"T":1745777438759,"e":"trade","E":1745777438759,"m":true,"M":true}
Received trade message: {"p":"602.16000000","q":"0.00900000","s":"BNBUSDT","t":1041896387,"T":1745777438759,"e":"trade","E":1745777438759,"m":true,"M":true}
Received message: {"p":"602.16000000","q":"0.00900000","s":"BNBUSDT","t":1041896388,"T":1745777438759,"e":"trade","E":1745777438759,"m":true,"M":true}
Received trade message: {"p":"602.16000000","q":"0.00900000","s":"BNBUSDT","t":1041896388,"T":1745777438759,"e":"trade","E":1745777438759,"m":true,"M":true}
Received message: {"p":"602.16000000","q":"0.00900000","s":"BNBUSDT","t":1041896389,"T":1745777438759,"e":"trade","E":1745777438759,"m":true,"M":true}
Received trade message: {"p":"602.16000000","q":"0.00900000","s":"BNBUSDT","t":1041896389,"T":1745777438759,"e":"trade","E":1745777438759,"m":true,"M":true}
Received message: {"p":"602.16000000","q":"0.00900000","s":"BNBUSDT","t":1041896390,"T":1745777438767,"e":"trade","E":1745777438768,"m":true,"M":true}
Received trade message: {"p":"602.16000000","q":"0.00900000","s":"BNBUSDT","t":1041896390,"T":1745777438767,"e":"trade","E":1745777438768,"m":true,"M":true}
Received message: {"p":"602.16000000","q":"0.00900000","s":"BNBUSDT","t":1041896391,"T":1745777438767,"e":"trade","E":1745777438768,"m":true,"M":true}
Received trade message: {"p":"602.16000000","q":"0.00900000","s":"BNBUSDT","t":1041896391,"T":1745777438767,"e":"trade","E":1745777438768,"m":true,"M":true}
Received message: {"p":"602.16000000","q":"0.00900000","s":"BNBUSDT","t":1041896392,"T":1745777438767,"e":"trade","E":1745777438768,"m":true,"M":true}
Received trade message: {"p":"602.16000000","q":"0.00900000","s":"BNBUSDT","t":1041896392,"T":1745777438767,"e":"trade","E":1745777438768,"m":true,"M":true}
Received message: {"p":"602.16000000","q":"0.00900000","s":"BNBUSDT","t":1041896393,"T":1745777438767,"e":"trade","E":1745777438768,"m":true,"M":true}
Received trade message: {"p":"602.16000000","q":"0.00900000","s":"BNBUSDT","t":1041896393,"T":1745777438767,"e":"trade","E":1745777438768,"m":true,"M":true}
Received message: {"p":"602.16000000","q":"0.00900000","s":"BNBUSDT","t":1041896394,"T":1745777438767,"e":"trade","E":1745777438768,"m":true,"M":true}
Received trade message: {"p":"602.16000000","q":"0.00900000","s":"BNBUSDT","t":1041896394,"T":1745777438767,"e":"trade","E":1745777438768,"m":true,"M":true}
Received message: {"p":"602.16000000","q":"0.00900000","s":"BNBUSDT","t":1041896395,"T":1745777438776,"e":"trade","E":1745777438776,"m":true,"M":true}
Received trade message: {"p":"602.16000000","q":"0.00900000","s":"BNBUSDT","t":1041896395,"T":1745777438776,"e":"trade","E":1745777438776,"m":true,"M":true}
Received message: {"p":"602.16000000","q":"0.00900000","s":"BNBUSDT","t":1041896396,"T":1745777438776,"e":"trade","E":1745777438776,"m":true,"M":true}
Received trade message: {"p":"602.16000000","q":"0.00900000","s":"BNBUSDT","t":1041896396,"T":1745777438776,"e":"trade","E":1745777438776,"m":true,"M":true}
Received message: {"p":"602.16000000","q":"0.00900000","s":"BNBUSDT","t":1041896397,"T":1745777438784,"e":"trade","E":1745777438784,"m":true,"M":true}
Received trade message: {"p":"602.16000000","q":"0.00900000","s":"BNBUSDT","t":1041896397,"T":1745777438784,"e":"trade","E":1745777438784,"m":true,"M":true}
Received message: {"p":"602.16000000","q":"0.00900000","s":"BNBUSDT","t":1041896398,"T":1745777438784,"e":"trade","E":1745777438784,"m":true,"M":true}
Received trade message: {"p":"602.16000000","q":"0.00900000","s":"BNBUSDT","t":1041896398,"T":1745777438784,"e":"trade","E":1745777438784,"m":true,"M":true}
Received message: {"p":"602.16000000","q":"0.00900000","s":"BNBUSDT","t":1041896399,"T":1745777438784,"e":"trade","E":1745777438784,"m":true,"M":true}
Received trade message: {"p":"602.16000000","q":"0.00900000","s":"BNBUSDT","t":1041896399,"T":1745777438784,"e":"trade","E":1745777438784,"m":true,"M":true}
Received message: {"p":"602.16000000","q":"0.00900000","s":"BNBUSDT","t":1041896400,"T":1745777438784,"e":"trade","E":1745777438784,"m":true,"M":true}
Received trade message: {"p":"602.16000000","q":"0.00900000","s":"BNBUSDT","t":1041896400,"T":1745777438784,"e":"trade","E":1745777438784,"m":true,"M":true}
Received message: {"p":"602.16000000","q":"0.00900000","s":"BNBUSDT","t":1041896401,"T":1745777438784,"e":"trade","E":1745777438784,"m":true,"M":true}
Received trade message: {"p":"602.16000000","q":"0.00900000","s":"BNBUSDT","t":1041896401,"T":1745777438784,"e":"trade","E":1745777438784,"m":true,"M":true}
Received message: {"p":"602.16000000","q":"0.00900000","s":"BNBUSDT","t":1041896402,"T":1745777438792,"e":"trade","E":1745777438792,"m":true,"M":true}
Received trade message: {"p":"602.16000000","q":"0.00900000","s":"BNBUSDT","t":1041896402,"T":1745777438792,"e":"trade","E":1745777438792,"m":true,"M":true}
Received message: {"p":"602.16000000","q":"0.00900000","s":"BNBUSDT","t":1041896403,"T":1745777438792,"e":"trade","E":1745777438792,"m":true,"M":true}
Received trade message: {"p":"602.16000000","q":"0.00900000","s":"BNBUSDT","t":1041896403,"T":1745777438792,"e":"trade","E":1745777438792,"m":true,"M":true}
Received message: {"p":"602.16000000","q":"0.00900000","s":"BNBUSDT","t":1041896404,"T":1745777438799,"e":"trade","E":1745777438799,"m":true,"M":true}
Received trade message: {"p":"602.16000000","q":"0.00900000","s":"BNBUSDT","t":1041896404,"T":1745777438799,"e":"trade","E":1745777438799,"m":true,"M":true}
Received message: {"p":"602.16000000","q":"0.00900000","s":"BNBUSDT","t":1041896405,"T":1745777438799,"e":"trade","E":1745777438799,"m":true,"M":true}
Received trade message: {"p":"602.16000000","q":"0.00900000","s":"BNBUSDT","t":1041896405,"T":1745777438799,"e":"trade","E":1745777438799,"m":true,"M":true}
Received message: {"p":"602.16000000","q":"0.00900000","s":"BNBUSDT","t":1041896406,"T":1745777438799,"e":"trade","E":1745777438799,"m":true,"M":true}
Received trade message: {"p":"602.16000000","q":"0.00900000","s":"BNBUSDT","t":1041896406,"T":1745777438799,"e":"trade","E":1745777438799,"m":true,"M":true}
Received message: {"p":"602.16000000","q":"0.00900000","s":"BNBUSDT","t":1041896407,"T":1745777438799,"e":"trade","E":1745777438799,"m":true,"M":true}
Received trade message: {"p":"602.16000000","q":"0.00900000","s":"BNBUSDT","t":1041896407,"T":1745777438799,"e":"trade","E":1745777438799,"m":true,"M":true}
Received message: {"p":"602.16000000","q":"0.00900000","s":"BNBUSDT","t":1041896408,"T":1745777438799,"e":"trade","E":1745777438799,"m":true,"M":true}
Received trade message: {"p":"602.16000000","q":"0.00900000","s":"BNBUSDT","t":1041896408,"T":1745777438799,"e":"trade","E":1745777438799,"m":true,"M":true}
Received message: {"p":"602.16000000","q":"0.00900000","s":"BNBUSDT","t":1041896409,"T":1745777438807,"e":"trade","E":1745777438808,"m":true,"M":true}
Received trade message: {"p":"602.16000000","q":"0.00900000","s":"BNBUSDT","t":1041896409,"T":1745777438807,"e":"trade","E":1745777438808,"m":true,"M":true}
Received message: {"p":"602.16000000","q":"0.00900000","s":"BNBUSDT","t":1041896410,"T":1745777438807,"e":"trade","E":1745777438808,"m":true,"M":true}
Received trade message: {"p":"602.16000000","q":"0.00900000","s":"BNBUSDT","t":1041896410,"T":1745777438807,"e":"trade","E":1745777438808,"m":true,"M":true}
Received message: {"p":"602.16000000","q":"0.00900000","s":"BNBUSDT","t":1041896411,"T":1745777438816,"e":"trade","E":1745777438816,"m":true,"M":true}
Received trade message: {"p":"602.16000000","q":"0.00900000","s":"BNBUSDT","t":1041896411,"T":1745777438816,"e":"trade","E":1745777438816,"m":true,"M":true}
Received message: {"p":"602.16000000","q":"0.00900000","s":"BNBUSDT","t":1041896412,"T":1745777438816,"e":"trade","E":1745777438816,"m":true,"M":true}
Received trade message: {"p":"602.16000000","q":"0.00900000","s":"BNBUSDT","t":1041896412,"T":1745777438816,"e":"trade","E":1745777438816,"m":true,"M":true}
Received message: {"p":"602.16000000","q":"0.00900000","s":"BNBUSDT","t":1041896413,"T":1745777438816,"e":"trade","E":1745777438816,"m":true,"M":true}
Received trade message: {"p":"602.16000000","q":"0.00900000","s":"BNBUSDT","t":1041896413,"T":1745777438816,"e":"trade","E":1745777438816,"m":true,"M":true}
Received message: {"p":"602.16000000","q":"0.00900000","s":"BNBUSDT","t":1041896414,"T":1745777438816,"e":"trade","E":1745777438816,"m":true,"M":true}
Received trade message: {"p":"602.16000000","q":"0.00900000","s":"BNBUSDT","t":1041896414,"T":1745777438816,"e":"trade","E":1745777438816,"m":true,"M":true}
Received message: {"p":"602.16000000","q":"0.00900000","s":"BNBUSDT","t":1041896415,"T":1745777438816,"e":"trade","E":1745777438816,"m":true,"M":true}
Received trade message: {"p":"602.16000000","q":"0.00900000","s":"BNBUSDT","t":1041896415,"T":1745777438816,"e":"trade","E":1745777438816,"m":true,"M":true}
Received message: {"p":"602.16000000","q":"0.00900000","s":"BNBUSDT","t":1041896416,"T":1745777438824,"e":"trade","E":1745777438825,"m":true,"M":true}
Received trade message: {"p":"602.16000000","q":"0.00900000","s":"BNBUSDT","t":1041896416,"T":1745777438824,"e":"trade","E":1745777438825,"m":true,"M":true}
Received message: {"p":"602.16000000","q":"0.00900000","s":"BNBUSDT","t":1041896417,"T":1745777438824,"e":"trade","E":1745777438825,"m":true,"M":true}
Received trade message: {"p":"602.16000000","q":"0.00900000","s":"BNBUSDT","t":1041896417,"T":1745777438824,"e":"trade","E":1745777438825,"m":true,"M":true}
Received message: {"p":"602.16000000","q":"0.00900000","s":"BNBUSDT","t":1041896418,"T":1745777438824,"e":"trade","E":1745777438825,"m":true,"M":true}
Received trade message: {"p":"602.16000000","q":"0.00900000","s":"BNBUSDT","t":1041896418,"T":1745777438824,"e":"trade","E":1745777438825,"m":true,"M":true}
Received message: {"p":"602.16000000","q":"0.00900000","s":"BNBUSDT","t":1041896419,"T":1745777438840,"e":"trade","E":1745777438841,"m":true,"M":true}
Received trade message: {"p":"602.16000000","q":"0.00900000","s":"BNBUSDT","t":1041896419,"T":1745777438840,"e":"trade","E":1745777438841,"m":true,"M":true}
Received message: {"p":"602.16000000","q":"0.00900000","s":"BNBUSDT","t":1041896420,"T":1745777438840,"e":"trade","E":1745777438841,"m":true,"M":true}
Received trade message: {"p":"602.16000000","q":"0.00900000","s":"BNBUSDT","t":1041896420,"T":1745777438840,"e":"trade","E":1745777438841,"m":true,"M":true}
Received message: {"p":"602.16000000","q":"0.00900000","s":"BNBUSDT","t":1041896421,"T":1745777438840,"e":"trade","E":1745777438841,"m":true,"M":true}
Received trade message: {"p":"602.16000000","q":"0.00900000","s":"BNBUSDT","t":1041896421,"T":1745777438840,"e":"trade","E":1745777438841,"m":true,"M":true}
Received message: {"p":"602.16000000","q":"0.00900000","s":"BNBUSDT","t":1041896422,"T":1745777438840,"e":"trade","E":1745777438841,"m":true,"M":true}
Received trade message: {"p":"602.16000000","q":"0.00900000","s":"BNBUSDT","t":1041896422,"T":1745777438840,"e":"trade","E":1745777438841,"m":true,"M":true}
Received message: {"p":"602.16000000","q":"0.00900000","s":"BNBUSDT","t":1041896423,"T":1745777438840,"e":"trade","E":1745777438841,"m":true,"M":true}
Received trade message: {"p":"602.16000000","q":"0.00900000","s":"BNBUSDT","t":1041896423,"T":1745777438840,"e":"trade","E":1745777438841,"m":true,"M":true}
Received message: {"p":"602.16000000","q":"0.00900000","s":"BNBUSDT","t":1041896424,"T":1745777438840,"e":"trade","E":1745777438841,"m":true,"M":true}
Received trade message: {"p":"602.16000000","q":"0.00900000","s":"BNBUSDT","t":1041896424,"T":1745777438840,"e":"trade","E":1745777438841,"m":true,"M":true}
Received message: {"p":"602.16000000","q":"0.00900000","s":"BNBUSDT","t":1041896425,"T":1745777438849,"e":"trade","E":1745777438850,"m":true,"M":true}
Received trade message: {"p":"602.16000000","q":"0.00900000","s":"BNBUSDT","t":1041896425,"T":1745777438849,"e":"trade","E":1745777438850,"m":true,"M":true}
Received message: {"p":"602.16000000","q":"0.00900000","s":"BNBUSDT","t":1041896426,"T":1745777438849,"e":"trade","E":1745777438850,"m":true,"M":true}
Received trade message: {"p":"602.16000000","q":"0.00900000","s":"BNBUSDT","t":1041896426,"T":1745777438849,"e":"trade","E":1745777438850,"m":true,"M":true}
]]></system-out>
  <system-err><![CDATA[]]></system-err>
</testsuite>
